This file contains any messages produced by compilers while
running configure, to aid debugging if configure makes a mistake.

It was created by configure, which was
generated by GNU Autoconf 2.69.  Invocation command line was

  $ gcc-14.1.0/configure --target= --prefix= --disable-nls --enable-languages=c,c++ --without-headers --enable-multilib

## --------- ##
## Platform. ##
## --------- ##

hostname = leonardo-virtual-machine
uname -m = x86_64
uname -r = 6.5.0-35-generic
uname -s = Linux
uname -v = #35~22.04.1-Ubuntu SMP PREEMPT_DYNAMIC Tue May  7 09:00:52 UTC 2

/usr/bin/uname -p = x86_64
/bin/uname -X     = unknown

/bin/arch              = x86_64
/usr/bin/arch -k       = unknown
/usr/convex/getsysinfo = unknown
/usr/bin/hostinfo      = unknown
/bin/machine           = unknown
/usr/bin/oslevel       = unknown
/bin/universe          = unknown

PATH: /home/leonardo/.nvm/versions/node/v16.20.2/bin
PATH: /usr/local/sbin
PATH: /usr/local/bin
PATH: /usr/sbin
PATH: /usr/bin
PATH: /sbin
PATH: /bin
PATH: /usr/games
PATH: /usr/local/games
PATH: /snap/bin
PATH: /snap/bin


## ----------- ##
## Core tests. ##
## ----------- ##

configure:2401: checking build system type
configure:2415: result: x86_64-pc-linux-gnu
configure:2462: checking host system type
configure:2475: result: x86_64-pc-linux-gnu
configure:2495: checking target system type
configure:2508: result: x86_64-pc-linux-gnu
configure:2562: checking for a BSD-compatible install
configure:2630: result: /usr/bin/install -c
configure:2641: checking whether ln works
configure:2663: result: yes
configure:2667: checking whether ln -s works
configure:2671: result: yes
configure:2678: checking for a sed that does not truncate output
configure:2742: result: /usr/bin/sed
configure:2751: checking for gawk
configure:2781: result: no
configure:2751: checking for mawk
configure:2767: found /usr/bin/mawk
configure:2778: result: mawk
configure:3305: checking for libatomic support
configure:3315: result: yes
configure:3324: checking for libitm support
configure:3334: result: yes
configure:3343: checking for libsanitizer support
configure:3353: result: yes
configure:3362: checking for libvtv support
configure:3372: result: yes
configure:3492: checking for libphobos support
configure:3502: result: yes
configure:4211: checking for gcc
configure:4227: found /usr/bin/gcc
configure:4238: result: gcc
configure:4467: checking for C compiler version
configure:4476: gcc --version >&5
gcc (Ubuntu 11.4.0-1ubuntu1~22.04) 11.4.0
Copyright (C) 2021 Free Software Foundation, Inc.
This is free software; see the source for copying conditions.  There is NO
warranty; not even for MERCHANTABILITY or FITNESS FOR A PARTICULAR PURPOSE.

configure:4487: $? = 0
configure:4476: gcc -v >&5
Using built-in specs.
COLLECT_GCC=gcc
COLLECT_LTO_WRAPPER=/usr/lib/gcc/x86_64-linux-gnu/11/lto-wrapper
OFFLOAD_TARGET_NAMES=nvptx-none:amdgcn-amdhsa
OFFLOAD_TARGET_DEFAULT=1
Target: x86_64-linux-gnu
Configured with: ../src/configure -v --with-pkgversion='Ubuntu 11.4.0-1ubuntu1~22.04' --with-bugurl=file:///usr/share/doc/gcc-11/README.Bugs --enable-languages=c,ada,c++,go,brig,d,fortran,objc,obj-c++,m2 --prefix=/usr --with-gcc-major-version-only --program-suffix=-11 --program-prefix=x86_64-linux-gnu- --enable-shared --enable-linker-build-id --libexecdir=/usr/lib --without-included-gettext --enable-threads=posix --libdir=/usr/lib --enable-nls --enable-bootstrap --enable-clocale=gnu --enable-libstdcxx-debug --enable-libstdcxx-time=yes --with-default-libstdcxx-abi=new --enable-gnu-unique-object --disable-vtable-verify --enable-plugin --enable-default-pie --with-system-zlib --enable-libphobos-checking=release --with-target-system-zlib=auto --enable-objc-gc=auto --enable-multiarch --disable-werror --enable-cet --with-arch-32=i686 --with-abi=m64 --with-multilib-list=m32,m64,mx32 --enable-multilib --with-tune=generic --enable-offload-targets=nvptx-none=/build/gcc-11-XeT9lY/gcc-11-11.4.0/debian/tmp-nvptx/usr,amdgcn-amdhsa=/build/gcc-11-XeT9lY/gcc-11-11.4.0/debian/tmp-gcn/usr --without-cuda-driver --enable-checking=release --build=x86_64-linux-gnu --host=x86_64-linux-gnu --target=x86_64-linux-gnu --with-build-config=bootstrap-lto-lean --enable-link-serialization=2
Thread model: posix
Supported LTO compression algorithms: zlib zstd
gcc version 11.4.0 (Ubuntu 11.4.0-1ubuntu1~22.04) 
... rest of stderr output deleted ...
configure:4487: $? = 0
configure:4476: gcc -V >&5
gcc: error: unrecognized command-line option '-V'
gcc: fatal error: no input files
compilation terminated.
configure:4487: $? = 1
configure:4476: gcc -qversion >&5
gcc: error: unrecognized command-line option '-qversion'; did you mean '--version'?
gcc: fatal error: no input files
compilation terminated.
configure:4487: $? = 1
configure:4507: checking whether the C compiler works
configure:4529: gcc    conftest.c  >&5
configure:4533: $? = 0
configure:4581: result: yes
configure:4584: checking for C compiler default output file name
configure:4586: result: a.out
configure:4592: checking for suffix of executables
configure:4599: gcc -o conftest    conftest.c  >&5
configure:4603: $? = 0
configure:4625: result: 
configure:4647: checking whether we are cross compiling
configure:4655: gcc -o conftest    conftest.c  >&5
configure:4659: $? = 0
configure:4666: ./conftest
configure:4670: $? = 0
configure:4685: result: no
configure:4690: checking for suffix of object files
configure:4712: gcc -c   conftest.c >&5
configure:4716: $? = 0
configure:4737: result: o
configure:4741: checking whether we are using the GNU C compiler
configure:4760: gcc -c   conftest.c >&5
configure:4760: $? = 0
configure:4769: result: yes
configure:4778: checking whether gcc accepts -g
configure:4798: gcc -c -g  conftest.c >&5
configure:4798: $? = 0
configure:4839: result: yes
configure:4856: checking for gcc option to accept ISO C89
configure:4919: gcc  -c -g -O2  conftest.c >&5
configure:4919: $? = 0
configure:4932: result: none needed
configure:4952: checking for gcc option to accept ISO C99
configure:5101: gcc  -c -g -O2  conftest.c >&5
configure:5101: $? = 0
configure:5114: result: none needed
configure:5187: checking for g++
configure:5203: found /usr/bin/g++
configure:5214: result: g++
configure:5241: checking for C++ compiler version
configure:5250: g++ --version >&5
g++ (Ubuntu 11.4.0-1ubuntu1~22.04) 11.4.0
Copyright (C) 2021 Free Software Foundation, Inc.
This is free software; see the source for copying conditions.  There is NO
warranty; not even for MERCHANTABILITY or FITNESS FOR A PARTICULAR PURPOSE.

configure:5261: $? = 0
configure:5250: g++ -v >&5
Using built-in specs.
COLLECT_GCC=g++
COLLECT_LTO_WRAPPER=/usr/lib/gcc/x86_64-linux-gnu/11/lto-wrapper
OFFLOAD_TARGET_NAMES=nvptx-none:amdgcn-amdhsa
OFFLOAD_TARGET_DEFAULT=1
Target: x86_64-linux-gnu
Configured with: ../src/configure -v --with-pkgversion='Ubuntu 11.4.0-1ubuntu1~22.04' --with-bugurl=file:///usr/share/doc/gcc-11/README.Bugs --enable-languages=c,ada,c++,go,brig,d,fortran,objc,obj-c++,m2 --prefix=/usr --with-gcc-major-version-only --program-suffix=-11 --program-prefix=x86_64-linux-gnu- --enable-shared --enable-linker-build-id --libexecdir=/usr/lib --without-included-gettext --enable-threads=posix --libdir=/usr/lib --enable-nls --enable-bootstrap --enable-clocale=gnu --enable-libstdcxx-debug --enable-libstdcxx-time=yes --with-default-libstdcxx-abi=new --enable-gnu-unique-object --disable-vtable-verify --enable-plugin --enable-default-pie --with-system-zlib --enable-libphobos-checking=release --with-target-system-zlib=auto --enable-objc-gc=auto --enable-multiarch --disable-werror --enable-cet --with-arch-32=i686 --with-abi=m64 --with-multilib-list=m32,m64,mx32 --enable-multilib --with-tune=generic --enable-offload-targets=nvptx-none=/build/gcc-11-XeT9lY/gcc-11-11.4.0/debian/tmp-nvptx/usr,amdgcn-amdhsa=/build/gcc-11-XeT9lY/gcc-11-11.4.0/debian/tmp-gcn/usr --without-cuda-driver --enable-checking=release --build=x86_64-linux-gnu --host=x86_64-linux-gnu --target=x86_64-linux-gnu --with-build-config=bootstrap-lto-lean --enable-link-serialization=2
Thread model: posix
Supported LTO compression algorithms: zlib zstd
gcc version 11.4.0 (Ubuntu 11.4.0-1ubuntu1~22.04) 
... rest of stderr output deleted ...
configure:5261: $? = 0
configure:5250: g++ -V >&5
g++: error: unrecognized command-line option '-V'
g++: fatal error: no input files
compilation terminated.
configure:5261: $? = 1
configure:5250: g++ -qversion >&5
g++: error: unrecognized command-line option '-qversion'; did you mean '--version'?
g++: fatal error: no input files
compilation terminated.
configure:5261: $? = 1
configure:5265: checking whether we are using the GNU C++ compiler
configure:5284: g++ -c   conftest.cpp >&5
configure:5284: $? = 0
configure:5293: result: yes
configure:5302: checking whether g++ accepts -g
configure:5322: g++ -c -g  conftest.cpp >&5
configure:5322: $? = 0
configure:5363: result: yes
configure:5412: checking whether g++ accepts -static-libstdc++ -static-libgcc
configure:5429: g++ -o conftest -g -O2   -static-libstdc++ -static-libgcc conftest.cpp  >&5
configure:5429: $? = 0
configure:5430: result: yes
configure:5494: checking for gnatbind
configure:5524: result: no
configure:5586: checking for gnatmake
configure:5616: result: no
configure:5635: checking whether compiler driver understands Ada and is recent enough
configure:5662: result: no
configure:5716: checking for gdc
configure:5746: result: no
configure:5765: checking whether the D compiler works
configure:5782: result: no
configure:5794: checking for cargo
configure:5824: result: no
configure:5838: checking how to compare bootstrapped objects
configure:5863: result: cmp --ignore-initial=16 $$f1 $$f2
configure:8007: checking for objdir
configure:8022: result: .libs
configure:8192: checking for the correct version of gmp.h
configure:8211: gcc -c -g -O2   conftest.c >&5
configure:8211: $? = 0
configure:8229: gcc -c -g -O2   conftest.c >&5
configure:8229: $? = 0
configure:8230: result: yes
configure:8246: checking for the correct version of mpfr.h
configure:8264: gcc -c -g -O2   conftest.c >&5
configure:8264: $? = 0
configure:8281: gcc -c -g -O2   conftest.c >&5
configure:8281: $? = 0
configure:8282: result: yes
configure:8299: checking for the correct version of mpc.h
configure:8316: gcc -c -g -O2   conftest.c >&5
configure:8316: $? = 0
configure:8332: gcc -c -g -O2   conftest.c >&5
configure:8332: $? = 0
configure:8333: result: yes
configure:8351: checking for the correct version of the gmp/mpfr libraries
configure:8375: gcc -o conftest -g -O2    conftest.c  -lmpc -lmpfr -lgmp >&5
configure:8375: $? = 0
configure:8376: result: yes
configure:8391: checking for the correct version of the mpc libraries
configure:8412: gcc -o conftest -g -O2    conftest.c  -lmpc -lmpfr -lgmp >&5
configure:8412: $? = 0
configure:8413: result: yes
configure:8638: checking for isl 0.15 or later
configure:8651: gcc -o conftest -g -O2      -lisl -lmpc -lmpfr -lgmp conftest.c  -lisl -lgmp >&5
configure:8651: $? = 0
configure:8658: result: yes
configure:9927: checking for default BUILD_CONFIG
configure:9959: result: bootstrap-debug
configure:9964: checking for --enable-vtable-verify
configure:9977: result: no
configure:10654: checking for bison
configure:10670: found /usr/bin/bison
configure:10681: result: bison -y
configure:10701: checking for bison
configure:10717: found /usr/bin/bison
configure:10728: result: bison
configure:10748: checking for gm4
configure:10778: result: no
configure:10748: checking for gnum4
configure:10778: result: no
configure:10748: checking for m4
configure:10764: found /usr/bin/m4
configure:10775: result: m4
configure:10795: checking for flex
configure:10811: found /usr/bin/flex
configure:10822: result: flex
configure:10843: checking for flex
configure:10859: found /usr/bin/flex
configure:10870: result: flex
configure:10890: checking for makeinfo
configure:10906: found /usr/bin/makeinfo
configure:10917: result: makeinfo
configure:10951: checking for expect
configure:10981: result: no
configure:11000: checking for runtest
configure:11030: result: no
configure:11145: checking for ar
configure:11161: found /usr/bin/ar
configure:11172: result: ar
configure:11286: checking for as
configure:11302: found /usr/bin/as
configure:11313: result: as
configure:11427: checking for dlltool
configure:11457: result: no
configure:11568: checking for dsymutil
configure:11598: result: no
configure:11709: checking for ld
configure:11725: found /usr/bin/ld
configure:11736: result: ld
configure:11850: checking for lipo
configure:11880: result: no
configure:11991: checking for nm
configure:12007: found /usr/bin/nm
configure:12018: result: nm
configure:12132: checking for ranlib
configure:12148: found /usr/bin/ranlib
configure:12159: result: ranlib
configure:12268: checking for strip
configure:12284: found /usr/bin/strip
configure:12295: result: strip
configure:12404: checking for windres
configure:12434: result: no
configure:12545: checking for windmc
configure:12575: result: no
configure:12686: checking for objcopy
configure:12702: found /usr/bin/objcopy
configure:12713: result: objcopy
configure:12827: checking for objdump
configure:12843: found /usr/bin/objdump
configure:12854: result: objdump
configure:12968: checking for otool
configure:12998: result: no
configure:13109: checking for readelf
configure:13125: found /usr/bin/readelf
configure:13136: result: readelf
configure:13166: checking for -plugin option
configure:13286: result: --plugin /usr/lib/gcc/x86_64-linux-gnu/11/liblto_plugin.so
configure:13433: checking for cc
configure:13449: found /usr/bin/cc
configure:13460: result: cc
configure:13594: checking for c++
configure:13610: found /usr/bin/c++
configure:13621: result: c++
configure:13755: checking for gcc
configure:13771: found /usr/bin/gcc
configure:13782: result: gcc
configure:13911: checking for gfortran
configure:13941: result: no
configure:14072: checking for gccgo
configure:14102: result: no
configure:14233: checking for gdc
configure:14263: result: no
configure:14394: checking for gm2
configure:14424: result: no
configure:14485: checking for ar
configure:14518: result: no
configure:14635: checking for ar
configure:14651: found /usr/bin/ar
configure:14662: result: ar
configure:14715: checking for as
configure:14748: result: no
configure:14865: checking for as
configure:14881: found /usr/bin/as
configure:14892: result: as
configure:14945: checking for dlltool
configure:14978: result: no
configure:15095: checking for dlltool
configure:15125: result: no
configure:15175: checking for dsymutil
configure:15208: result: no
configure:15325: checking for dsymutil
configure:15355: result: no
configure:15405: checking for ld
configure:15438: result: no
configure:15555: checking for ld
configure:15571: found /usr/bin/ld
configure:15582: result: ld
configure:15635: checking for lipo
configure:15668: result: no
configure:15785: checking for lipo
configure:15815: result: no
configure:15865: checking for nm
configure:15898: result: no
configure:16015: checking for nm
configure:16031: found /usr/bin/nm
configure:16042: result: nm
configure:16095: checking for objcopy
configure:16128: result: no
configure:16245: checking for objcopy
configure:16261: found /usr/bin/objcopy
configure:16272: result: objcopy
configure:16325: checking for objdump
configure:16358: result: no
configure:16475: checking for objdump
configure:16491: found /usr/bin/objdump
configure:16502: result: objdump
configure:16555: checking for otool
configure:16588: result: no
configure:16705: checking for otool
configure:16735: result: no
configure:16785: checking for ranlib
configure:16818: result: no
configure:16935: checking for ranlib
configure:16951: found /usr/bin/ranlib
configure:16962: result: ranlib
configure:17015: checking for readelf
configure:17048: result: no
configure:17165: checking for readelf
configure:17181: found /usr/bin/readelf
configure:17192: result: readelf
configure:17245: checking for strip
configure:17278: result: no
configure:17395: checking for strip
configure:17411: found /usr/bin/strip
configure:17422: result: strip
configure:17475: checking for windres
configure:17508: result: no
configure:17625: checking for windres
configure:17655: result: no
configure:17705: checking for windmc
configure:17738: result: no
configure:17855: checking for windmc
configure:17885: result: no
configure:17913: checking where to find the target ar
configure:17946: result: host tool
configure:17955: checking where to find the target as
configure:17988: result: host tool
configure:17997: checking where to find the target cc
configure:18020: result: just compiled
configure:18039: checking where to find the target c++
configure:18065: result: just compiled
configure:18084: checking where to find the target c++ for libstdc++
configure:18110: result: just compiled
configure:18129: checking where to find the target dlltool
configure:18162: result: host tool
configure:18171: checking where to find the target dsymutil
configure:18193: result: host tool
configure:18202: checking where to find the target gcc
configure:18225: result: just compiled
configure:18244: checking where to find the target gfortran
configure:18280: result: host tool
configure:18289: checking where to find the target gccgo
configure:18325: result: host tool
configure:18334: checking where to find the target gdc
configure:18370: result: host tool
configure:18379: checking where to find the target gm2
configure:18415: result: host tool
configure:18424: checking where to find the target ld
configure:18457: result: host tool
configure:18466: checking where to find the target lipo
configure:18488: result: host tool
configure:18497: checking where to find the target nm
configure:18530: result: host tool
configure:18539: checking where to find the target objcopy
configure:18572: result: host tool
configure:18581: checking where to find the target objdump
configure:18614: result: host tool
configure:18623: checking where to find the target otool
configure:18645: result: host tool
configure:18654: checking where to find the target ranlib
configure:18687: result: host tool
configure:18696: checking where to find the target readelf
configure:18729: result: host tool
configure:18738: checking where to find the target strip
configure:18771: result: host tool
configure:18780: checking where to find the target windres
configure:18813: result: host tool
configure:18822: checking where to find the target windmc
configure:18855: result: host tool
configure:18892: checking whether to enable maintainer-specific portions of Makefiles
configure:18901: result: no
configure:19138: creating ./config.status

## ---------------------- ##
## Running config.status. ##
## ---------------------- ##

This file was extended by config.status, which was
generated by GNU Autoconf 2.69.  Invocation command line was

  CONFIG_FILES    = 
  CONFIG_HEADERS  = 
  CONFIG_LINKS    = 
  CONFIG_COMMANDS = 
  $ ./config.status 

on leonardo-virtual-machine

config.status:1067: creating Makefile

## ---------------- ##
## Cache variables. ##
## ---------------- ##

ac_cv_build=x86_64-pc-linux-gnu
ac_cv_c_compiler_gnu=yes
ac_cv_cxx_compiler_gnu=yes
ac_cv_env_AR_FOR_TARGET_set=
ac_cv_env_AR_FOR_TARGET_value=
ac_cv_env_AR_set=
ac_cv_env_AR_value=
ac_cv_env_AS_FOR_TARGET_set=
ac_cv_env_AS_FOR_TARGET_value=
ac_cv_env_AS_set=
ac_cv_env_AS_value=
ac_cv_env_CCC_set=
ac_cv_env_CCC_value=
ac_cv_env_CC_FOR_TARGET_set=
ac_cv_env_CC_FOR_TARGET_value=
ac_cv_env_CC_set=
ac_cv_env_CC_value=
ac_cv_env_CFLAGS_set=
ac_cv_env_CFLAGS_value=
ac_cv_env_CPPFLAGS_set=
ac_cv_env_CPPFLAGS_value=
ac_cv_env_CXXFLAGS_set=
ac_cv_env_CXXFLAGS_value=
ac_cv_env_CXX_FOR_TARGET_set=
ac_cv_env_CXX_FOR_TARGET_value=
ac_cv_env_CXX_set=
ac_cv_env_CXX_value=
ac_cv_env_DLLTOOL_FOR_TARGET_set=
ac_cv_env_DLLTOOL_FOR_TARGET_value=
ac_cv_env_DLLTOOL_set=
ac_cv_env_DLLTOOL_value=
ac_cv_env_DSYMUTIL_FOR_TARGET_set=
ac_cv_env_DSYMUTIL_FOR_TARGET_value=
ac_cv_env_DSYMUTIL_set=
ac_cv_env_DSYMUTIL_value=
ac_cv_env_GCC_FOR_TARGET_set=
ac_cv_env_GCC_FOR_TARGET_value=
ac_cv_env_GDC_FOR_TARGET_set=
ac_cv_env_GDC_FOR_TARGET_value=
ac_cv_env_GFORTRAN_FOR_TARGET_set=
ac_cv_env_GFORTRAN_FOR_TARGET_value=
ac_cv_env_GM2_FOR_TARGET_set=
ac_cv_env_GM2_FOR_TARGET_value=
ac_cv_env_GOC_FOR_TARGET_set=
ac_cv_env_GOC_FOR_TARGET_value=
ac_cv_env_LDFLAGS_set=
ac_cv_env_LDFLAGS_value=
ac_cv_env_LD_FOR_TARGET_set=
ac_cv_env_LD_FOR_TARGET_value=
ac_cv_env_LD_set=
ac_cv_env_LD_value=
ac_cv_env_LIBS_set=
ac_cv_env_LIBS_value=
ac_cv_env_LIPO_FOR_TARGET_set=
ac_cv_env_LIPO_FOR_TARGET_value=
ac_cv_env_LIPO_set=
ac_cv_env_LIPO_value=
ac_cv_env_NM_FOR_TARGET_set=
ac_cv_env_NM_FOR_TARGET_value=
ac_cv_env_NM_set=
ac_cv_env_NM_value=
ac_cv_env_OBJCOPY_FOR_TARGET_set=
ac_cv_env_OBJCOPY_FOR_TARGET_value=
ac_cv_env_OBJCOPY_set=
ac_cv_env_OBJCOPY_value=
ac_cv_env_OBJDUMP_FOR_TARGET_set=
ac_cv_env_OBJDUMP_FOR_TARGET_value=
ac_cv_env_OBJDUMP_set=
ac_cv_env_OBJDUMP_value=
ac_cv_env_OTOOL_FOR_TARGET_set=
ac_cv_env_OTOOL_FOR_TARGET_value=
ac_cv_env_OTOOL_set=
ac_cv_env_OTOOL_value=
ac_cv_env_RANLIB_FOR_TARGET_set=
ac_cv_env_RANLIB_FOR_TARGET_value=
ac_cv_env_RANLIB_set=
ac_cv_env_RANLIB_value=
ac_cv_env_READELF_FOR_TARGET_set=
ac_cv_env_READELF_FOR_TARGET_value=
ac_cv_env_READELF_set=
ac_cv_env_READELF_value=
ac_cv_env_STRIP_FOR_TARGET_set=
ac_cv_env_STRIP_FOR_TARGET_value=
ac_cv_env_STRIP_set=
ac_cv_env_STRIP_value=
ac_cv_env_WINDMC_FOR_TARGET_set=
ac_cv_env_WINDMC_FOR_TARGET_value=
ac_cv_env_WINDMC_set=
ac_cv_env_WINDMC_value=
ac_cv_env_WINDRES_FOR_TARGET_set=
ac_cv_env_WINDRES_FOR_TARGET_value=
ac_cv_env_WINDRES_set=
ac_cv_env_WINDRES_value=
ac_cv_env_build_alias_set=
ac_cv_env_build_alias_value=
ac_cv_env_build_configargs_set=
ac_cv_env_build_configargs_value=
ac_cv_env_host_alias_set=
ac_cv_env_host_alias_value=
ac_cv_env_host_configargs_set=
ac_cv_env_host_configargs_value=
ac_cv_env_target_alias_set=set
ac_cv_env_target_alias_value=
ac_cv_env_target_configargs_set=
ac_cv_env_target_configargs_value=
ac_cv_host=x86_64-pc-linux-gnu
ac_cv_objext=o
ac_cv_path_SED=/usr/bin/sed
ac_cv_path_install='/usr/bin/install -c'
ac_cv_prog_AR=ar
ac_cv_prog_AR_FOR_TARGET=ar
ac_cv_prog_AS=as
ac_cv_prog_AS_FOR_TARGET=as
ac_cv_prog_AWK=mawk
ac_cv_prog_BISON=bison
ac_cv_prog_CC_FOR_TARGET=cc
ac_cv_prog_CXX_FOR_TARGET=c++
ac_cv_prog_FLEX=flex
ac_cv_prog_GCC_FOR_TARGET=gcc
ac_cv_prog_LD=ld
ac_cv_prog_LD_FOR_TARGET=ld
ac_cv_prog_LEX=flex
ac_cv_prog_M4=m4
ac_cv_prog_MAKEINFO=makeinfo
ac_cv_prog_NM=nm
ac_cv_prog_NM_FOR_TARGET=nm
ac_cv_prog_OBJCOPY=objcopy
ac_cv_prog_OBJCOPY_FOR_TARGET=objcopy
ac_cv_prog_OBJDUMP=objdump
ac_cv_prog_OBJDUMP_FOR_TARGET=objdump
ac_cv_prog_RANLIB=ranlib
ac_cv_prog_RANLIB_FOR_TARGET=ranlib
ac_cv_prog_READELF=readelf
ac_cv_prog_READELF_FOR_TARGET=readelf
ac_cv_prog_STRIP=strip
ac_cv_prog_STRIP_FOR_TARGET=strip
ac_cv_prog_YACC='bison -y'
ac_cv_prog_ac_ct_CC=gcc
ac_cv_prog_ac_ct_CXX=g++
ac_cv_prog_cc_c89=
ac_cv_prog_cc_c99=
ac_cv_prog_cc_g=yes
ac_cv_prog_cxx_g=yes
ac_cv_target=x86_64-pc-linux-gnu
acx_cv_cc_gcc_supports_ada=no
acx_cv_d_compiler_works=no
acx_cv_prog_LN=ln
gcc_cv_isl=yes
gcc_cv_prog_cmp_skip='cmp --ignore-initial=16 $$f1 $$f2'
gcc_cv_tool_dirs=/libexec/gcc/x86_64-pc-linux-gnu/14.1.0:/libexec/gcc/x86_64-pc-linux-gnu:/usr/lib/gcc/x86_64-pc-linux-gnu/14.1.0:/usr/lib/gcc/x86_64-pc-linux-gnu:/x86_64-pc-linux-gnu/bin/x86_64-pc-linux-gnu/14.1.0:/x86_64-pc-linux-gnu/bin:
gcc_cv_tool_prefix=
lt_cv_objdir=.libs

## ----------------- ##
## Output variables. ##
## ----------------- ##

AR='ar'
AR_FOR_BUILD='$(AR)'
AR_FOR_TARGET='$(AR)'
AR_PLUGIN_OPTION='--plugin /usr/lib/gcc/x86_64-linux-gnu/11/liblto_plugin.so'
AS='as'
AS_FOR_BUILD='$(AS)'
AS_FOR_TARGET='$(AS)'
AWK='mawk'
BISON='bison'
BUILD_CONFIG='bootstrap-debug'
CARGO='no'
CC='gcc'
CC_FOR_BUILD='$(CC)'
CC_FOR_TARGET='$$r/$(HOST_SUBDIR)/gcc/xgcc -B$$r/$(HOST_SUBDIR)/gcc/'
CFLAGS='-g -O2'
CFLAGS_FOR_BUILD='-g -O2'
CFLAGS_FOR_TARGET='-g -O2'
COMPILER_AS_FOR_TARGET='$$r/$(HOST_SUBDIR)/gcc/as'
COMPILER_LD_FOR_TARGET='$$r/$(HOST_SUBDIR)/gcc/collect-ld'
COMPILER_NM_FOR_TARGET='$$r/$(HOST_SUBDIR)/gcc/nm'
CONFIGURE_GDB_TK=''
CPPFLAGS=''
CPPFLAGS_FOR_BUILD=''
CPP_FOR_BUILD=''
CXX='g++ -std=c++11'
CXXFLAGS='-g -O2'
CXXFLAGS_FOR_BUILD='-g -O2'
CXXFLAGS_FOR_TARGET='-g -O2'
CXX_FOR_BUILD='$(CXX)'
CXX_FOR_TARGET='$$r/$(HOST_SUBDIR)/gcc/xg++ -B$$r/$(HOST_SUBDIR)/gcc/ -nostdinc++ `if test -f $$r/$(TARGET_SUBDIR)/libstdc++-v3/scripts/testsuite_flags; then $(SHELL) $$r/$(TARGET_SUBDIR)/libstdc++-v3/scripts/testsuite_flags --build-includes; else echo -funconfigured-libstdc++-v3 ; fi` -L$$r/$(TARGET_SUBDIR)/libstdc++-v3/src -L$$r/$(TARGET_SUBDIR)/libstdc++-v3/src/.libs -L$$r/$(TARGET_SUBDIR)/libstdc++-v3/libsupc++/.libs'
DEBUG_PREFIX_CFLAGS_FOR_TARGET=''
DEFS='-DPACKAGE_NAME=\"\" -DPACKAGE_TARNAME=\"\" -DPACKAGE_VERSION=\"\" -DPACKAGE_STRING=\"\" -DPACKAGE_BUGREPORT=\"\" -DPACKAGE_URL=\"\" -DLT_OBJDIR=\".libs/\"'
DLLTOOL='dlltool'
DLLTOOL_FOR_BUILD='$(DLLTOOL)'
DLLTOOL_FOR_TARGET='$(DLLTOOL)'
DSYMUTIL='dsymutil'
DSYMUTIL_FOR_BUILD='$(DSYMUTIL)'
DSYMUTIL_FOR_TARGET='$(DSYMUTIL)'
ECHO_C=''
ECHO_N='-n'
ECHO_T=''
EXEEXT=''
EXPECT='expect'
FLAGS_FOR_TARGET=' -B$(build_tooldir)/bin/ -B$(build_tooldir)/lib/ -isystem $(build_tooldir)/include -isystem $(build_tooldir)/sys-include'
FLEX='flex'
GCC_FOR_TARGET='$$r/$(HOST_SUBDIR)/gcc/xgcc -B$$r/$(HOST_SUBDIR)/gcc/'
GCC_SHLIB_SUBDIR=''
GDB_TK=''
GDC='no'
GDCFLAGS='-g -O2'
GDC_FOR_BUILD='$(GDC)'
GDC_FOR_TARGET='$(GDC)'
GFORTRAN_FOR_BUILD='$(GFORTRAN)'
GFORTRAN_FOR_TARGET='$(GFORTRAN)'
GM2_FOR_TARGET='$(GM2)'
GNATBIND='no'
GNATMAKE='no'
GOC_FOR_BUILD='$(GOC)'
GOC_FOR_TARGET='$(GOC)'
HAVE_CXX11=''
HAVE_CXX11_FOR_BUILD=''
INSTALL_DATA='${INSTALL} -m 644'
INSTALL_GDB_TK=''
INSTALL_PROGRAM='${INSTALL}'
INSTALL_SCRIPT='${INSTALL}'
LD='ld'
LDFLAGS=''
LDFLAGS_FOR_BUILD=''
LDFLAGS_FOR_TARGET=''
LD_FOR_BUILD='$(LD)'
LD_FOR_TARGET='$(LD)'
LEX='flex'
LIBOBJS=''
LIBS=''
LIPO='lipo'
LIPO_FOR_TARGET='$(LIPO)'
LN='ln'
LN_S='ln -s'
LTLIBOBJS=''
M4='m4'
MAINT='#'
MAINTAINER_MODE_FALSE=''
MAINTAINER_MODE_TRUE='#'
MAKEINFO='makeinfo'
NM='nm'
NM_FOR_BUILD='$(NM)'
NM_FOR_TARGET='$(NM)'
OBJCOPY='objcopy'
OBJCOPY_FOR_TARGET='$(OBJCOPY)'
OBJDUMP='objdump'
OBJDUMP_FOR_TARGET='$(OBJDUMP)'
OBJEXT='o'
OTOOL='otool'
OTOOL_FOR_TARGET='$(OTOOL)'
PACKAGE_BUGREPORT=''
PACKAGE_NAME=''
PACKAGE_STRING=''
PACKAGE_TARNAME=''
PACKAGE_URL=''
PACKAGE_VERSION=''
PATH_SEPARATOR=':'
PGO_BUILD_GEN_CFLAGS=''
PGO_BUILD_LTO_CFLAGS=''
PGO_BUILD_USE_CFLAGS=''
PICFLAG=''
PKG_CONFIG_PATH=''
RANLIB='ranlib'
RANLIB_FOR_BUILD='$(RANLIB)'
RANLIB_FOR_TARGET='$(RANLIB)'
RANLIB_PLUGIN_OPTION='--plugin /usr/lib/gcc/x86_64-linux-gnu/11/liblto_plugin.so'
RAW_CXX_FOR_TARGET='$$r/$(HOST_SUBDIR)/gcc/xgcc -shared-libgcc -B$$r/$(HOST_SUBDIR)/gcc -nostdinc++ -L$$r/$(TARGET_SUBDIR)/libstdc++-v3/src -L$$r/$(TARGET_SUBDIR)/libstdc++-v3/src/.libs -L$$r/$(TARGET_SUBDIR)/libstdc++-v3/libsupc++/.libs'
READELF='readelf'
READELF_FOR_TARGET='$(READELF)'
RPATH_ENVVAR='LD_LIBRARY_PATH'
RUNTEST='runtest'
SED='/usr/bin/sed'
SHELL='/bin/bash'
STRIP='strip'
STRIP_FOR_TARGET='$(STRIP)'
SYSROOT_CFLAGS_FOR_TARGET=''
TOPLEVEL_CONFIGURE_ARGUMENTS='gcc-14.1.0/configure --target= --prefix= --disable-nls --enable-languages=c,c++ --without-headers --enable-multilib'
WINDMC='windmc'
WINDMC_FOR_BUILD='$(WINDMC)'
WINDMC_FOR_TARGET='$(WINDMC)'
WINDRES='windres'
WINDRES_FOR_BUILD='$(WINDRES)'
WINDRES_FOR_TARGET='$(WINDRES)'
YACC='bison -y'
ac_ct_CC='gcc'
ac_ct_CXX='g++'
bindir='${exec_prefix}/bin'
build='x86_64-pc-linux-gnu'
build_alias=''
build_configargs=' --cache-file=./config.cache '\''--prefix='\'' '\''--disable-nls'\'' '\''--without-headers'\'' '\''--enable-multilib'\'' '\''--enable-languages=c,c++,lto'\'' --program-transform-name='\''s,y,y,'\'' --disable-option-checking'
build_configdirs=' libiberty libcpp fixincludes'
build_cpu='x86_64'
build_libsubdir='build-x86_64-pc-linux-gnu'
build_noncanonical='x86_64-pc-linux-gnu'
build_os='linux-gnu'
build_subdir='build-x86_64-pc-linux-gnu'
build_tooldir='${exec_prefix}/x86_64-pc-linux-gnu'
build_vendor='pc'
compare_exclusions='gcc/cc*-checksum$(objext) | gcc/ada/*tools/* | gcc/m2/gm2-compiler-boot/M2Version* | gcc/m2/gm2-compiler-boot/SYSTEM* | gcc/m2/gm2version*'
configdirs=' libiberty zlib libbacktrace libcpp libcody libdecnumber fixincludes gcc libcc1 c++tools lto-plugin'
datadir='${datarootdir}'
datarootdir='${prefix}/share'
do_compare='cmp --ignore-initial=16 $$f1 $$f2'
docdir='${datarootdir}/doc/${PACKAGE}'
dvidir='${docdir}'
exec_prefix='${prefix}'
extra_host_libiberty_configure_flags='--enable-shared'
extra_host_zlib_configure_flags=''
extra_isl_gmp_configure_flags=''
extra_linker_plugin_configure_flags=''
extra_linker_plugin_flags=''
extra_mpc_gmp_configure_flags=''
extra_mpc_mpfr_configure_flags=''
extra_mpfr_configure_flags=''
gcc_host_pie=''
get_gcc_base_ver='cat'
gmpinc=''
gmplibs='-lmpc -lmpfr -lgmp'
host='x86_64-pc-linux-gnu'
host_alias=''
host_configargs=' --cache-file=./config.cache  '\''--prefix='\'' '\''--disable-nls'\'' '\''--without-headers'\'' '\''--enable-multilib'\'' '\''--enable-languages=c,c++,lto'\'' --program-transform-name='\''s,y,y,'\'' --disable-option-checking'
host_cpu='x86_64'
host_libs_picflag=''
host_noncanonical='x86_64-pc-linux-gnu'
host_os='linux-gnu'
host_pie='no'
host_shared='no'
host_subdir='.'
host_vendor='pc'
htmldir='${docdir}'
includedir='${prefix}/include'
infodir='${datarootdir}/info'
islinc=''
isllibs=' -lisl'
libdir='${exec_prefix}/lib'
libexecdir='${exec_prefix}/libexec'
localedir='${datarootdir}/locale'
localstatedir='${prefix}/var'
mandir='${datarootdir}/man'
oldincludedir='/usr/include'
pdfdir='${docdir}'
poststage1_ldflags='-static-libstdc++ -static-libgcc'
poststage1_libs=''
prefix=''
program_transform_name='s,y,y,'
psdir='${docdir}'
sbindir='${exec_prefix}/sbin'
sharedstatedir='${prefix}/com'
stage1_cflags='-g'
stage1_checking='--enable-checking=yes,types'
stage1_languages='c,c++,lto'
stage1_ldflags='-static-libstdc++ -static-libgcc'
stage1_libs=''
stage2_werror_flag=''
sysconfdir='${prefix}/etc'
target='x86_64-pc-linux-gnu'
target_alias=''
target_configargs='--cache-file=./config.cache   '\''--prefix='\'' '\''--disable-nls'\'' '\''--without-headers'\'' '\''--enable-multilib'\'' '\''--enable-languages=c,c++,lto'\'' --program-transform-name='\''s,y,y,'\'' --disable-option-checking --disable-year2038'
target_configdirs=' libgcc libgomp libatomic libitm libstdc++-v3 libsanitizer libvtv libssp libquadmath'
target_cpu='x86_64'
target_noncanonical='x86_64-pc-linux-gnu'
target_os='linux-gnu'
target_subdir='x86_64-pc-linux-gnu'
target_vendor='pc'
tooldir='${exec_prefix}/x86_64-pc-linux-gnu'

## ------------------- ##
## File substitutions. ##
## ------------------- ##

alphaieee_frag='/dev/null'
host_makefile_frag='/dev/null'
ospace_frag='/dev/null'
serialization_dependencies='serdep.tmp'
target_makefile_frag='gcc-14.1.0/config/mt-gnu'

## ----------- ##
## confdefs.h. ##
## ----------- ##

/* confdefs.h */
#define PACKAGE_NAME ""
#define PACKAGE_TARNAME ""
#define PACKAGE_VERSION ""
#define PACKAGE_STRING ""
#define PACKAGE_BUGREPORT ""
#define PACKAGE_URL ""
#define LT_OBJDIR ".libs/"

configure: exit 0
