This file contains any messages produced by compilers while
running configure, to aid debugging if configure makes a mistake.

It was created by readline configure UNUSED-VERSION, which was
generated by GNU Autoconf 2.69.  Invocation command line was

  $ /home/leonardo/Documents/GitHub/GCC-Cross-Compiler-Creation/gcc-dependencies/src/build-gdb/gdb-14.2/readline/configure --srcdir=../gdb-14.2/readline --cache-file=./config.cache --prefix=/home/leonardo/Documents/GitHub/GCC-Cross-Compiler-Creation/cross --disable-werror --program-transform-name=s&^&i686-elf-& --disable-option-checking --disable-year2038 --build=x86_64-pc-linux-gnu --host=x86_64-pc-linux-gnu --target=i686-elf

## --------- ##
## Platform. ##
## --------- ##

hostname = leonardo-virtual-machine
uname -m = x86_64
uname -r = 6.5.0-35-generic
uname -s = Linux
uname -v = #35~22.04.1-Ubuntu SMP PREEMPT_DYNAMIC Tue May  7 09:00:52 UTC 2

/usr/bin/uname -p = x86_64
/bin/uname -X     = unknown

/bin/arch              = x86_64
/usr/bin/arch -k       = unknown
/usr/convex/getsysinfo = unknown
/usr/bin/hostinfo      = unknown
/bin/machine           = unknown
/usr/bin/oslevel       = unknown
/bin/universe          = unknown

PATH: /home/leonardo/Documents/GitHub/GCC-Cross-Compiler-Creation/cross/bin
PATH: /home/leonardo/.nvm/versions/node/v16.20.2/bin
PATH: /usr/local/sbin
PATH: /usr/local/bin
PATH: /usr/sbin
PATH: /usr/bin
PATH: /sbin
PATH: /bin
PATH: /usr/games
PATH: /usr/local/games
PATH: /snap/bin
PATH: /snap/bin


## ----------- ##
## Core tests. ##
## ----------- ##

configure:1641: creating cache ./config.cache
configure:1764: checking for a BSD-compatible install
configure:1832: result: /usr/bin/install -c
configure:1843: checking whether build environment is sane
configure:1898: result: yes
configure:2049: checking for a thread-safe mkdir -p
configure:2088: result: /usr/bin/mkdir -p
configure:2095: checking for gawk
configure:2122: result: mawk
configure:2133: checking whether make sets $(MAKE)
configure:2155: result: yes
configure:2184: checking whether make supports nested variables
configure:2201: result: yes
configure:2319: checking whether to enable maintainer-specific portions of Makefiles
configure:2328: result: no
configure:2405: updating cache ./config.cache
configure:2485: checking that generated files are newer than configure
configure:2491: result: done
configure:2503: creating ./config.status

## ---------------------- ##
## Running config.status. ##
## ---------------------- ##

This file was extended by readline config.status UNUSED-VERSION, which was
generated by GNU Autoconf 2.69.  Invocation command line was

  CONFIG_FILES    = 
  CONFIG_HEADERS  = 
  CONFIG_LINKS    = 
  CONFIG_COMMANDS = 
  $ ./config.status 

on leonardo-virtual-machine

config.status:746: creating Makefile
configure:3588: === configuring in readline (/home/leonardo/Documents/GitHub/GCC-Cross-Compiler-Creation/gcc-dependencies/src/build-gdb/readline/readline)
configure:3651: running /bin/bash ../../gdb-14.2/readline/readline/configure --disable-option-checking '--prefix=/home/leonardo/Documents/GitHub/GCC-Cross-Compiler-Creation/cross'  '--disable-werror' '--program-transform-name=s&^&i686-elf-&' '--disable-year2038' '--build=x86_64-pc-linux-gnu' '--host=x86_64-pc-linux-gnu' '--target=i686-elf' 'build_alias=x86_64-pc-linux-gnu' 'host_alias=x86_64-pc-linux-gnu' 'target_alias=i686-elf' --cache-file=.././config.cache --srcdir=../../gdb-14.2/readline/readline

## ---------------- ##
## Cache variables. ##
## ---------------- ##

ac_cv_env_build_alias_set=set
ac_cv_env_build_alias_value=x86_64-pc-linux-gnu
ac_cv_env_host_alias_set=set
ac_cv_env_host_alias_value=x86_64-pc-linux-gnu
ac_cv_env_target_alias_set=set
ac_cv_env_target_alias_value=i686-elf
ac_cv_path_install='/usr/bin/install -c'
ac_cv_path_mkdir=/usr/bin/mkdir
ac_cv_prog_AWK=mawk
ac_cv_prog_make_make_set=yes
am_cv_make_support_nested_variables=yes

## ----------------- ##
## Output variables. ##
## ----------------- ##

ACLOCAL='${SHELL} /home/leonardo/Documents/GitHub/GCC-Cross-Compiler-Creation/gcc-dependencies/src/build-gdb/gdb-14.2/missing aclocal-1.15'
AMTAR='$${TAR-tar}'
AM_BACKSLASH='\'
AM_DEFAULT_V='$(AM_DEFAULT_VERBOSITY)'
AM_DEFAULT_VERBOSITY='1'
AM_V='$(V)'
AUTOCONF='${SHELL} /home/leonardo/Documents/GitHub/GCC-Cross-Compiler-Creation/gcc-dependencies/src/build-gdb/gdb-14.2/missing autoconf'
AUTOHEADER='${SHELL} /home/leonardo/Documents/GitHub/GCC-Cross-Compiler-Creation/gcc-dependencies/src/build-gdb/gdb-14.2/missing autoheader'
AUTOMAKE='${SHELL} /home/leonardo/Documents/GitHub/GCC-Cross-Compiler-Creation/gcc-dependencies/src/build-gdb/gdb-14.2/missing automake-1.15'
AWK='mawk'
CYGPATH_W='echo'
DEFS='-DPACKAGE_NAME=\"readline\" -DPACKAGE_TARNAME=\"readline\" -DPACKAGE_VERSION=\"UNUSED-VERSION\" -DPACKAGE_STRING=\"readline\ UNUSED-VERSION\" -DPACKAGE_BUGREPORT=\"\" -DPACKAGE_URL=\"\"'
ECHO_C=''
ECHO_N='-n'
ECHO_T=''
INSTALL_DATA='${INSTALL} -m 644'
INSTALL_PROGRAM='${INSTALL}'
INSTALL_SCRIPT='${INSTALL}'
INSTALL_STRIP_PROGRAM='$(install_sh) -c -s'
LIBOBJS=''
LIBS=''
LTLIBOBJS=''
MAINT='#'
MAINTAINER_MODE_FALSE=''
MAINTAINER_MODE_TRUE='#'
MAKEINFO='makeinfo'
MKDIR_P='/usr/bin/mkdir -p'
PACKAGE='readline'
PACKAGE_BUGREPORT=''
PACKAGE_NAME='readline'
PACKAGE_STRING='readline UNUSED-VERSION'
PACKAGE_TARNAME='readline'
PACKAGE_URL=''
PACKAGE_VERSION='UNUSED-VERSION'
PATH_SEPARATOR=':'
SET_MAKE=''
SHELL='/bin/bash'
STRIP=''
VERSION='UNUSED-VERSION'
am__isrc=' -I$(srcdir)'
am__leading_dot='.'
am__tar='$${TAR-tar} chof - "$$tardir"'
am__untar='$${TAR-tar} xf -'
bindir='${exec_prefix}/bin'
build_alias='x86_64-pc-linux-gnu'
datadir='${datarootdir}'
datarootdir='${prefix}/share'
docdir='${datarootdir}/doc/${PACKAGE_TARNAME}'
dvidir='${docdir}'
exec_prefix='${prefix}'
host_alias='x86_64-pc-linux-gnu'
htmldir='${docdir}'
includedir='${prefix}/include'
infodir='${datarootdir}/info'
install_sh='${SHELL} /home/leonardo/Documents/GitHub/GCC-Cross-Compiler-Creation/gcc-dependencies/src/build-gdb/gdb-14.2/install-sh'
libdir='${exec_prefix}/lib'
libexecdir='${exec_prefix}/libexec'
localedir='${datarootdir}/locale'
localstatedir='${prefix}/var'
mandir='${datarootdir}/man'
mkdir_p='$(MKDIR_P)'
oldincludedir='/usr/include'
pdfdir='${docdir}'
prefix='/home/leonardo/Documents/GitHub/GCC-Cross-Compiler-Creation/cross'
program_transform_name='s&^&i686-elf-&'
psdir='${docdir}'
sbindir='${exec_prefix}/sbin'
sharedstatedir='${prefix}/com'
subdirs=' readline'
sysconfdir='${prefix}/etc'
target_alias='i686-elf'

## ----------- ##
## confdefs.h. ##
## ----------- ##

/* confdefs.h */
#define PACKAGE_NAME "readline"
#define PACKAGE_TARNAME "readline"
#define PACKAGE_VERSION "UNUSED-VERSION"
#define PACKAGE_STRING "readline UNUSED-VERSION"
#define PACKAGE_BUGREPORT ""
#define PACKAGE_URL ""

configure: exit 0
