This file contains any messages produced by compilers while
running configure, to aid debugging if configure makes a mistake.

It was created by libctf configure 1.2.0, which was
generated by GNU Autoconf 2.69.  Invocation command line was

  $ /home/leonardo/Documents/GitHub/GCC-Cross-Compiler-Creation/gcc-dependencies/src/build-gdb/gdb-14.2/libctf/configure --srcdir=../gdb-14.2/libctf --cache-file=./config.cache --prefix=/home/leonardo/Documents/GitHub/GCC-Cross-Compiler-Creation/cross --disable-werror --program-transform-name=s&^&i686-elf-& --disable-option-checking --disable-year2038 --build=x86_64-pc-linux-gnu --host=x86_64-pc-linux-gnu --target=i686-elf

## --------- ##
## Platform. ##
## --------- ##

hostname = leonardo-virtual-machine
uname -m = x86_64
uname -r = 6.5.0-35-generic
uname -s = Linux
uname -v = #35~22.04.1-Ubuntu SMP PREEMPT_DYNAMIC Tue May  7 09:00:52 UTC 2

/usr/bin/uname -p = x86_64
/bin/uname -X     = unknown

/bin/arch              = x86_64
/usr/bin/arch -k       = unknown
/usr/convex/getsysinfo = unknown
/usr/bin/hostinfo      = unknown
/bin/machine           = unknown
/usr/bin/oslevel       = unknown
/bin/universe          = unknown

PATH: /home/leonardo/Documents/GitHub/GCC-Cross-Compiler-Creation/cross/bin
PATH: /home/leonardo/.nvm/versions/node/v16.20.2/bin
PATH: /usr/local/sbin
PATH: /usr/local/bin
PATH: /usr/sbin
PATH: /usr/bin
PATH: /sbin
PATH: /bin
PATH: /usr/games
PATH: /usr/local/games
PATH: /snap/bin
PATH: /snap/bin


## ----------- ##
## Core tests. ##
## ----------- ##

configure:2229: creating cache ./config.cache
configure:2343: checking build system type
configure:2357: result: x86_64-pc-linux-gnu
configure:2377: checking host system type
configure:2390: result: x86_64-pc-linux-gnu
configure:2410: checking target system type
configure:2423: result: i686-pc-elf
configure:2460: checking for x86_64-pc-linux-gnu-gcc
configure:2487: result: gcc
configure:2756: checking for C compiler version
configure:2765: gcc --version >&5
gcc (Ubuntu 11.4.0-1ubuntu1~22.04) 11.4.0
Copyright (C) 2021 Free Software Foundation, Inc.
This is free software; see the source for copying conditions.  There is NO
warranty; not even for MERCHANTABILITY or FITNESS FOR A PARTICULAR PURPOSE.

configure:2776: $? = 0
configure:2765: gcc -v >&5
Using built-in specs.
COLLECT_GCC=gcc
COLLECT_LTO_WRAPPER=/usr/lib/gcc/x86_64-linux-gnu/11/lto-wrapper
OFFLOAD_TARGET_NAMES=nvptx-none:amdgcn-amdhsa
OFFLOAD_TARGET_DEFAULT=1
Target: x86_64-linux-gnu
Configured with: ../src/configure -v --with-pkgversion='Ubuntu 11.4.0-1ubuntu1~22.04' --with-bugurl=file:///usr/share/doc/gcc-11/README.Bugs --enable-languages=c,ada,c++,go,brig,d,fortran,objc,obj-c++,m2 --prefix=/usr --with-gcc-major-version-only --program-suffix=-11 --program-prefix=x86_64-linux-gnu- --enable-shared --enable-linker-build-id --libexecdir=/usr/lib --without-included-gettext --enable-threads=posix --libdir=/usr/lib --enable-nls --enable-bootstrap --enable-clocale=gnu --enable-libstdcxx-debug --enable-libstdcxx-time=yes --with-default-libstdcxx-abi=new --enable-gnu-unique-object --disable-vtable-verify --enable-plugin --enable-default-pie --with-system-zlib --enable-libphobos-checking=release --with-target-system-zlib=auto --enable-objc-gc=auto --enable-multiarch --disable-werror --enable-cet --with-arch-32=i686 --with-abi=m64 --with-multilib-list=m32,m64,mx32 --enable-multilib --with-tune=generic --enable-offload-targets=nvptx-none=/build/gcc-11-XeT9lY/gcc-11-11.4.0/debian/tmp-nvptx/usr,amdgcn-amdhsa=/build/gcc-11-XeT9lY/gcc-11-11.4.0/debian/tmp-gcn/usr --without-cuda-driver --enable-checking=release --build=x86_64-linux-gnu --host=x86_64-linux-gnu --target=x86_64-linux-gnu --with-build-config=bootstrap-lto-lean --enable-link-serialization=2
Thread model: posix
Supported LTO compression algorithms: zlib zstd
gcc version 11.4.0 (Ubuntu 11.4.0-1ubuntu1~22.04) 
... rest of stderr output deleted ...
configure:2776: $? = 0
configure:2765: gcc -V >&5
gcc: error: unrecognized command-line option '-V'
gcc: fatal error: no input files
compilation terminated.
configure:2776: $? = 1
configure:2765: gcc -qversion >&5
gcc: error: unrecognized command-line option '-qversion'; did you mean '--version'?
gcc: fatal error: no input files
compilation terminated.
configure:2776: $? = 1
configure:2796: checking whether the C compiler works
configure:2818: gcc -g -O2      conftest.c  >&5
configure:2822: $? = 0
configure:2870: result: yes
configure:2873: checking for C compiler default output file name
configure:2875: result: a.out
configure:2881: checking for suffix of executables
configure:2888: gcc -o conftest -g -O2      conftest.c  >&5
configure:2892: $? = 0
configure:2914: result: 
configure:2936: checking whether we are cross compiling
configure:2944: gcc -o conftest -g -O2      conftest.c  >&5
configure:2948: $? = 0
configure:2955: ./conftest
configure:2959: $? = 0
configure:2974: result: no
configure:2979: checking for suffix of object files
configure:3001: gcc -c -g -O2    conftest.c >&5
configure:3005: $? = 0
configure:3026: result: o
configure:3030: checking whether we are using the GNU C compiler
configure:3049: gcc -c -g -O2    conftest.c >&5
configure:3049: $? = 0
configure:3058: result: yes
configure:3067: checking whether gcc accepts -g
configure:3087: gcc -c -g  conftest.c >&5
configure:3087: $? = 0
configure:3128: result: yes
configure:3145: checking for gcc option to accept ISO C89
configure:3208: gcc  -c -g -O2    conftest.c >&5
configure:3208: $? = 0
configure:3221: result: none needed
configure:3246: checking whether gcc understands -c and -o together
configure:3268: gcc -c conftest.c -o conftest2.o
configure:3271: $? = 0
configure:3268: gcc -c conftest.c -o conftest2.o
configure:3271: $? = 0
configure:3283: result: yes
configure:3306: checking how to run the C preprocessor
configure:3337: gcc -E  conftest.c
configure:3337: $? = 0
configure:3351: gcc -E  conftest.c
conftest.c:9:10: fatal error: ac_nonexistent.h: No such file or directory
    9 | #include <ac_nonexistent.h>
      |          ^~~~~~~~~~~~~~~~~~
compilation terminated.
configure:3351: $? = 1
configure: failed program was:
| /* confdefs.h */
| #define PACKAGE_NAME "libctf"
| #define PACKAGE_TARNAME "libctf"
| #define PACKAGE_VERSION "1.2.0"
| #define PACKAGE_STRING "libctf 1.2.0"
| #define PACKAGE_BUGREPORT ""
| #define PACKAGE_URL ""
| /* end confdefs.h.  */
| #include <ac_nonexistent.h>
configure:3376: result: gcc -E
configure:3396: gcc -E  conftest.c
configure:3396: $? = 0
configure:3410: gcc -E  conftest.c
conftest.c:9:10: fatal error: ac_nonexistent.h: No such file or directory
    9 | #include <ac_nonexistent.h>
      |          ^~~~~~~~~~~~~~~~~~
compilation terminated.
configure:3410: $? = 1
configure: failed program was:
| /* confdefs.h */
| #define PACKAGE_NAME "libctf"
| #define PACKAGE_TARNAME "libctf"
| #define PACKAGE_VERSION "1.2.0"
| #define PACKAGE_STRING "libctf 1.2.0"
| #define PACKAGE_BUGREPORT ""
| #define PACKAGE_URL ""
| /* end confdefs.h.  */
| #include <ac_nonexistent.h>
configure:3439: checking for grep that handles long lines and -e
configure:3497: result: /usr/bin/grep
configure:3502: checking for egrep
configure:3564: result: /usr/bin/grep -E
configure:3569: checking for ANSI C header files
configure:3589: gcc -c -g -O2    conftest.c >&5
configure:3589: $? = 0
configure:3662: gcc -o conftest -g -O2      conftest.c  >&5
configure:3662: $? = 0
configure:3662: ./conftest
configure:3662: $? = 0
configure:3673: result: yes
configure:3686: checking for sys/types.h
configure:3686: gcc -c -g -O2    conftest.c >&5
configure:3686: $? = 0
configure:3686: result: yes
configure:3686: checking for sys/stat.h
configure:3686: gcc -c -g -O2    conftest.c >&5
configure:3686: $? = 0
configure:3686: result: yes
configure:3686: checking for stdlib.h
configure:3686: gcc -c -g -O2    conftest.c >&5
configure:3686: $? = 0
configure:3686: result: yes
configure:3686: checking for string.h
configure:3686: gcc -c -g -O2    conftest.c >&5
configure:3686: $? = 0
configure:3686: result: yes
configure:3686: checking for memory.h
configure:3686: gcc -c -g -O2    conftest.c >&5
configure:3686: $? = 0
configure:3686: result: yes
configure:3686: checking for strings.h
configure:3686: gcc -c -g -O2    conftest.c >&5
configure:3686: $? = 0
configure:3686: result: yes
configure:3686: checking for inttypes.h
configure:3686: gcc -c -g -O2    conftest.c >&5
configure:3686: $? = 0
configure:3686: result: yes
configure:3686: checking for stdint.h
configure:3686: gcc -c -g -O2    conftest.c >&5
configure:3686: $? = 0
configure:3686: result: yes
configure:3686: checking for unistd.h
configure:3686: gcc -c -g -O2    conftest.c >&5
configure:3686: $? = 0
configure:3686: result: yes
configure:3699: checking minix/config.h usability
configure:3699: gcc -c -g -O2    conftest.c >&5
conftest.c:52:10: fatal error: minix/config.h: No such file or directory
   52 | #include <minix/config.h>
      |          ^~~~~~~~~~~~~~~~
compilation terminated.
configure:3699: $? = 1
configure: failed program was:
| /* confdefs.h */
| #define PACKAGE_NAME "libctf"
| #define PACKAGE_TARNAME "libctf"
| #define PACKAGE_VERSION "1.2.0"
| #define PACKAGE_STRING "libctf 1.2.0"
| #define PACKAGE_BUGREPORT ""
| #define PACKAGE_URL ""
| #define STDC_HEADERS 1
| #define HAVE_SYS_TYPES_H 1
| #define HAVE_SYS_STAT_H 1
| #define HAVE_STDLIB_H 1
| #define HAVE_STRING_H 1
| #define HAVE_MEMORY_H 1
| #define HAVE_STRINGS_H 1
| #define HAVE_INTTYPES_H 1
| #define HAVE_STDINT_H 1
| #define HAVE_UNISTD_H 1
| /* end confdefs.h.  */
| #include <stdio.h>
| #ifdef HAVE_SYS_TYPES_H
| # include <sys/types.h>
| #endif
| #ifdef HAVE_SYS_STAT_H
| # include <sys/stat.h>
| #endif
| #ifdef STDC_HEADERS
| # include <stdlib.h>
| # include <stddef.h>
| #else
| # ifdef HAVE_STDLIB_H
| #  include <stdlib.h>
| # endif
| #endif
| #ifdef HAVE_STRING_H
| # if !defined STDC_HEADERS && defined HAVE_MEMORY_H
| #  include <memory.h>
| # endif
| # include <string.h>
| #endif
| #ifdef HAVE_STRINGS_H
| # include <strings.h>
| #endif
| #ifdef HAVE_INTTYPES_H
| # include <inttypes.h>
| #endif
| #ifdef HAVE_STDINT_H
| # include <stdint.h>
| #endif
| #ifdef HAVE_UNISTD_H
| # include <unistd.h>
| #endif
| #include <minix/config.h>
configure:3699: result: no
configure:3699: checking minix/config.h presence
configure:3699: gcc -E  conftest.c
conftest.c:19:10: fatal error: minix/config.h: No such file or directory
   19 | #include <minix/config.h>
      |          ^~~~~~~~~~~~~~~~
compilation terminated.
configure:3699: $? = 1
configure: failed program was:
| /* confdefs.h */
| #define PACKAGE_NAME "libctf"
| #define PACKAGE_TARNAME "libctf"
| #define PACKAGE_VERSION "1.2.0"
| #define PACKAGE_STRING "libctf 1.2.0"
| #define PACKAGE_BUGREPORT ""
| #define PACKAGE_URL ""
| #define STDC_HEADERS 1
| #define HAVE_SYS_TYPES_H 1
| #define HAVE_SYS_STAT_H 1
| #define HAVE_STDLIB_H 1
| #define HAVE_STRING_H 1
| #define HAVE_MEMORY_H 1
| #define HAVE_STRINGS_H 1
| #define HAVE_INTTYPES_H 1
| #define HAVE_STDINT_H 1
| #define HAVE_UNISTD_H 1
| /* end confdefs.h.  */
| #include <minix/config.h>
configure:3699: result: no
configure:3699: checking for minix/config.h
configure:3699: result: no
configure:3720: checking whether it is safe to define __EXTENSIONS__
configure:3738: gcc -c -g -O2    conftest.c >&5
configure:3738: $? = 0
configure:3745: result: yes
configure:3775: checking for a BSD-compatible install
configure:3843: result: /usr/bin/install -c
configure:3854: checking whether build environment is sane
configure:3909: result: yes
configure:4057: checking for a thread-safe mkdir -p
configure:4096: result: /usr/bin/mkdir -p
configure:4103: checking for gawk
configure:4130: result: mawk
configure:4141: checking whether make sets $(MAKE)
configure:4163: result: yes
configure:4193: checking for style of include used by make
configure:4221: result: GNU
configure:4255: checking whether make supports nested variables
configure:4272: result: yes
configure:4357: checking dependency style of gcc
configure:4468: result: gcc3
configure:4537: checking whether make supports nested variables
configure:4554: result: yes
configure:4567: checking whether make sets $(MAKE)
configure:4589: result: yes
configure:4606: checking for x86_64-pc-linux-gnu-gcc
configure:4633: result: gcc
configure:4902: checking for C compiler version
configure:4911: gcc --version >&5
gcc (Ubuntu 11.4.0-1ubuntu1~22.04) 11.4.0
Copyright (C) 2021 Free Software Foundation, Inc.
This is free software; see the source for copying conditions.  There is NO
warranty; not even for MERCHANTABILITY or FITNESS FOR A PARTICULAR PURPOSE.

configure:4922: $? = 0
configure:4911: gcc -v >&5
Using built-in specs.
COLLECT_GCC=gcc
COLLECT_LTO_WRAPPER=/usr/lib/gcc/x86_64-linux-gnu/11/lto-wrapper
OFFLOAD_TARGET_NAMES=nvptx-none:amdgcn-amdhsa
OFFLOAD_TARGET_DEFAULT=1
Target: x86_64-linux-gnu
Configured with: ../src/configure -v --with-pkgversion='Ubuntu 11.4.0-1ubuntu1~22.04' --with-bugurl=file:///usr/share/doc/gcc-11/README.Bugs --enable-languages=c,ada,c++,go,brig,d,fortran,objc,obj-c++,m2 --prefix=/usr --with-gcc-major-version-only --program-suffix=-11 --program-prefix=x86_64-linux-gnu- --enable-shared --enable-linker-build-id --libexecdir=/usr/lib --without-included-gettext --enable-threads=posix --libdir=/usr/lib --enable-nls --enable-bootstrap --enable-clocale=gnu --enable-libstdcxx-debug --enable-libstdcxx-time=yes --with-default-libstdcxx-abi=new --enable-gnu-unique-object --disable-vtable-verify --enable-plugin --enable-default-pie --with-system-zlib --enable-libphobos-checking=release --with-target-system-zlib=auto --enable-objc-gc=auto --enable-multiarch --disable-werror --enable-cet --with-arch-32=i686 --with-abi=m64 --with-multilib-list=m32,m64,mx32 --enable-multilib --with-tune=generic --enable-offload-targets=nvptx-none=/build/gcc-11-XeT9lY/gcc-11-11.4.0/debian/tmp-nvptx/usr,amdgcn-amdhsa=/build/gcc-11-XeT9lY/gcc-11-11.4.0/debian/tmp-gcn/usr --without-cuda-driver --enable-checking=release --build=x86_64-linux-gnu --host=x86_64-linux-gnu --target=x86_64-linux-gnu --with-build-config=bootstrap-lto-lean --enable-link-serialization=2
Thread model: posix
Supported LTO compression algorithms: zlib zstd
gcc version 11.4.0 (Ubuntu 11.4.0-1ubuntu1~22.04) 
... rest of stderr output deleted ...
configure:4922: $? = 0
configure:4911: gcc -V >&5
gcc: error: unrecognized command-line option '-V'
gcc: fatal error: no input files
compilation terminated.
configure:4922: $? = 1
configure:4911: gcc -qversion >&5
gcc: error: unrecognized command-line option '-qversion'; did you mean '--version'?
gcc: fatal error: no input files
compilation terminated.
configure:4922: $? = 1
configure:4926: checking whether we are using the GNU C compiler
configure:4954: result: yes
configure:4963: checking whether gcc accepts -g
configure:5024: result: yes
configure:5041: checking for gcc option to accept ISO C89
configure:5117: result: none needed
configure:5142: checking whether gcc understands -c and -o together
configure:5179: result: yes
configure:5199: checking for x86_64-pc-linux-gnu-ranlib
configure:5226: result: ranlib --plugin /usr/lib/gcc/x86_64-linux-gnu/11/liblto_plugin.so
configure:5293: checking for x86_64-pc-linux-gnu-ar
configure:5320: result: ar --plugin /usr/lib/gcc/x86_64-linux-gnu/11/liblto_plugin.so
configure:5390: checking the archiver (ar --plugin /usr/lib/gcc/x86_64-linux-gnu/11/liblto_plugin.so) interface
configure:5406: gcc -c -g -O2    conftest.c >&5
configure:5406: $? = 0
configure:5408: ar --plugin /usr/lib/gcc/x86_64-linux-gnu/11/liblto_plugin.so cru libconftest.a conftest.o >&5
ar: `u' modifier ignored since `D' is the default (see `U')
configure:5411: $? = 0
configure:5439: result: ar
configure:5472: checking whether NLS is requested
configure:5478: result: yes
configure:5484: checking for catalogs to be installed
configure:5516: result: 
configure:5608: checking how to print strings
configure:5635: result: printf
configure:5656: checking for a sed that does not truncate output
configure:5720: result: /usr/bin/sed
configure:5738: checking for fgrep
configure:5800: result: /usr/bin/grep -F
configure:5835: checking for ld used by gcc
configure:5902: result: ld
configure:5909: checking if the linker (ld) is GNU ld
configure:5924: result: yes
configure:5936: checking for BSD- or MS-compatible name lister (nm)
configure:5992: result: /usr/bin/nm -B
configure:6122: checking the name lister (/usr/bin/nm -B) interface
configure:6129: gcc -c -g -O2    conftest.c >&5
configure:6132: /usr/bin/nm -B "conftest.o"
configure:6135: output
0000000000000000 B some_variable
configure:6142: result: BSD nm
configure:6145: checking whether ln -s works
configure:6149: result: yes
configure:6157: checking the maximum length of command line arguments
configure:6282: result: 1572864
configure:6299: checking whether the shell understands some XSI constructs
configure:6309: result: yes
configure:6313: checking whether the shell understands "+="
configure:6319: result: yes
configure:6354: checking for ld option to reload object files
configure:6361: result: -r
configure:6390: checking for x86_64-pc-linux-gnu-objdump
configure:6417: result: objdump
configure:6489: checking how to recognize dependent libraries
configure:6695: result: pass_all
configure:6728: checking for x86_64-pc-linux-gnu-ar
configure:6755: result: ar --plugin /usr/lib/gcc/x86_64-linux-gnu/11/liblto_plugin.so
configure:6846: checking for x86_64-pc-linux-gnu-strip
configure:6876: result: no
configure:6886: checking for strip
configure:6902: found /usr/bin/strip
configure:6913: result: strip
configure:6945: checking for x86_64-pc-linux-gnu-ranlib
configure:6972: result: ranlib --plugin /usr/lib/gcc/x86_64-linux-gnu/11/liblto_plugin.so
configure:7119: checking command to parse /usr/bin/nm -B output from gcc object
configure:7237: gcc -c -g -O2    conftest.c >&5
configure:7240: $? = 0
configure:7244: /usr/bin/nm -B conftest.o \| sed -n -e 's/^.*[ ]\([ABCDGIRSTW][ABCDGIRSTW]*\)[ ][ ]*\([_A-Za-z][_A-Za-z0-9]*\)$/\1 \2 \2/p' \> conftest.nm
configure:7247: $? = 0
configure:7301: gcc -o conftest -g -O2      conftest.c conftstm.o >&5
configure:7304: $? = 0
configure:7342: result: ok
configure:7437: gcc -c -g -O2    conftest.c >&5
configure:7440: $? = 0
configure:8192: checking for dlfcn.h
configure:8192: gcc -c -g -O2    conftest.c >&5
configure:8192: $? = 0
configure:8192: result: yes
configure:8349: checking for objdir
configure:8364: result: .libs
configure:8635: checking if gcc supports -fno-rtti -fno-exceptions
configure:8653: gcc -c -g -O2    -fno-rtti -fno-exceptions conftest.c >&5
cc1: warning: command-line option '-fno-rtti' is valid for C++/D/ObjC++ but not for C
configure:8657: $? = 0
configure:8670: result: no
configure:8690: checking for gcc option to produce PIC
configure:8976: result: -fPIC -DPIC
configure:8988: checking if gcc PIC flag -fPIC -DPIC works
configure:9006: gcc -c -g -O2    -fPIC -DPIC -DPIC conftest.c >&5
configure:9010: $? = 0
configure:9023: result: yes
configure:9047: checking if gcc static flag -static works
configure:9075: result: yes
configure:9090: checking if gcc supports -c -o file.o
configure:9111: gcc -c -g -O2    -o out/conftest2.o conftest.c >&5
configure:9115: $? = 0
configure:9137: result: yes
configure:9145: checking if gcc supports -c -o file.o
configure:9192: result: yes
configure:9225: checking whether the gcc linker (ld -m elf_x86_64) supports shared libraries
configure:10296: result: yes
configure:10541: checking dynamic linker characteristics
configure:10987: gcc -o conftest -g -O2      -Wl,-rpath -Wl,/foo conftest.c  >&5
configure:10987: $? = 0
configure:11228: result: GNU/Linux ld.so
configure:11335: checking how to hardcode library paths into programs
configure:11360: result: immediate
configure:11900: checking whether stripping libraries is possible
configure:11905: result: yes
configure:11940: checking if libtool supports shared libraries
configure:11942: result: yes
configure:11945: checking whether to build shared libraries
configure:11966: result: no
configure:11969: checking whether to build static libraries
configure:11973: result: yes
configure:12015: checking for special C compiler options needed for large files
configure:12060: result: no
configure:12066: checking for _FILE_OFFSET_BITS value needed for large files
configure:12091: gcc -c -g -O2    conftest.c >&5
configure:12091: $? = 0
configure:12123: result: no
configure:12209: creating ./config.lt

## ------------------ ##
## Running config.lt. ##
## ------------------ ##
config.lt:615: creating libtool
configure:13574: checking for aclocal
configure:13601: result: ${SHELL} /home/leonardo/Documents/GitHub/GCC-Cross-Compiler-Creation/gcc-dependencies/src/build-gdb/gdb-14.2/missing aclocal-1.15
configure:13617: checking for autoconf
configure:13644: result: ${SHELL} /home/leonardo/Documents/GitHub/GCC-Cross-Compiler-Creation/gcc-dependencies/src/build-gdb/gdb-14.2/missing autoconf
configure:13660: checking for autoheader
configure:13687: result: ${SHELL} /home/leonardo/Documents/GitHub/GCC-Cross-Compiler-Creation/gcc-dependencies/src/build-gdb/gdb-14.2/missing autoheader
configure:13721: checking whether gcc supports -W
configure:13738: gcc -c -W  conftest.c >&5
configure:13738: $? = 0
configure:13747: result: yes
configure:13721: checking whether gcc supports -Wall
configure:13738: gcc -c -Wall  conftest.c >&5
configure:13738: $? = 0
configure:13747: result: yes
configure:13721: checking whether gcc supports -Wnarrowing
configure:13738: gcc -c -Wnarrowing  conftest.c >&5
configure:13738: $? = 0
configure:13747: result: yes
configure:13721: checking whether gcc supports -Wwrite-strings
configure:13738: gcc -c -Wwrite-strings  conftest.c >&5
configure:13738: $? = 0
configure:13747: result: yes
configure:13721: checking whether gcc supports -Wmissing-format-attribute
configure:13738: gcc -c -Wmissing-format-attribute  conftest.c >&5
configure:13738: $? = 0
configure:13747: result: yes
configure:13779: checking whether gcc supports -Wstrict-prototypes
configure:13796: gcc -c -Wstrict-prototypes  conftest.c >&5
conftest.c:31:1: warning: function declaration isn't a prototype [-Wstrict-prototypes]
   31 | main ()
      | ^~~~
configure:13796: $? = 0
configure:13805: result: yes
configure:13779: checking whether gcc supports -Wmissing-prototypes
configure:13796: gcc -c -Wmissing-prototypes  conftest.c >&5
configure:13796: $? = 0
configure:13805: result: yes
configure:13779: checking whether gcc supports -Wold-style-definition
configure:13796: gcc -c -Wold-style-definition  conftest.c >&5
conftest.c: In function 'main':
conftest.c:31:1: warning: old-style function definition [-Wold-style-definition]
   31 | main ()
      | ^~~~
configure:13796: $? = 0
configure:13805: result: yes
configure:13829: checking whether gcc supports -pedantic -Wlong-long
configure:13847: gcc -c -pedantic -Wlong-long  conftest.c >&5
configure:13847: $? = 0
configure:13855: result: yes
configure:13899: checking whether to enable maintainer-specific portions of Makefiles
configure:13908: result: no
configure:13936: checking whether to install libbfd
configure:13949: result: no
configure:13994: checking whether gcc supports -Wall
configure:14020: result: yes
configure:14041: checking for stdlib.h
configure:14041: result: yes
configure:14041: checking for unistd.h
configure:14041: result: yes
configure:14041: checking for sys/param.h
configure:14041: gcc -c -g -O2    conftest.c >&5
configure:14041: $? = 0
configure:14041: result: yes
configure:14061: checking for getpagesize
configure:14061: gcc -o conftest -g -O2      conftest.c  >&5
configure:14061: $? = 0
configure:14061: result: yes
configure:14070: checking for working mmap
configure:14217: gcc -o conftest -g -O2      conftest.c  >&5
configure:14217: $? = 0
configure:14217: ./conftest
configure:14217: $? = 0
configure:14227: result: yes
configure:14237: checking for library containing dlsym
configure:14268: gcc -o conftest -g -O2      conftest.c  >&5
configure:14268: $? = 0
configure:14285: result: none required
configure:14351: checking for ELF support in BFD
configure:14371: ./libtool --quiet --mode=link gcc -o conftest -I../gdb-14.2/libctf/../include -I../bfd -I../gdb-14.2/libctf/../bfd -g -O2    -L../bfd -L../libiberty   conftest.c -lbfd -liberty   >&5
configure:14371: $? = 0
configure:14379: result: yes
configure:14392: checking whether byte ordering is bigendian
configure:14407: gcc -c -g -O2    conftest.c >&5
conftest.c:36:16: error: unknown type name 'not'
   36 |                not a universal capable compiler
      |                ^~~
conftest.c:36:22: error: expected '=', ',', ';', 'asm' or '__attribute__' before 'universal'
   36 |                not a universal capable compiler
      |                      ^~~~~~~~~
conftest.c:36:22: error: unknown type name 'universal'
configure:14407: $? = 1
configure: failed program was:
| /* confdefs.h */
| #define PACKAGE_NAME "libctf"
| #define PACKAGE_TARNAME "libctf"
| #define PACKAGE_VERSION "1.2.0"
| #define PACKAGE_STRING "libctf 1.2.0"
| #define PACKAGE_BUGREPORT ""
| #define PACKAGE_URL ""
| #define STDC_HEADERS 1
| #define HAVE_SYS_TYPES_H 1
| #define HAVE_SYS_STAT_H 1
| #define HAVE_STDLIB_H 1
| #define HAVE_STRING_H 1
| #define HAVE_MEMORY_H 1
| #define HAVE_STRINGS_H 1
| #define HAVE_INTTYPES_H 1
| #define HAVE_STDINT_H 1
| #define HAVE_UNISTD_H 1
| #define __EXTENSIONS__ 1
| #define _ALL_SOURCE 1
| #define _GNU_SOURCE 1
| #define _POSIX_PTHREAD_SEMANTICS 1
| #define _TANDEM_SOURCE 1
| #define PACKAGE "libctf"
| #define VERSION "1.2.0"
| #define ENABLE_NLS 1
| #define HAVE_DLFCN_H 1
| #define LT_OBJDIR ".libs/"
| #define HAVE_STDLIB_H 1
| #define HAVE_UNISTD_H 1
| #define HAVE_SYS_PARAM_H 1
| #define HAVE_GETPAGESIZE 1
| #define HAVE_MMAP 1
| #define HAVE_BFD_ELF 1
| /* end confdefs.h.  */
| #ifndef __APPLE_CC__
| 	       not a universal capable compiler
| 	     #endif
| 	     typedef int dummy;
| 
configure:14452: gcc -c -g -O2    conftest.c >&5
configure:14452: $? = 0
configure:14470: gcc -c -g -O2    conftest.c >&5
conftest.c: In function 'main':
conftest.c:42:18: error: unknown type name 'not'; did you mean 'ino_t'?
   42 |                  not big endian
      |                  ^~~
      |                  ino_t
conftest.c:42:26: error: expected '=', ',', ';', 'asm' or '__attribute__' before 'endian'
   42 |                  not big endian
      |                          ^~~~~~
configure:14470: $? = 1
configure: failed program was:
| /* confdefs.h */
| #define PACKAGE_NAME "libctf"
| #define PACKAGE_TARNAME "libctf"
| #define PACKAGE_VERSION "1.2.0"
| #define PACKAGE_STRING "libctf 1.2.0"
| #define PACKAGE_BUGREPORT ""
| #define PACKAGE_URL ""
| #define STDC_HEADERS 1
| #define HAVE_SYS_TYPES_H 1
| #define HAVE_SYS_STAT_H 1
| #define HAVE_STDLIB_H 1
| #define HAVE_STRING_H 1
| #define HAVE_MEMORY_H 1
| #define HAVE_STRINGS_H 1
| #define HAVE_INTTYPES_H 1
| #define HAVE_STDINT_H 1
| #define HAVE_UNISTD_H 1
| #define __EXTENSIONS__ 1
| #define _ALL_SOURCE 1
| #define _GNU_SOURCE 1
| #define _POSIX_PTHREAD_SEMANTICS 1
| #define _TANDEM_SOURCE 1
| #define PACKAGE "libctf"
| #define VERSION "1.2.0"
| #define ENABLE_NLS 1
| #define HAVE_DLFCN_H 1
| #define LT_OBJDIR ".libs/"
| #define HAVE_STDLIB_H 1
| #define HAVE_UNISTD_H 1
| #define HAVE_SYS_PARAM_H 1
| #define HAVE_GETPAGESIZE 1
| #define HAVE_MMAP 1
| #define HAVE_BFD_ELF 1
| /* end confdefs.h.  */
| #include <sys/types.h>
| 		#include <sys/param.h>
| 
| int
| main ()
| {
| #if BYTE_ORDER != BIG_ENDIAN
| 		 not big endian
| 		#endif
| 
|   ;
|   return 0;
| }
configure:14598: result: no
configure:14619: checking byteswap.h usability
configure:14619: gcc -c -g -O2    conftest.c >&5
configure:14619: $? = 0
configure:14619: result: yes
configure:14619: checking byteswap.h presence
configure:14619: gcc -E  conftest.c
configure:14619: $? = 0
configure:14619: result: yes
configure:14619: checking for byteswap.h
configure:14619: result: yes
configure:14619: checking endian.h usability
configure:14619: gcc -c -g -O2    conftest.c >&5
configure:14619: $? = 0
configure:14619: result: yes
configure:14619: checking endian.h presence
configure:14619: gcc -E  conftest.c
configure:14619: $? = 0
configure:14619: result: yes
configure:14619: checking for endian.h
configure:14619: result: yes
configure:14631: checking for pread
configure:14631: gcc -o conftest -g -O2      conftest.c  >&5
configure:14631: $? = 0
configure:14631: result: yes
configure:14641: checking whether bswap_16 is declared
configure:14641: gcc -c -g -O2    conftest.c >&5
configure:14641: $? = 0
configure:14641: result: yes
configure:14652: checking whether bswap_32 is declared
configure:14652: gcc -c -g -O2    conftest.c >&5
configure:14652: $? = 0
configure:14652: result: yes
configure:14663: checking whether bswap_64 is declared
configure:14663: gcc -c -g -O2    conftest.c >&5
configure:14663: $? = 0
configure:14663: result: yes
configure:14675: checking whether asprintf is declared
configure:14675: gcc -c -g -O2    conftest.c >&5
configure:14675: $? = 0
configure:14675: result: yes
configure:14685: checking whether vasprintf is declared
configure:14685: gcc -c -g -O2    conftest.c >&5
configure:14685: $? = 0
configure:14685: result: yes
configure:14695: checking whether stpcpy is declared
configure:14695: gcc -c -g -O2    conftest.c >&5
configure:14695: $? = 0
configure:14695: result: yes
configure:14713: checking for qsort_r
configure:14713: gcc -o conftest -g -O2      conftest.c  >&5
configure:14713: $? = 0
configure:14713: result: yes
configure:14726: checking for qsort_r signature
configure:14752: gcc -o conftest -g -O2      conftest.c  >&5
configure:14752: $? = 0
configure:14786: result: GNU
configure:14809: checking for O_CLOEXEC
configure:14829: gcc -o conftest -g -O2      conftest.c  >&5
configure:14829: $? = 0
configure:14837: result: yes
configure:14852: checking for makeinfo
configure:14879: result: makeinfo
configure:14957: checking for expect
configure:14990: result: no
configure:14995: checking for Tcl supporting try/catch
configure:15006: result: no
configure:15017: checking for linker versioning flags
configure:15032: gcc -o conftest -g -O2   -fPIC    -shared -Wl,--version-script=conftest.ver conftest.c  >&5
configure:15032: $? = 0
configure:15061: result: -Wl,--version-script='../gdb-14.2/libctf/libctf.ver'
configure:15142: updating cache ./config.cache
configure:15186: checking that generated files are newer than configure
configure:15192: result: done
configure:15236: creating ./config.status

## ---------------------- ##
## Running config.status. ##
## ---------------------- ##

This file was extended by libctf config.status 1.2.0, which was
generated by GNU Autoconf 2.69.  Invocation command line was

  CONFIG_FILES    = 
  CONFIG_HEADERS  = 
  CONFIG_LINKS    = 
  CONFIG_COMMANDS = 
  $ ./config.status 

on leonardo-virtual-machine

config.status:1137: creating Makefile
config.status:1137: creating config.h
config.status:1351: executing depfiles commands
config.status:1351: executing libtool commands

## ---------------- ##
## Cache variables. ##
## ---------------- ##

ac_cv_build=x86_64-pc-linux-gnu
ac_cv_c_bigendian=no
ac_cv_c_compiler_gnu=yes
ac_cv_env_CC_set=set
ac_cv_env_CC_value=gcc
ac_cv_env_CFLAGS_set=set
ac_cv_env_CFLAGS_value='-g -O2  '
ac_cv_env_CPPFLAGS_set=
ac_cv_env_CPPFLAGS_value=
ac_cv_env_CPP_set=
ac_cv_env_CPP_value=
ac_cv_env_LDFLAGS_set=set
ac_cv_env_LDFLAGS_value=' '
ac_cv_env_LIBS_set=
ac_cv_env_LIBS_value=
ac_cv_env_build_alias_set=set
ac_cv_env_build_alias_value=x86_64-pc-linux-gnu
ac_cv_env_host_alias_set=set
ac_cv_env_host_alias_value=x86_64-pc-linux-gnu
ac_cv_env_target_alias_set=set
ac_cv_env_target_alias_value=i686-elf
ac_cv_func_getpagesize=yes
ac_cv_func_mmap_fixed_mapped=yes
ac_cv_func_pread=yes
ac_cv_func_qsort_r=yes
ac_cv_have_decl_asprintf=yes
ac_cv_have_decl_bswap_16=yes
ac_cv_have_decl_bswap_32=yes
ac_cv_have_decl_bswap_64=yes
ac_cv_have_decl_stpcpy=yes
ac_cv_have_decl_vasprintf=yes
ac_cv_header_byteswap_h=yes
ac_cv_header_dlfcn_h=yes
ac_cv_header_endian_h=yes
ac_cv_header_inttypes_h=yes
ac_cv_header_memory_h=yes
ac_cv_header_minix_config_h=no
ac_cv_header_stdc=yes
ac_cv_header_stdint_h=yes
ac_cv_header_stdlib_h=yes
ac_cv_header_string_h=yes
ac_cv_header_strings_h=yes
ac_cv_header_sys_param_h=yes
ac_cv_header_sys_stat_h=yes
ac_cv_header_sys_types_h=yes
ac_cv_header_unistd_h=yes
ac_cv_host=x86_64-pc-linux-gnu
ac_cv_libctf_bfd_elf=yes
ac_cv_libctf_macro_O_CLOEXEC=yes
ac_cv_libctf_qsort_r_signature=GNU
ac_cv_libctf_tcl_try=no
ac_cv_libctf_version_script='-Wl,--version-script='\''../gdb-14.2/libctf/libctf.ver'\'''
ac_cv_objext=o
ac_cv_path_EGREP='/usr/bin/grep -E'
ac_cv_path_FGREP='/usr/bin/grep -F'
ac_cv_path_GREP=/usr/bin/grep
ac_cv_path_SED=/usr/bin/sed
ac_cv_path_install='/usr/bin/install -c'
ac_cv_path_mkdir=/usr/bin/mkdir
ac_cv_prog_ACLOCAL='${SHELL} /home/leonardo/Documents/GitHub/GCC-Cross-Compiler-Creation/gcc-dependencies/src/build-gdb/gdb-14.2/missing aclocal-1.15'
ac_cv_prog_AR='ar --plugin /usr/lib/gcc/x86_64-linux-gnu/11/liblto_plugin.so'
ac_cv_prog_AUTOCONF='${SHELL} /home/leonardo/Documents/GitHub/GCC-Cross-Compiler-Creation/gcc-dependencies/src/build-gdb/gdb-14.2/missing autoconf'
ac_cv_prog_AUTOHEADER='${SHELL} /home/leonardo/Documents/GitHub/GCC-Cross-Compiler-Creation/gcc-dependencies/src/build-gdb/gdb-14.2/missing autoheader'
ac_cv_prog_AWK=mawk
ac_cv_prog_CC=gcc
ac_cv_prog_CPP='gcc -E'
ac_cv_prog_MAKEINFO=makeinfo
ac_cv_prog_OBJDUMP=objdump
ac_cv_prog_RANLIB='ranlib --plugin /usr/lib/gcc/x86_64-linux-gnu/11/liblto_plugin.so'
ac_cv_prog_ac_ct_STRIP=strip
ac_cv_prog_cc_c89=
ac_cv_prog_cc_g=yes
ac_cv_prog_make_make_set=yes
ac_cv_safe_to_define___extensions__=yes
ac_cv_search_dlsym='none required'
ac_cv_sys_file_offset_bits=no
ac_cv_sys_largefile_CC=no
ac_cv_target=i686-pc-elf
acx_cv_prog_cc_pedantic__Wlong_long=yes
acx_cv_prog_cc_warning__W=yes
acx_cv_prog_cc_warning__Wall=yes
acx_cv_prog_cc_warning__Wmissing_format_attribute=yes
acx_cv_prog_cc_warning__Wmissing_prototypes=yes
acx_cv_prog_cc_warning__Wnarrowing=yes
acx_cv_prog_cc_warning__Wold_style_definition=yes
acx_cv_prog_cc_warning__Wstrict_prototypes=yes
acx_cv_prog_cc_warning__Wwrite_strings=yes
am_cv_CC_dependencies_compiler_type=gcc3
am_cv_ar_interface=ar
am_cv_make_support_nested_variables=yes
am_cv_prog_cc_c_o=yes
lt_cv_deplibs_check_method=pass_all
lt_cv_file_magic_cmd='$MAGIC_CMD'
lt_cv_file_magic_test_file=
lt_cv_ld_reload_flag=-r
lt_cv_nm_interface='BSD nm'
lt_cv_objdir=.libs
lt_cv_path_LD=ld
lt_cv_path_NM='/usr/bin/nm -B'
lt_cv_prog_compiler_c_o=yes
lt_cv_prog_compiler_pic_works=yes
lt_cv_prog_compiler_rtti_exceptions=no
lt_cv_prog_compiler_static_works=yes
lt_cv_prog_gnu_ld=yes
lt_cv_shlibpath_overrides_runpath=yes
lt_cv_sys_global_symbol_pipe='sed -n -e '\''s/^.*[	 ]\([ABCDGIRSTW][ABCDGIRSTW]*\)[	 ][	 ]*\([_A-Za-z][_A-Za-z0-9]*\)$/\1 \2 \2/p'\'''
lt_cv_sys_global_symbol_to_c_name_address='sed -n -e '\''s/^: \([^ ]*\) $/  {\"\1\", (void *) 0},/p'\'' -e '\''s/^[ABCDGIRSTW]* \([^ ]*\) \([^ ]*\)$/  {"\2", (void *) \&\2},/p'\'''
lt_cv_sys_global_symbol_to_c_name_address_lib_prefix='sed -n -e '\''s/^: \([^ ]*\) $/  {\"\1\", (void *) 0},/p'\'' -e '\''s/^[ABCDGIRSTW]* \([^ ]*\) \(lib[^ ]*\)$/  {"\2", (void *) \&\2},/p'\'' -e '\''s/^[ABCDGIRSTW]* \([^ ]*\) \([^ ]*\)$/  {"lib\2", (void *) \&\2},/p'\'''
lt_cv_sys_global_symbol_to_cdecl='sed -n -e '\''s/^T .* \(.*\)$/extern int \1();/p'\'' -e '\''s/^[ABCDGIRSTW]* .* \(.*\)$/extern char \1;/p'\'''
lt_cv_sys_max_cmd_len=1572864

## ----------------- ##
## Output variables. ##
## ----------------- ##

ACLOCAL='${SHELL} /home/leonardo/Documents/GitHub/GCC-Cross-Compiler-Creation/gcc-dependencies/src/build-gdb/gdb-14.2/missing aclocal-1.15'
AMDEPBACKSLASH='\'
AMDEP_FALSE='#'
AMDEP_TRUE=''
AMTAR='$${TAR-tar}'
AM_BACKSLASH='\'
AM_DEFAULT_V='$(AM_DEFAULT_VERBOSITY)'
AM_DEFAULT_VERBOSITY='0'
AM_V='$(V)'
AR='ar --plugin /usr/lib/gcc/x86_64-linux-gnu/11/liblto_plugin.so --plugin /usr/lib/gcc/x86_64-linux-gnu/11/liblto_plugin.so'
AUTOCONF='${SHELL} /home/leonardo/Documents/GitHub/GCC-Cross-Compiler-Creation/gcc-dependencies/src/build-gdb/gdb-14.2/missing autoconf'
AUTOHEADER='${SHELL} /home/leonardo/Documents/GitHub/GCC-Cross-Compiler-Creation/gcc-dependencies/src/build-gdb/gdb-14.2/missing autoheader'
AUTOMAKE='${SHELL} /home/leonardo/Documents/GitHub/GCC-Cross-Compiler-Creation/gcc-dependencies/src/build-gdb/gdb-14.2/missing automake-1.15'
AWK='mawk'
BUILD_INFO_FALSE='#'
BUILD_INFO_TRUE=''
CATALOGS=''
CATOBJEXT='.gmo'
CC='gcc'
CCDEPMODE='depmode=gcc3'
CFLAGS='-g -O2  '
CPP='gcc -E'
CPPFLAGS=''
CTF_LIBADD='-L/home/leonardo/Documents/GitHub/GCC-Cross-Compiler-Creation/gcc-dependencies/src/build-gdb/libctf/../libiberty -liberty '
CYGPATH_W='echo'
DATADIRNAME='share'
DEFS='-DHAVE_CONFIG_H'
DEPDIR='.deps'
DSYMUTIL='dsymutil'
DUMPBIN=''
ECHO_C=''
ECHO_N='-n'
ECHO_T=''
EGREP='/usr/bin/grep -E'
ENABLE_LIBCTF_HASH_DEBUGGING_FALSE=''
ENABLE_LIBCTF_HASH_DEBUGGING_TRUE='#'
EXEEXT=''
EXPECT=''
FGREP='/usr/bin/grep -F'
GENCAT='gencat'
GMSGFMT=':'
GREP='/usr/bin/grep'
HAVE_TCL_TRY='false'
INCINTL=''
INSTALL_DATA='${INSTALL} -m 644'
INSTALL_LIBBFD_FALSE=''
INSTALL_LIBBFD_TRUE='#'
INSTALL_PROGRAM='${INSTALL}'
INSTALL_SCRIPT='${INSTALL}'
INSTALL_STRIP_PROGRAM='$(install_sh) -c -s'
INSTOBJEXT='.mo'
LD='ld -m elf_x86_64'
LDFLAGS=' '
LIBINTL=''
LIBINTL_DEP=''
LIBOBJS=''
LIBS=''
LIBTOOL='$(SHELL) $(top_builddir)/libtool'
LIPO=''
LN_S='ln -s'
LTLIBOBJS=''
MAINT='#'
MAINTAINER_MODE_FALSE=''
MAINTAINER_MODE_TRUE='#'
MAKEINFO='makeinfo'
MKDIR_P='/usr/bin/mkdir -p'
NEED_CTF_QSORT_R_FALSE=''
NEED_CTF_QSORT_R_TRUE='#'
NM='/usr/bin/nm -B'
NMEDIT=''
OBJDUMP='objdump'
OBJEXT='o'
OTOOL64=''
OTOOL='otool'
PACKAGE='libctf'
PACKAGE_BUGREPORT=''
PACKAGE_NAME='libctf'
PACKAGE_STRING='libctf 1.2.0'
PACKAGE_TARNAME='libctf'
PACKAGE_URL=''
PACKAGE_VERSION='1.2.0'
PATH_SEPARATOR=':'
POSUB='po'
RANLIB='ranlib --plugin /usr/lib/gcc/x86_64-linux-gnu/11/liblto_plugin.so --plugin /usr/lib/gcc/x86_64-linux-gnu/11/liblto_plugin.so'
SED='/usr/bin/sed'
SET_MAKE=''
SHARED_LDFLAGS=''
SHELL='/bin/bash'
STRIP='strip'
USE_NLS='yes'
VERSION='1.2.0'
VERSION_FLAGS='-Wl,--version-script='\''../gdb-14.2/libctf/libctf.ver'\'''
VERSION_FLAGS_NOBFD='-Wl,--version-script='\''../gdb-14.2/libctf/libctf.ver'\'''
WARN_PEDANTIC='-pedantic -Wno-long-long'
WERROR=''
XGETTEXT=':'
ac_ct_AR=''
ac_ct_CC=''
ac_ct_DUMPBIN=''
ac_libctf_warn_cflags='-Wall'
am__EXEEXT_FALSE=''
am__EXEEXT_TRUE='#'
am__fastdepCC_FALSE='#'
am__fastdepCC_TRUE=''
am__include='include'
am__isrc=' -I$(srcdir)'
am__leading_dot='.'
am__nodep='_no'
am__quote=''
am__tar='$${TAR-tar} chof - "$$tardir"'
am__untar='$${TAR-tar} xf -'
bfdincludedir='$(exec_prefix)/$(host_noncanonical)/$(target_noncanonical)/include'
bfdlibdir='$(exec_prefix)/$(host_noncanonical)/$(target_noncanonical)/lib'
bindir='${exec_prefix}/bin'
build='x86_64-pc-linux-gnu'
build_alias='x86_64-pc-linux-gnu'
build_cpu='x86_64'
build_os='linux-gnu'
build_vendor='pc'
c_warn='-Wstrict-prototypes -Wmissing-prototypes -Wold-style-definition'
datadir='${datarootdir}'
datarootdir='${prefix}/share'
docdir='${datarootdir}/doc/${PACKAGE_TARNAME}'
dvidir='${docdir}'
exec_prefix='${prefix}'
host='x86_64-pc-linux-gnu'
host_alias='x86_64-pc-linux-gnu'
host_cpu='x86_64'
host_noncanonical='x86_64-pc-linux-gnu'
host_os='linux-gnu'
host_vendor='pc'
htmldir='${docdir}'
includedir='${prefix}/include'
infodir='${datarootdir}/info'
install_sh='${SHELL} /home/leonardo/Documents/GitHub/GCC-Cross-Compiler-Creation/gcc-dependencies/src/build-gdb/gdb-14.2/install-sh'
libdir='${exec_prefix}/lib'
libexecdir='${exec_prefix}/libexec'
localedir='${datarootdir}/locale'
localstatedir='${prefix}/var'
mandir='${datarootdir}/man'
mkdir_p='$(MKDIR_P)'
oldincludedir='/usr/include'
pdfdir='${docdir}'
prefix='/home/leonardo/Documents/GitHub/GCC-Cross-Compiler-Creation/cross'
program_transform_name='s&^&i686-elf-&'
psdir='${docdir}'
sbindir='${exec_prefix}/sbin'
sharedstatedir='${prefix}/com'
sysconfdir='${prefix}/etc'
target='i686-pc-elf'
target_alias='i686-elf'
target_cpu='i686'
target_noncanonical='i686-elf'
target_os='elf'
target_vendor='pc'
warn='-W -Wall -Wno-narrowing -Wwrite-strings -Wmissing-format-attribute'
zlibdir='-L$(top_builddir)/../zlib'
zlibinc='-I$(top_srcdir)/../zlib'

## ----------- ##
## confdefs.h. ##
## ----------- ##

/* confdefs.h */
#define PACKAGE_NAME "libctf"
#define PACKAGE_TARNAME "libctf"
#define PACKAGE_VERSION "1.2.0"
#define PACKAGE_STRING "libctf 1.2.0"
#define PACKAGE_BUGREPORT ""
#define PACKAGE_URL ""
#define STDC_HEADERS 1
#define HAVE_SYS_TYPES_H 1
#define HAVE_SYS_STAT_H 1
#define HAVE_STDLIB_H 1
#define HAVE_STRING_H 1
#define HAVE_MEMORY_H 1
#define HAVE_STRINGS_H 1
#define HAVE_INTTYPES_H 1
#define HAVE_STDINT_H 1
#define HAVE_UNISTD_H 1
#define __EXTENSIONS__ 1
#define _ALL_SOURCE 1
#define _GNU_SOURCE 1
#define _POSIX_PTHREAD_SEMANTICS 1
#define _TANDEM_SOURCE 1
#define PACKAGE "libctf"
#define VERSION "1.2.0"
#define ENABLE_NLS 1
#define HAVE_DLFCN_H 1
#define LT_OBJDIR ".libs/"
#define HAVE_STDLIB_H 1
#define HAVE_UNISTD_H 1
#define HAVE_SYS_PARAM_H 1
#define HAVE_GETPAGESIZE 1
#define HAVE_MMAP 1
#define HAVE_BFD_ELF 1
#define HAVE_BYTESWAP_H 1
#define HAVE_ENDIAN_H 1
#define HAVE_PREAD 1
#define HAVE_DECL_BSWAP_16 1
#define HAVE_DECL_BSWAP_32 1
#define HAVE_DECL_BSWAP_64 1
#define HAVE_DECL_ASPRINTF 1
#define HAVE_DECL_VASPRINTF 1
#define HAVE_DECL_STPCPY 1
#define HAVE_QSORT_R 1
#define HAVE_QSORT_R_ARG_LAST 1
#define HAVE_O_CLOEXEC 1

configure: exit 0
