This file contains any messages produced by compilers while
running configure, to aid debugging if configure makes a mistake.

It was created by bfd configure 2.41.50, which was
generated by GNU Autoconf 2.69.  Invocation command line was

  $ /home/leonardo/Documents/GitHub/GCC-Cross-Compiler-Creation/gcc-dependencies/src/build-gdb/gdb-14.2/bfd/configure --srcdir=../gdb-14.2/bfd --cache-file=./config.cache --prefix=/home/leonardo/Documents/GitHub/GCC-Cross-Compiler-Creation/cross --disable-werror --program-transform-name=s&^&i686-elf-& --disable-option-checking --disable-year2038 --build=x86_64-pc-linux-gnu --host=x86_64-pc-linux-gnu --target=i686-elf

## --------- ##
## Platform. ##
## --------- ##

hostname = leonardo-virtual-machine
uname -m = x86_64
uname -r = 6.5.0-35-generic
uname -s = Linux
uname -v = #35~22.04.1-Ubuntu SMP PREEMPT_DYNAMIC Tue May  7 09:00:52 UTC 2

/usr/bin/uname -p = x86_64
/bin/uname -X     = unknown

/bin/arch              = x86_64
/usr/bin/arch -k       = unknown
/usr/convex/getsysinfo = unknown
/usr/bin/hostinfo      = unknown
/bin/machine           = unknown
/usr/bin/oslevel       = unknown
/bin/universe          = unknown

PATH: /home/leonardo/Documents/GitHub/GCC-Cross-Compiler-Creation/cross/bin
PATH: /home/leonardo/.nvm/versions/node/v16.20.2/bin
PATH: /usr/local/sbin
PATH: /usr/local/bin
PATH: /usr/sbin
PATH: /usr/bin
PATH: /sbin
PATH: /bin
PATH: /usr/games
PATH: /usr/local/games
PATH: /snap/bin
PATH: /snap/bin


## ----------- ##
## Core tests. ##
## ----------- ##

configure:2480: creating cache ./config.cache
configure:2594: checking build system type
configure:2608: result: x86_64-pc-linux-gnu
configure:2628: checking host system type
configure:2641: result: x86_64-pc-linux-gnu
configure:2661: checking target system type
configure:2674: result: i686-pc-elf
configure:2717: checking for a BSD-compatible install
configure:2785: result: /usr/bin/install -c
configure:2796: checking whether build environment is sane
configure:2851: result: yes
configure:3002: checking for a thread-safe mkdir -p
configure:3041: result: /usr/bin/mkdir -p
configure:3048: checking for gawk
configure:3075: result: mawk
configure:3086: checking whether make sets $(MAKE)
configure:3108: result: yes
configure:3137: checking whether make supports nested variables
configure:3154: result: yes
configure:3291: checking whether make supports nested variables
configure:3308: result: yes
configure:3323: checking for x86_64-pc-linux-gnu-ar
configure:3350: result: ar --plugin /usr/lib/gcc/x86_64-linux-gnu/11/liblto_plugin.so
configure:3415: checking for x86_64-pc-linux-gnu-ranlib
configure:3442: result: ranlib --plugin /usr/lib/gcc/x86_64-linux-gnu/11/liblto_plugin.so
configure:3545: checking for x86_64-pc-linux-gnu-gcc
configure:3572: result: gcc
configure:3841: checking for C compiler version
configure:3850: gcc --version >&5
gcc (Ubuntu 11.4.0-1ubuntu1~22.04) 11.4.0
Copyright (C) 2021 Free Software Foundation, Inc.
This is free software; see the source for copying conditions.  There is NO
warranty; not even for MERCHANTABILITY or FITNESS FOR A PARTICULAR PURPOSE.

configure:3861: $? = 0
configure:3850: gcc -v >&5
Using built-in specs.
COLLECT_GCC=gcc
COLLECT_LTO_WRAPPER=/usr/lib/gcc/x86_64-linux-gnu/11/lto-wrapper
OFFLOAD_TARGET_NAMES=nvptx-none:amdgcn-amdhsa
OFFLOAD_TARGET_DEFAULT=1
Target: x86_64-linux-gnu
Configured with: ../src/configure -v --with-pkgversion='Ubuntu 11.4.0-1ubuntu1~22.04' --with-bugurl=file:///usr/share/doc/gcc-11/README.Bugs --enable-languages=c,ada,c++,go,brig,d,fortran,objc,obj-c++,m2 --prefix=/usr --with-gcc-major-version-only --program-suffix=-11 --program-prefix=x86_64-linux-gnu- --enable-shared --enable-linker-build-id --libexecdir=/usr/lib --without-included-gettext --enable-threads=posix --libdir=/usr/lib --enable-nls --enable-bootstrap --enable-clocale=gnu --enable-libstdcxx-debug --enable-libstdcxx-time=yes --with-default-libstdcxx-abi=new --enable-gnu-unique-object --disable-vtable-verify --enable-plugin --enable-default-pie --with-system-zlib --enable-libphobos-checking=release --with-target-system-zlib=auto --enable-objc-gc=auto --enable-multiarch --disable-werror --enable-cet --with-arch-32=i686 --with-abi=m64 --with-multilib-list=m32,m64,mx32 --enable-multilib --with-tune=generic --enable-offload-targets=nvptx-none=/build/gcc-11-XeT9lY/gcc-11-11.4.0/debian/tmp-nvptx/usr,amdgcn-amdhsa=/build/gcc-11-XeT9lY/gcc-11-11.4.0/debian/tmp-gcn/usr --without-cuda-driver --enable-checking=release --build=x86_64-linux-gnu --host=x86_64-linux-gnu --target=x86_64-linux-gnu --with-build-config=bootstrap-lto-lean --enable-link-serialization=2
Thread model: posix
Supported LTO compression algorithms: zlib zstd
gcc version 11.4.0 (Ubuntu 11.4.0-1ubuntu1~22.04) 
... rest of stderr output deleted ...
configure:3861: $? = 0
configure:3850: gcc -V >&5
gcc: error: unrecognized command-line option '-V'
gcc: fatal error: no input files
compilation terminated.
configure:3861: $? = 1
configure:3850: gcc -qversion >&5
gcc: error: unrecognized command-line option '-qversion'; did you mean '--version'?
gcc: fatal error: no input files
compilation terminated.
configure:3861: $? = 1
configure:3881: checking whether the C compiler works
configure:3903: gcc -g -O2      conftest.c  >&5
configure:3907: $? = 0
configure:3955: result: yes
configure:3958: checking for C compiler default output file name
configure:3960: result: a.out
configure:3966: checking for suffix of executables
configure:3973: gcc -o conftest -g -O2      conftest.c  >&5
configure:3977: $? = 0
configure:3999: result: 
configure:4021: checking whether we are cross compiling
configure:4029: gcc -o conftest -g -O2      conftest.c  >&5
configure:4033: $? = 0
configure:4040: ./conftest
configure:4044: $? = 0
configure:4059: result: no
configure:4064: checking for suffix of object files
configure:4086: gcc -c -g -O2    conftest.c >&5
configure:4090: $? = 0
configure:4111: result: o
configure:4115: checking whether we are using the GNU C compiler
configure:4134: gcc -c -g -O2    conftest.c >&5
configure:4134: $? = 0
configure:4143: result: yes
configure:4152: checking whether gcc accepts -g
configure:4172: gcc -c -g  conftest.c >&5
configure:4172: $? = 0
configure:4213: result: yes
configure:4230: checking for gcc option to accept ISO C89
configure:4293: gcc  -c -g -O2    conftest.c >&5
configure:4293: $? = 0
configure:4306: result: none needed
configure:4331: checking whether gcc understands -c and -o together
configure:4353: gcc -c conftest.c -o conftest2.o
configure:4356: $? = 0
configure:4353: gcc -c conftest.c -o conftest2.o
configure:4356: $? = 0
configure:4368: result: yes
configure:4396: checking for style of include used by make
configure:4424: result: GNU
configure:4450: checking dependency style of gcc
configure:4561: result: gcc3
configure:4582: checking how to run the C preprocessor
configure:4613: gcc -E  conftest.c
configure:4613: $? = 0
configure:4627: gcc -E  conftest.c
conftest.c:11:10: fatal error: ac_nonexistent.h: No such file or directory
   11 | #include <ac_nonexistent.h>
      |          ^~~~~~~~~~~~~~~~~~
compilation terminated.
configure:4627: $? = 1
configure: failed program was:
| /* confdefs.h */
| #define PACKAGE_NAME "bfd"
| #define PACKAGE_TARNAME "bfd"
| #define PACKAGE_VERSION "2.41.50"
| #define PACKAGE_STRING "bfd 2.41.50"
| #define PACKAGE_BUGREPORT ""
| #define PACKAGE_URL ""
| #define PACKAGE "bfd"
| #define VERSION "2.41.50"
| /* end confdefs.h.  */
| #include <ac_nonexistent.h>
configure:4652: result: gcc -E
configure:4672: gcc -E  conftest.c
configure:4672: $? = 0
configure:4686: gcc -E  conftest.c
conftest.c:11:10: fatal error: ac_nonexistent.h: No such file or directory
   11 | #include <ac_nonexistent.h>
      |          ^~~~~~~~~~~~~~~~~~
compilation terminated.
configure:4686: $? = 1
configure: failed program was:
| /* confdefs.h */
| #define PACKAGE_NAME "bfd"
| #define PACKAGE_TARNAME "bfd"
| #define PACKAGE_VERSION "2.41.50"
| #define PACKAGE_STRING "bfd 2.41.50"
| #define PACKAGE_BUGREPORT ""
| #define PACKAGE_URL ""
| #define PACKAGE "bfd"
| #define VERSION "2.41.50"
| /* end confdefs.h.  */
| #include <ac_nonexistent.h>
configure:4715: checking for grep that handles long lines and -e
configure:4773: result: /usr/bin/grep
configure:4778: checking for egrep
configure:4840: result: /usr/bin/grep -E
configure:4845: checking for ANSI C header files
configure:4865: gcc -c -g -O2    conftest.c >&5
configure:4865: $? = 0
configure:4938: gcc -o conftest -g -O2      conftest.c  >&5
configure:4938: $? = 0
configure:4938: ./conftest
configure:4938: $? = 0
configure:4949: result: yes
configure:4962: checking for sys/types.h
configure:4962: gcc -c -g -O2    conftest.c >&5
configure:4962: $? = 0
configure:4962: result: yes
configure:4962: checking for sys/stat.h
configure:4962: gcc -c -g -O2    conftest.c >&5
configure:4962: $? = 0
configure:4962: result: yes
configure:4962: checking for stdlib.h
configure:4962: gcc -c -g -O2    conftest.c >&5
configure:4962: $? = 0
configure:4962: result: yes
configure:4962: checking for string.h
configure:4962: gcc -c -g -O2    conftest.c >&5
configure:4962: $? = 0
configure:4962: result: yes
configure:4962: checking for memory.h
configure:4962: gcc -c -g -O2    conftest.c >&5
configure:4962: $? = 0
configure:4962: result: yes
configure:4962: checking for strings.h
configure:4962: gcc -c -g -O2    conftest.c >&5
configure:4962: $? = 0
configure:4962: result: yes
configure:4962: checking for inttypes.h
configure:4962: gcc -c -g -O2    conftest.c >&5
configure:4962: $? = 0
configure:4962: result: yes
configure:4962: checking for stdint.h
configure:4962: gcc -c -g -O2    conftest.c >&5
configure:4962: $? = 0
configure:4962: result: yes
configure:4962: checking for unistd.h
configure:4962: gcc -c -g -O2    conftest.c >&5
configure:4962: $? = 0
configure:4962: result: yes
configure:4975: checking minix/config.h usability
configure:4975: gcc -c -g -O2    conftest.c >&5
conftest.c:54:10: fatal error: minix/config.h: No such file or directory
   54 | #include <minix/config.h>
      |          ^~~~~~~~~~~~~~~~
compilation terminated.
configure:4975: $? = 1
configure: failed program was:
| /* confdefs.h */
| #define PACKAGE_NAME "bfd"
| #define PACKAGE_TARNAME "bfd"
| #define PACKAGE_VERSION "2.41.50"
| #define PACKAGE_STRING "bfd 2.41.50"
| #define PACKAGE_BUGREPORT ""
| #define PACKAGE_URL ""
| #define PACKAGE "bfd"
| #define VERSION "2.41.50"
| #define STDC_HEADERS 1
| #define HAVE_SYS_TYPES_H 1
| #define HAVE_SYS_STAT_H 1
| #define HAVE_STDLIB_H 1
| #define HAVE_STRING_H 1
| #define HAVE_MEMORY_H 1
| #define HAVE_STRINGS_H 1
| #define HAVE_INTTYPES_H 1
| #define HAVE_STDINT_H 1
| #define HAVE_UNISTD_H 1
| /* end confdefs.h.  */
| #include <stdio.h>
| #ifdef HAVE_SYS_TYPES_H
| # include <sys/types.h>
| #endif
| #ifdef HAVE_SYS_STAT_H
| # include <sys/stat.h>
| #endif
| #ifdef STDC_HEADERS
| # include <stdlib.h>
| # include <stddef.h>
| #else
| # ifdef HAVE_STDLIB_H
| #  include <stdlib.h>
| # endif
| #endif
| #ifdef HAVE_STRING_H
| # if !defined STDC_HEADERS && defined HAVE_MEMORY_H
| #  include <memory.h>
| # endif
| # include <string.h>
| #endif
| #ifdef HAVE_STRINGS_H
| # include <strings.h>
| #endif
| #ifdef HAVE_INTTYPES_H
| # include <inttypes.h>
| #endif
| #ifdef HAVE_STDINT_H
| # include <stdint.h>
| #endif
| #ifdef HAVE_UNISTD_H
| # include <unistd.h>
| #endif
| #include <minix/config.h>
configure:4975: result: no
configure:4975: checking minix/config.h presence
configure:4975: gcc -E  conftest.c
conftest.c:21:10: fatal error: minix/config.h: No such file or directory
   21 | #include <minix/config.h>
      |          ^~~~~~~~~~~~~~~~
compilation terminated.
configure:4975: $? = 1
configure: failed program was:
| /* confdefs.h */
| #define PACKAGE_NAME "bfd"
| #define PACKAGE_TARNAME "bfd"
| #define PACKAGE_VERSION "2.41.50"
| #define PACKAGE_STRING "bfd 2.41.50"
| #define PACKAGE_BUGREPORT ""
| #define PACKAGE_URL ""
| #define PACKAGE "bfd"
| #define VERSION "2.41.50"
| #define STDC_HEADERS 1
| #define HAVE_SYS_TYPES_H 1
| #define HAVE_SYS_STAT_H 1
| #define HAVE_STDLIB_H 1
| #define HAVE_STRING_H 1
| #define HAVE_MEMORY_H 1
| #define HAVE_STRINGS_H 1
| #define HAVE_INTTYPES_H 1
| #define HAVE_STDINT_H 1
| #define HAVE_UNISTD_H 1
| /* end confdefs.h.  */
| #include <minix/config.h>
configure:4975: result: no
configure:4975: checking for minix/config.h
configure:4975: result: no
configure:4996: checking whether it is safe to define __EXTENSIONS__
configure:5014: gcc -c -g -O2    conftest.c >&5
configure:5014: $? = 0
configure:5021: result: yes
configure:5084: checking how to print strings
configure:5111: result: printf
configure:5132: checking for a sed that does not truncate output
configure:5196: result: /usr/bin/sed
configure:5214: checking for fgrep
configure:5276: result: /usr/bin/grep -F
configure:5311: checking for ld used by gcc
configure:5378: result: ld
configure:5385: checking if the linker (ld) is GNU ld
configure:5400: result: yes
configure:5412: checking for BSD- or MS-compatible name lister (nm)
configure:5468: result: /usr/bin/nm -B
configure:5598: checking the name lister (/usr/bin/nm -B) interface
configure:5605: gcc -c -g -O2    conftest.c >&5
configure:5608: /usr/bin/nm -B "conftest.o"
configure:5611: output
0000000000000000 B some_variable
configure:5618: result: BSD nm
configure:5621: checking whether ln -s works
configure:5625: result: yes
configure:5633: checking the maximum length of command line arguments
configure:5758: result: 1572864
configure:5775: checking whether the shell understands some XSI constructs
configure:5785: result: yes
configure:5789: checking whether the shell understands "+="
configure:5795: result: yes
configure:5830: checking for ld option to reload object files
configure:5837: result: -r
configure:5866: checking for x86_64-pc-linux-gnu-objdump
configure:5893: result: objdump
configure:5965: checking how to recognize dependent libraries
configure:6171: result: pass_all
configure:6204: checking for x86_64-pc-linux-gnu-ar
configure:6231: result: ar --plugin /usr/lib/gcc/x86_64-linux-gnu/11/liblto_plugin.so
configure:6322: checking for x86_64-pc-linux-gnu-strip
configure:6352: result: no
configure:6362: checking for strip
configure:6378: found /usr/bin/strip
configure:6389: result: strip
configure:6421: checking for x86_64-pc-linux-gnu-ranlib
configure:6448: result: ranlib --plugin /usr/lib/gcc/x86_64-linux-gnu/11/liblto_plugin.so
configure:6595: checking command to parse /usr/bin/nm -B output from gcc object
configure:6713: gcc -c -g -O2    conftest.c >&5
configure:6716: $? = 0
configure:6720: /usr/bin/nm -B conftest.o \| sed -n -e 's/^.*[ ]\([ABCDGIRSTW][ABCDGIRSTW]*\)[ ][ ]*\([_A-Za-z][_A-Za-z0-9]*\)$/\1 \2 \2/p' \> conftest.nm
configure:6723: $? = 0
configure:6777: gcc -o conftest -g -O2      conftest.c conftstm.o >&5
configure:6780: $? = 0
configure:6818: result: ok
configure:6913: gcc -c -g -O2    conftest.c >&5
configure:6916: $? = 0
configure:7668: checking for dlfcn.h
configure:7668: gcc -c -g -O2    conftest.c >&5
configure:7668: $? = 0
configure:7668: result: yes
configure:7824: checking for objdir
configure:7839: result: .libs
configure:8110: checking if gcc supports -fno-rtti -fno-exceptions
configure:8128: gcc -c -g -O2    -fno-rtti -fno-exceptions conftest.c >&5
cc1: warning: command-line option '-fno-rtti' is valid for C++/D/ObjC++ but not for C
configure:8132: $? = 0
configure:8145: result: no
configure:8165: checking for gcc option to produce PIC
configure:8451: result: -fPIC -DPIC
configure:8463: checking if gcc PIC flag -fPIC -DPIC works
configure:8481: gcc -c -g -O2    -fPIC -DPIC -DPIC conftest.c >&5
configure:8485: $? = 0
configure:8498: result: yes
configure:8522: checking if gcc static flag -static works
configure:8550: result: yes
configure:8565: checking if gcc supports -c -o file.o
configure:8586: gcc -c -g -O2    -o out/conftest2.o conftest.c >&5
configure:8590: $? = 0
configure:8612: result: yes
configure:8620: checking if gcc supports -c -o file.o
configure:8667: result: yes
configure:8700: checking whether the gcc linker (ld -m elf_x86_64) supports shared libraries
configure:9771: result: yes
configure:10016: checking dynamic linker characteristics
configure:10462: gcc -o conftest -g -O2      -Wl,-rpath -Wl,/foo conftest.c  >&5
configure:10462: $? = 0
configure:10703: result: GNU/Linux ld.so
configure:10810: checking how to hardcode library paths into programs
configure:10835: result: immediate
configure:10929: checking for shl_load
configure:10929: gcc -o conftest -g -O2      conftest.c  >&5
/usr/bin/ld: /tmp/cc21FQnB.o: in function `main':
/home/leonardo/Documents/GitHub/GCC-Cross-Compiler-Creation/gcc-dependencies/src/build-gdb/bfd/conftest.c:62: undefined reference to `shl_load'
collect2: error: ld returned 1 exit status
configure:10929: $? = 1
configure: failed program was:
| /* confdefs.h */
| #define PACKAGE_NAME "bfd"
| #define PACKAGE_TARNAME "bfd"
| #define PACKAGE_VERSION "2.41.50"
| #define PACKAGE_STRING "bfd 2.41.50"
| #define PACKAGE_BUGREPORT ""
| #define PACKAGE_URL ""
| #define PACKAGE "bfd"
| #define VERSION "2.41.50"
| #define STDC_HEADERS 1
| #define HAVE_SYS_TYPES_H 1
| #define HAVE_SYS_STAT_H 1
| #define HAVE_STDLIB_H 1
| #define HAVE_STRING_H 1
| #define HAVE_MEMORY_H 1
| #define HAVE_STRINGS_H 1
| #define HAVE_INTTYPES_H 1
| #define HAVE_STDINT_H 1
| #define HAVE_UNISTD_H 1
| #define __EXTENSIONS__ 1
| #define _ALL_SOURCE 1
| #define _GNU_SOURCE 1
| #define _POSIX_PTHREAD_SEMANTICS 1
| #define _TANDEM_SOURCE 1
| #define HAVE_DLFCN_H 1
| #define LT_OBJDIR ".libs/"
| /* end confdefs.h.  */
| /* Define shl_load to an innocuous variant, in case <limits.h> declares shl_load.
|    For example, HP-UX 11i <limits.h> declares gettimeofday.  */
| #define shl_load innocuous_shl_load
| 
| /* System header to define __stub macros and hopefully few prototypes,
|     which can conflict with char shl_load (); below.
|     Prefer <limits.h> to <assert.h> if __STDC__ is defined, since
|     <limits.h> exists even on freestanding compilers.  */
| 
| #ifdef __STDC__
| # include <limits.h>
| #else
| # include <assert.h>
| #endif
| 
| #undef shl_load
| 
| /* Override any GCC internal prototype to avoid an error.
|    Use char because int might match the return type of a GCC
|    builtin and then its argument prototype would still apply.  */
| #ifdef __cplusplus
| extern "C"
| #endif
| char shl_load ();
| /* The GNU C library defines this for functions which it implements
|     to always fail with ENOSYS.  Some functions are actually named
|     something starting with __ and the normal name is an alias.  */
| #if defined __stub_shl_load || defined __stub___shl_load
| choke me
| #endif
| 
| int
| main ()
| {
| return shl_load ();
|   ;
|   return 0;
| }
configure:10929: result: no
configure:10933: checking for shl_load in -ldld
configure:10958: gcc -o conftest -g -O2      conftest.c -ldld   >&5
/usr/bin/ld: cannot find -ldld: No such file or directory
collect2: error: ld returned 1 exit status
configure:10958: $? = 1
configure: failed program was:
| /* confdefs.h */
| #define PACKAGE_NAME "bfd"
| #define PACKAGE_TARNAME "bfd"
| #define PACKAGE_VERSION "2.41.50"
| #define PACKAGE_STRING "bfd 2.41.50"
| #define PACKAGE_BUGREPORT ""
| #define PACKAGE_URL ""
| #define PACKAGE "bfd"
| #define VERSION "2.41.50"
| #define STDC_HEADERS 1
| #define HAVE_SYS_TYPES_H 1
| #define HAVE_SYS_STAT_H 1
| #define HAVE_STDLIB_H 1
| #define HAVE_STRING_H 1
| #define HAVE_MEMORY_H 1
| #define HAVE_STRINGS_H 1
| #define HAVE_INTTYPES_H 1
| #define HAVE_STDINT_H 1
| #define HAVE_UNISTD_H 1
| #define __EXTENSIONS__ 1
| #define _ALL_SOURCE 1
| #define _GNU_SOURCE 1
| #define _POSIX_PTHREAD_SEMANTICS 1
| #define _TANDEM_SOURCE 1
| #define HAVE_DLFCN_H 1
| #define LT_OBJDIR ".libs/"
| /* end confdefs.h.  */
| 
| /* Override any GCC internal prototype to avoid an error.
|    Use char because int might match the return type of a GCC
|    builtin and then its argument prototype would still apply.  */
| #ifdef __cplusplus
| extern "C"
| #endif
| char shl_load ();
| int
| main ()
| {
| return shl_load ();
|   ;
|   return 0;
| }
configure:10967: result: no
configure:10972: checking for dlopen
configure:10972: gcc -o conftest -g -O2      conftest.c  >&5
configure:10972: $? = 0
configure:10972: result: yes
configure:11129: checking whether a program can dlopen itself
configure:11209: gcc -o conftest -g -O2    -DHAVE_DLFCN_H   -Wl,--export-dynamic conftest.c   >&5
configure:11212: $? = 0
configure:11230: result: yes
configure:11235: checking whether a statically linked program can dlopen itself
configure:11315: gcc -o conftest -g -O2    -DHAVE_DLFCN_H   -Wl,--export-dynamic -static conftest.c   >&5
/usr/bin/ld: /tmp/ccAwL600.o: in function `main':
/home/leonardo/Documents/GitHub/GCC-Cross-Compiler-Creation/gcc-dependencies/src/build-gdb/bfd/configure:11295: warning: Using 'dlopen' in statically linked applications requires at runtime the shared libraries from the glibc version used for linking
configure:11318: $? = 0
conftest: undefined symbol: _fnord
configure:11336: result: no
configure:11375: checking whether stripping libraries is possible
configure:11380: result: yes
configure:11415: checking if libtool supports shared libraries
configure:11417: result: yes
configure:11420: checking whether to build shared libraries
configure:11441: result: no
configure:11444: checking whether to build static libraries
configure:11448: result: yes
configure:11498: checking for dlfcn.h
configure:11498: result: yes
configure:11511: checking for windows.h
configure:11511: gcc -c -g -O2    conftest.c >&5
conftest.c:63:10: fatal error: windows.h: No such file or directory
   63 | #include <windows.h>
      |          ^~~~~~~~~~~
compilation terminated.
configure:11511: $? = 1
configure: failed program was:
| /* confdefs.h */
| #define PACKAGE_NAME "bfd"
| #define PACKAGE_TARNAME "bfd"
| #define PACKAGE_VERSION "2.41.50"
| #define PACKAGE_STRING "bfd 2.41.50"
| #define PACKAGE_BUGREPORT ""
| #define PACKAGE_URL ""
| #define PACKAGE "bfd"
| #define VERSION "2.41.50"
| #define STDC_HEADERS 1
| #define HAVE_SYS_TYPES_H 1
| #define HAVE_SYS_STAT_H 1
| #define HAVE_STDLIB_H 1
| #define HAVE_STRING_H 1
| #define HAVE_MEMORY_H 1
| #define HAVE_STRINGS_H 1
| #define HAVE_INTTYPES_H 1
| #define HAVE_STDINT_H 1
| #define HAVE_UNISTD_H 1
| #define __EXTENSIONS__ 1
| #define _ALL_SOURCE 1
| #define _GNU_SOURCE 1
| #define _POSIX_PTHREAD_SEMANTICS 1
| #define _TANDEM_SOURCE 1
| #define HAVE_DLFCN_H 1
| #define LT_OBJDIR ".libs/"
| #define HAVE_DLFCN_H 1
| /* end confdefs.h.  */
| #include <stdio.h>
| #ifdef HAVE_SYS_TYPES_H
| # include <sys/types.h>
| #endif
| #ifdef HAVE_SYS_STAT_H
| # include <sys/stat.h>
| #endif
| #ifdef STDC_HEADERS
| # include <stdlib.h>
| # include <stddef.h>
| #else
| # ifdef HAVE_STDLIB_H
| #  include <stdlib.h>
| # endif
| #endif
| #ifdef HAVE_STRING_H
| # if !defined STDC_HEADERS && defined HAVE_MEMORY_H
| #  include <memory.h>
| # endif
| # include <string.h>
| #endif
| #ifdef HAVE_STRINGS_H
| # include <strings.h>
| #endif
| #ifdef HAVE_INTTYPES_H
| # include <inttypes.h>
| #endif
| #ifdef HAVE_STDINT_H
| # include <stdint.h>
| #endif
| #ifdef HAVE_UNISTD_H
| # include <unistd.h>
| #endif
| 
| #include <windows.h>
configure:11511: result: no
configure:11538: checking for library containing dlsym
configure:11569: gcc -o conftest -g -O2      conftest.c  >&5
configure:11569: $? = 0
configure:11586: result: none required
configure:11658: checking for special C compiler options needed for large files
configure:11703: result: no
configure:11709: checking for _FILE_OFFSET_BITS value needed for large files
configure:11734: gcc -c -g -O2    conftest.c >&5
configure:11734: $? = 0
configure:11766: result: no
configure:11921: checking size of void *
configure:11926: gcc -o conftest -g -O2      conftest.c  >&5
configure:11926: $? = 0
configure:11926: ./conftest
configure:11926: $? = 0
configure:11940: result: 8
configure:12295: checking whether to enable maintainer-specific portions of Makefiles
configure:12304: result: no
configure:12340: checking whether to install libbfd
configure:12353: result: no
configure:12383: checking whether byte ordering is bigendian
configure:12398: gcc -c -g -O2    conftest.c >&5
conftest.c:33:16: error: unknown type name 'not'
   33 |                not a universal capable compiler
      |                ^~~
conftest.c:33:22: error: expected '=', ',', ';', 'asm' or '__attribute__' before 'universal'
   33 |                not a universal capable compiler
      |                      ^~~~~~~~~
conftest.c:33:22: error: unknown type name 'universal'
configure:12398: $? = 1
configure: failed program was:
| /* confdefs.h */
| #define PACKAGE_NAME "bfd"
| #define PACKAGE_TARNAME "bfd"
| #define PACKAGE_VERSION "2.41.50"
| #define PACKAGE_STRING "bfd 2.41.50"
| #define PACKAGE_BUGREPORT ""
| #define PACKAGE_URL ""
| #define PACKAGE "bfd"
| #define VERSION "2.41.50"
| #define STDC_HEADERS 1
| #define HAVE_SYS_TYPES_H 1
| #define HAVE_SYS_STAT_H 1
| #define HAVE_STDLIB_H 1
| #define HAVE_STRING_H 1
| #define HAVE_MEMORY_H 1
| #define HAVE_STRINGS_H 1
| #define HAVE_INTTYPES_H 1
| #define HAVE_STDINT_H 1
| #define HAVE_UNISTD_H 1
| #define __EXTENSIONS__ 1
| #define _ALL_SOURCE 1
| #define _GNU_SOURCE 1
| #define _POSIX_PTHREAD_SEMANTICS 1
| #define _TANDEM_SOURCE 1
| #define HAVE_DLFCN_H 1
| #define LT_OBJDIR ".libs/"
| #define HAVE_DLFCN_H 1
| #define SIZEOF_VOID_P 8
| #define USE_SECUREPLT 1
| #define DEFAULT_LD_Z_SEPARATE_CODE 0
| /* end confdefs.h.  */
| #ifndef __APPLE_CC__
| 	       not a universal capable compiler
| 	     #endif
| 	     typedef int dummy;
| 
configure:12443: gcc -c -g -O2    conftest.c >&5
configure:12443: $? = 0
configure:12461: gcc -c -g -O2    conftest.c >&5
conftest.c: In function 'main':
conftest.c:39:18: error: unknown type name 'not'; did you mean 'ino_t'?
   39 |                  not big endian
      |                  ^~~
      |                  ino_t
conftest.c:39:26: error: expected '=', ',', ';', 'asm' or '__attribute__' before 'endian'
   39 |                  not big endian
      |                          ^~~~~~
configure:12461: $? = 1
configure: failed program was:
| /* confdefs.h */
| #define PACKAGE_NAME "bfd"
| #define PACKAGE_TARNAME "bfd"
| #define PACKAGE_VERSION "2.41.50"
| #define PACKAGE_STRING "bfd 2.41.50"
| #define PACKAGE_BUGREPORT ""
| #define PACKAGE_URL ""
| #define PACKAGE "bfd"
| #define VERSION "2.41.50"
| #define STDC_HEADERS 1
| #define HAVE_SYS_TYPES_H 1
| #define HAVE_SYS_STAT_H 1
| #define HAVE_STDLIB_H 1
| #define HAVE_STRING_H 1
| #define HAVE_MEMORY_H 1
| #define HAVE_STRINGS_H 1
| #define HAVE_INTTYPES_H 1
| #define HAVE_STDINT_H 1
| #define HAVE_UNISTD_H 1
| #define __EXTENSIONS__ 1
| #define _ALL_SOURCE 1
| #define _GNU_SOURCE 1
| #define _POSIX_PTHREAD_SEMANTICS 1
| #define _TANDEM_SOURCE 1
| #define HAVE_DLFCN_H 1
| #define LT_OBJDIR ".libs/"
| #define HAVE_DLFCN_H 1
| #define SIZEOF_VOID_P 8
| #define USE_SECUREPLT 1
| #define DEFAULT_LD_Z_SEPARATE_CODE 0
| /* end confdefs.h.  */
| #include <sys/types.h>
| 		#include <sys/param.h>
| 
| int
| main ()
| {
| #if BYTE_ORDER != BIG_ENDIAN
| 		 not big endian
| 		#endif
| 
|   ;
|   return 0;
| }
configure:12589: result: no
configure:12628: checking whether NLS is requested
configure:12634: result: yes
configure:12640: checking for catalogs to be installed
configure:12672: result:  da es fi fr hr id ja ka pt ro ru rw sr sv tr uk vi zh_CN da es fi fr hr id ja ka pt ro ru rw sr sv tr uk vi zh_CN
configure:12699: checking whether NLS is requested
configure:12708: result: yes
configure:12746: checking for msgfmt
configure:12780: result: no
configure:12786: checking for gmsgfmt
configure:12817: result: :
configure:12857: checking for xgettext
configure:12891: result: no
configure:12928: checking for msgmerge
configure:12961: result: no
configure:13004: checking size of long long
configure:13009: gcc -o conftest -g -O2      conftest.c  >&5
configure:13009: $? = 0
configure:13009: ./conftest
configure:13009: $? = 0
configure:13023: result: 8
configure:13037: checking size of void *
configure:13056: result: 8
configure:13070: checking size of long
configure:13075: gcc -o conftest -g -O2      conftest.c  >&5
configure:13075: $? = 0
configure:13075: ./conftest
configure:13075: $? = 0
configure:13089: result: 8
configure:13103: checking size of int
configure:13108: gcc -o conftest -g -O2      conftest.c  >&5
configure:13108: $? = 0
configure:13108: ./conftest
configure:13108: $? = 0
configure:13122: result: 4
configure:13179: checking fcntl.h usability
configure:13179: gcc -c -g -O2    conftest.c >&5
configure:13179: $? = 0
configure:13179: result: yes
configure:13179: checking fcntl.h presence
configure:13179: gcc -E  conftest.c
configure:13179: $? = 0
configure:13179: result: yes
configure:13179: checking for fcntl.h
configure:13179: result: yes
configure:13179: checking sys/file.h usability
configure:13179: gcc -c -g -O2    conftest.c >&5
configure:13179: $? = 0
configure:13179: result: yes
configure:13179: checking sys/file.h presence
configure:13179: gcc -E  conftest.c
configure:13179: $? = 0
configure:13179: result: yes
configure:13179: checking for sys/file.h
configure:13179: result: yes
configure:13179: checking sys/resource.h usability
configure:13179: gcc -c -g -O2    conftest.c >&5
configure:13179: $? = 0
configure:13179: result: yes
configure:13179: checking sys/resource.h presence
configure:13179: gcc -E  conftest.c
configure:13179: $? = 0
configure:13179: result: yes
configure:13179: checking for sys/resource.h
configure:13179: result: yes
configure:13179: checking for sys/stat.h
configure:13179: result: yes
configure:13179: checking for sys/types.h
configure:13179: result: yes
configure:13179: checking for unistd.h
configure:13179: result: yes
configure:13194: checking for fcntl
configure:13194: gcc -o conftest -g -O2      conftest.c  >&5
configure:13194: $? = 0
configure:13194: result: yes
configure:13194: checking for fdopen
configure:13194: gcc -o conftest -g -O2      conftest.c  >&5
configure:13194: $? = 0
configure:13194: result: yes
configure:13194: checking for fileno
configure:13194: gcc -o conftest -g -O2      conftest.c  >&5
configure:13194: $? = 0
configure:13194: result: yes
configure:13194: checking for fls
configure:13194: gcc -o conftest -g -O2      conftest.c  >&5
/usr/bin/ld: /tmp/ccUQs9Mb.o: in function `main':
/home/leonardo/Documents/GitHub/GCC-Cross-Compiler-Creation/gcc-dependencies/src/build-gdb/bfd/conftest.c:80: undefined reference to `fls'
collect2: error: ld returned 1 exit status
configure:13194: $? = 1
configure: failed program was:
| /* confdefs.h */
| #define PACKAGE_NAME "bfd"
| #define PACKAGE_TARNAME "bfd"
| #define PACKAGE_VERSION "2.41.50"
| #define PACKAGE_STRING "bfd 2.41.50"
| #define PACKAGE_BUGREPORT ""
| #define PACKAGE_URL ""
| #define PACKAGE "bfd"
| #define VERSION "2.41.50"
| #define STDC_HEADERS 1
| #define HAVE_SYS_TYPES_H 1
| #define HAVE_SYS_STAT_H 1
| #define HAVE_STDLIB_H 1
| #define HAVE_STRING_H 1
| #define HAVE_MEMORY_H 1
| #define HAVE_STRINGS_H 1
| #define HAVE_INTTYPES_H 1
| #define HAVE_STDINT_H 1
| #define HAVE_UNISTD_H 1
| #define __EXTENSIONS__ 1
| #define _ALL_SOURCE 1
| #define _GNU_SOURCE 1
| #define _POSIX_PTHREAD_SEMANTICS 1
| #define _TANDEM_SOURCE 1
| #define HAVE_DLFCN_H 1
| #define LT_OBJDIR ".libs/"
| #define HAVE_DLFCN_H 1
| #define SIZEOF_VOID_P 8
| #define USE_SECUREPLT 1
| #define DEFAULT_LD_Z_SEPARATE_CODE 0
| #define ENABLE_NLS 1
| #define SIZEOF_LONG_LONG 8
| #define SIZEOF_VOID_P 8
| #define SIZEOF_LONG 8
| #define SIZEOF_INT 4
| #define HAVE_FCNTL_H 1
| #define HAVE_SYS_FILE_H 1
| #define HAVE_SYS_RESOURCE_H 1
| #define HAVE_SYS_STAT_H 1
| #define HAVE_SYS_TYPES_H 1
| #define HAVE_UNISTD_H 1
| #define HAVE_FCNTL 1
| #define HAVE_FDOPEN 1
| #define HAVE_FILENO 1
| /* end confdefs.h.  */
| /* Define fls to an innocuous variant, in case <limits.h> declares fls.
|    For example, HP-UX 11i <limits.h> declares gettimeofday.  */
| #define fls innocuous_fls
| 
| /* System header to define __stub macros and hopefully few prototypes,
|     which can conflict with char fls (); below.
|     Prefer <limits.h> to <assert.h> if __STDC__ is defined, since
|     <limits.h> exists even on freestanding compilers.  */
| 
| #ifdef __STDC__
| # include <limits.h>
| #else
| # include <assert.h>
| #endif
| 
| #undef fls
| 
| /* Override any GCC internal prototype to avoid an error.
|    Use char because int might match the return type of a GCC
|    builtin and then its argument prototype would still apply.  */
| #ifdef __cplusplus
| extern "C"
| #endif
| char fls ();
| /* The GNU C library defines this for functions which it implements
|     to always fail with ENOSYS.  Some functions are actually named
|     something starting with __ and the normal name is an alias.  */
| #if defined __stub_fls || defined __stub___fls
| choke me
| #endif
| 
| int
| main ()
| {
| return fls ();
|   ;
|   return 0;
| }
configure:13194: result: no
configure:13194: checking for getgid
configure:13194: gcc -o conftest -g -O2      conftest.c  >&5
configure:13194: $? = 0
configure:13194: result: yes
configure:13194: checking for getpagesize
configure:13194: gcc -o conftest -g -O2      conftest.c  >&5
configure:13194: $? = 0
configure:13194: result: yes
configure:13194: checking for getrlimit
configure:13194: gcc -o conftest -g -O2      conftest.c  >&5
configure:13194: $? = 0
configure:13194: result: yes
configure:13194: checking for getuid
configure:13194: gcc -o conftest -g -O2      conftest.c  >&5
configure:13194: $? = 0
configure:13194: result: yes
configure:13194: checking for sysconf
configure:13194: gcc -o conftest -g -O2      conftest.c  >&5
configure:13194: $? = 0
configure:13194: result: yes
configure:13204: checking whether basename is declared
configure:13204: gcc -c -g -O2    conftest.c >&5
configure:13204: $? = 0
configure:13204: result: yes
configure:13214: checking whether ffs is declared
configure:13214: gcc -c -g -O2    conftest.c >&5
configure:13214: $? = 0
configure:13214: result: yes
configure:13224: checking whether stpcpy is declared
configure:13224: gcc -c -g -O2    conftest.c >&5
configure:13224: $? = 0
configure:13224: result: yes
configure:13234: checking whether asprintf is declared
configure:13234: gcc -c -g -O2    conftest.c >&5
configure:13234: $? = 0
configure:13234: result: yes
configure:13244: checking whether vasprintf is declared
configure:13244: gcc -c -g -O2    conftest.c >&5
configure:13244: $? = 0
configure:13244: result: yes
configure:13254: checking whether strnlen is declared
configure:13254: gcc -c -g -O2    conftest.c >&5
configure:13254: $? = 0
configure:13254: result: yes
configure:13265: checking whether ___lc_codepage_func is declared
configure:13265: gcc -c -g -O2    conftest.c >&5
conftest.c: In function 'main':
conftest.c:66:10: error: '___lc_codepage_func' undeclared (first use in this function)
   66 |   (void) ___lc_codepage_func;
      |          ^~~~~~~~~~~~~~~~~~~
conftest.c:66:10: note: each undeclared identifier is reported only once for each function it appears in
configure:13265: $? = 1
configure: failed program was:
| /* confdefs.h */
| #define PACKAGE_NAME "bfd"
| #define PACKAGE_TARNAME "bfd"
| #define PACKAGE_VERSION "2.41.50"
| #define PACKAGE_STRING "bfd 2.41.50"
| #define PACKAGE_BUGREPORT ""
| #define PACKAGE_URL ""
| #define PACKAGE "bfd"
| #define VERSION "2.41.50"
| #define STDC_HEADERS 1
| #define HAVE_SYS_TYPES_H 1
| #define HAVE_SYS_STAT_H 1
| #define HAVE_STDLIB_H 1
| #define HAVE_STRING_H 1
| #define HAVE_MEMORY_H 1
| #define HAVE_STRINGS_H 1
| #define HAVE_INTTYPES_H 1
| #define HAVE_STDINT_H 1
| #define HAVE_UNISTD_H 1
| #define __EXTENSIONS__ 1
| #define _ALL_SOURCE 1
| #define _GNU_SOURCE 1
| #define _POSIX_PTHREAD_SEMANTICS 1
| #define _TANDEM_SOURCE 1
| #define HAVE_DLFCN_H 1
| #define LT_OBJDIR ".libs/"
| #define HAVE_DLFCN_H 1
| #define SIZEOF_VOID_P 8
| #define USE_SECUREPLT 1
| #define DEFAULT_LD_Z_SEPARATE_CODE 0
| #define ENABLE_NLS 1
| #define SIZEOF_LONG_LONG 8
| #define SIZEOF_VOID_P 8
| #define SIZEOF_LONG 8
| #define SIZEOF_INT 4
| #define HAVE_FCNTL_H 1
| #define HAVE_SYS_FILE_H 1
| #define HAVE_SYS_RESOURCE_H 1
| #define HAVE_SYS_STAT_H 1
| #define HAVE_SYS_TYPES_H 1
| #define HAVE_UNISTD_H 1
| #define HAVE_FCNTL 1
| #define HAVE_FDOPEN 1
| #define HAVE_FILENO 1
| #define HAVE_GETGID 1
| #define HAVE_GETPAGESIZE 1
| #define HAVE_GETRLIMIT 1
| #define HAVE_GETUID 1
| #define HAVE_SYSCONF 1
| #define HAVE_DECL_BASENAME 1
| #define HAVE_DECL_FFS 1
| #define HAVE_DECL_STPCPY 1
| #define HAVE_DECL_ASPRINTF 1
| #define HAVE_DECL_VASPRINTF 1
| #define HAVE_DECL_STRNLEN 1
| /* end confdefs.h.  */
| #include <locale.h>
| 
| int
| main ()
| {
| #ifndef ___lc_codepage_func
| #ifdef __cplusplus
|   (void) ___lc_codepage_func;
| #else
|   (void) ___lc_codepage_func;
| #endif
| #endif
| 
|   ;
|   return 0;
| }
configure:13265: result: no
configure:13316: checking for x86_64-pc-linux-gnu-pkg-config
configure:13349: result: no
configure:13359: checking for pkg-config
configure:13392: result: no
configure:13438: checking for libzstd >= 1.4.0
configure:13525: result: no
configure:13549: checking compiler support for hidden visibility
configure:13567: gcc -c -g -O2   -Werror  conftest.c >&5
configure:13567: $? = 0
configure:13574: result: yes
configure:13584: checking linker --as-needed support
configure:13595: result: yes
configure:13686: checking for cos in -lm
configure:13711: gcc -o conftest -g -O2      conftest.c -lm   >&5
conftest.c:66:6: warning: conflicting types for built-in function 'cos'; expected 'double(double)' [-Wbuiltin-declaration-mismatch]
   66 | char cos ();
      |      ^~~
conftest.c:1:1: note: 'cos' is declared in header '<math.h>'
    1 | /* confdefs.h */
configure:13711: $? = 0
configure:13720: result: yes
configure:14227: checking for gcc version with buggy 64-bit support
configure:14240: result: no
configure:15249: checking for ftello
configure:15249: gcc -o conftest -g -O2      conftest.c  >&5
configure:15249: $? = 0
configure:15249: result: yes
configure:15249: checking for ftello64
configure:15249: gcc -o conftest -g -O2      conftest.c  >&5
configure:15249: $? = 0
configure:15249: result: yes
configure:15249: checking for fseeko
configure:15249: gcc -o conftest -g -O2      conftest.c  >&5
configure:15249: $? = 0
configure:15249: result: yes
configure:15249: checking for fseeko64
configure:15249: gcc -o conftest -g -O2      conftest.c  >&5
configure:15249: $? = 0
configure:15249: result: yes
configure:15249: checking for fopen64
configure:15249: gcc -o conftest -g -O2      conftest.c  >&5
configure:15249: $? = 0
configure:15249: result: yes
configure:15258: checking whether ftello is declared
configure:15258: gcc -c -g -O2    conftest.c >&5
configure:15258: $? = 0
configure:15258: result: yes
configure:15268: checking whether ftello64 is declared
configure:15268: gcc -c -g -O2    conftest.c >&5
configure:15268: $? = 0
configure:15268: result: yes
configure:15278: checking whether fseeko is declared
configure:15278: gcc -c -g -O2    conftest.c >&5
configure:15278: $? = 0
configure:15278: result: yes
configure:15288: checking whether fseeko64 is declared
configure:15288: gcc -c -g -O2    conftest.c >&5
configure:15288: $? = 0
configure:15288: result: yes
configure:15298: checking whether fopen64 is declared
configure:15298: gcc -c -g -O2    conftest.c >&5
configure:15298: $? = 0
configure:15298: result: yes
configure:15314: checking size of off_t
configure:15319: gcc -o conftest -g -O2      conftest.c  >&5
configure:15319: $? = 0
configure:15319: ./conftest
configure:15319: $? = 0
configure:15333: result: 8
configure:15344: checking file_ptr type
configure:15353: result: int64_t
configure:15364: checking for stdlib.h
configure:15364: result: yes
configure:15364: checking for unistd.h
configure:15364: result: yes
configure:15364: checking for sys/param.h
configure:15364: gcc -c -g -O2    conftest.c >&5
configure:15364: $? = 0
configure:15364: result: yes
configure:15384: checking for getpagesize
configure:15384: result: yes
configure:15393: checking for working mmap
configure:15540: gcc -o conftest -g -O2      conftest.c  >&5
configure:15540: $? = 0
configure:15540: ./conftest
configure:15540: $? = 0
configure:15550: result: yes
configure:15562: checking for madvise
configure:15562: gcc -o conftest -g -O2      conftest.c  >&5
configure:15562: $? = 0
configure:15562: result: yes
configure:15562: checking for mprotect
configure:15562: gcc -o conftest -g -O2      conftest.c  >&5
configure:15562: $? = 0
configure:15562: result: yes
configure:15645: updating cache ./config.cache
configure:15689: checking that generated files are newer than configure
configure:15695: result: done
configure:15739: creating ./config.status

## ---------------------- ##
## Running config.status. ##
## ---------------------- ##

This file was extended by bfd config.status 2.41.50, which was
generated by GNU Autoconf 2.69.  Invocation command line was

  CONFIG_FILES    = 
  CONFIG_HEADERS  = 
  CONFIG_LINKS    = 
  CONFIG_COMMANDS = 
  $ ./config.status 

on leonardo-virtual-machine

config.status:1207: creating Makefile
config.status:1207: creating bfd-in3.h
config.status:1207: creating po/Makefile.in
config.status:1207: creating config.h
config.status:1421: executing depfiles commands
config.status:1421: executing libtool commands
config.status:1421: executing default-1 commands
config.status:1421: executing default commands

## ---------------- ##
## Cache variables. ##
## ---------------- ##

ac_cv_build=x86_64-pc-linux-gnu
ac_cv_c_bigendian=no
ac_cv_c_compiler_gnu=yes
ac_cv_env_CC_set=set
ac_cv_env_CC_value=gcc
ac_cv_env_CFLAGS_set=set
ac_cv_env_CFLAGS_value='-g -O2  '
ac_cv_env_CPPFLAGS_set=
ac_cv_env_CPPFLAGS_value=
ac_cv_env_CPP_set=
ac_cv_env_CPP_value=
ac_cv_env_LDFLAGS_set=set
ac_cv_env_LDFLAGS_value=' '
ac_cv_env_LIBS_set=
ac_cv_env_LIBS_value=
ac_cv_env_PKG_CONFIG_LIBDIR_set=
ac_cv_env_PKG_CONFIG_LIBDIR_value=
ac_cv_env_PKG_CONFIG_PATH_set=set
ac_cv_env_PKG_CONFIG_PATH_value=
ac_cv_env_PKG_CONFIG_set=
ac_cv_env_PKG_CONFIG_value=
ac_cv_env_ZSTD_CFLAGS_set=
ac_cv_env_ZSTD_CFLAGS_value=
ac_cv_env_ZSTD_LIBS_set=
ac_cv_env_ZSTD_LIBS_value=
ac_cv_env_build_alias_set=set
ac_cv_env_build_alias_value=x86_64-pc-linux-gnu
ac_cv_env_host_alias_set=set
ac_cv_env_host_alias_value=x86_64-pc-linux-gnu
ac_cv_env_target_alias_set=set
ac_cv_env_target_alias_value=i686-elf
ac_cv_func_dlopen=yes
ac_cv_func_fcntl=yes
ac_cv_func_fdopen=yes
ac_cv_func_fileno=yes
ac_cv_func_fls=no
ac_cv_func_fopen64=yes
ac_cv_func_fseeko64=yes
ac_cv_func_fseeko=yes
ac_cv_func_ftello64=yes
ac_cv_func_ftello=yes
ac_cv_func_getgid=yes
ac_cv_func_getpagesize=yes
ac_cv_func_getrlimit=yes
ac_cv_func_getuid=yes
ac_cv_func_madvise=yes
ac_cv_func_mmap_fixed_mapped=yes
ac_cv_func_mprotect=yes
ac_cv_func_shl_load=no
ac_cv_func_sysconf=yes
ac_cv_have_decl____lc_codepage_func=no
ac_cv_have_decl_asprintf=yes
ac_cv_have_decl_basename=yes
ac_cv_have_decl_ffs=yes
ac_cv_have_decl_fopen64=yes
ac_cv_have_decl_fseeko64=yes
ac_cv_have_decl_fseeko=yes
ac_cv_have_decl_ftello64=yes
ac_cv_have_decl_ftello=yes
ac_cv_have_decl_stpcpy=yes
ac_cv_have_decl_strnlen=yes
ac_cv_have_decl_vasprintf=yes
ac_cv_header_dlfcn_h=yes
ac_cv_header_fcntl_h=yes
ac_cv_header_inttypes_h=yes
ac_cv_header_memory_h=yes
ac_cv_header_minix_config_h=no
ac_cv_header_stdc=yes
ac_cv_header_stdint_h=yes
ac_cv_header_stdlib_h=yes
ac_cv_header_string_h=yes
ac_cv_header_strings_h=yes
ac_cv_header_sys_file_h=yes
ac_cv_header_sys_param_h=yes
ac_cv_header_sys_resource_h=yes
ac_cv_header_sys_stat_h=yes
ac_cv_header_sys_types_h=yes
ac_cv_header_unistd_h=yes
ac_cv_header_windows_h=no
ac_cv_host=x86_64-pc-linux-gnu
ac_cv_lib_dld_shl_load=no
ac_cv_lib_m_cos=yes
ac_cv_objext=o
ac_cv_path_EGREP='/usr/bin/grep -E'
ac_cv_path_FGREP='/usr/bin/grep -F'
ac_cv_path_GMSGFMT=:
ac_cv_path_GREP=/usr/bin/grep
ac_cv_path_MSGFMT=:
ac_cv_path_MSGMERGE=:
ac_cv_path_SED=/usr/bin/sed
ac_cv_path_XGETTEXT=:
ac_cv_path_install='/usr/bin/install -c'
ac_cv_path_mkdir=/usr/bin/mkdir
ac_cv_prog_AR='ar --plugin /usr/lib/gcc/x86_64-linux-gnu/11/liblto_plugin.so'
ac_cv_prog_AWK=mawk
ac_cv_prog_CC=gcc
ac_cv_prog_CPP='gcc -E'
ac_cv_prog_OBJDUMP=objdump
ac_cv_prog_RANLIB='ranlib --plugin /usr/lib/gcc/x86_64-linux-gnu/11/liblto_plugin.so'
ac_cv_prog_ac_ct_STRIP=strip
ac_cv_prog_cc_c89=
ac_cv_prog_cc_g=yes
ac_cv_prog_make_make_set=yes
ac_cv_safe_to_define___extensions__=yes
ac_cv_search_dlsym='none required'
ac_cv_sizeof_int=4
ac_cv_sizeof_long=8
ac_cv_sizeof_long_long=8
ac_cv_sizeof_off_t=8
ac_cv_sizeof_void_p=8
ac_cv_sys_file_offset_bits=no
ac_cv_sys_largefile_CC=no
ac_cv_target=i686-pc-elf
am_cv_CC_dependencies_compiler_type=gcc3
am_cv_make_support_nested_variables=yes
am_cv_prog_cc_c_o=yes
bfd_cv_hidden=yes
bfd_cv_ld_as_needed=yes
lt_cv_deplibs_check_method=pass_all
lt_cv_dlopen=dlopen
lt_cv_dlopen_libs=
lt_cv_dlopen_self=yes
lt_cv_dlopen_self_static=no
lt_cv_file_magic_cmd='$MAGIC_CMD'
lt_cv_file_magic_test_file=
lt_cv_ld_reload_flag=-r
lt_cv_nm_interface='BSD nm'
lt_cv_objdir=.libs
lt_cv_path_LD=ld
lt_cv_path_NM='/usr/bin/nm -B'
lt_cv_prog_compiler_c_o=yes
lt_cv_prog_compiler_pic_works=yes
lt_cv_prog_compiler_rtti_exceptions=no
lt_cv_prog_compiler_static_works=yes
lt_cv_prog_gnu_ld=yes
lt_cv_shlibpath_overrides_runpath=yes
lt_cv_sys_global_symbol_pipe='sed -n -e '\''s/^.*[	 ]\([ABCDGIRSTW][ABCDGIRSTW]*\)[	 ][	 ]*\([_A-Za-z][_A-Za-z0-9]*\)$/\1 \2 \2/p'\'''
lt_cv_sys_global_symbol_to_c_name_address='sed -n -e '\''s/^: \([^ ]*\) $/  {\"\1\", (void *) 0},/p'\'' -e '\''s/^[ABCDGIRSTW]* \([^ ]*\) \([^ ]*\)$/  {"\2", (void *) \&\2},/p'\'''
lt_cv_sys_global_symbol_to_c_name_address_lib_prefix='sed -n -e '\''s/^: \([^ ]*\) $/  {\"\1\", (void *) 0},/p'\'' -e '\''s/^[ABCDGIRSTW]* \([^ ]*\) \(lib[^ ]*\)$/  {"\2", (void *) \&\2},/p'\'' -e '\''s/^[ABCDGIRSTW]* \([^ ]*\) \([^ ]*\)$/  {"lib\2", (void *) \&\2},/p'\'''
lt_cv_sys_global_symbol_to_cdecl='sed -n -e '\''s/^T .* \(.*\)$/extern int \1();/p'\'' -e '\''s/^[ABCDGIRSTW]* .* \(.*\)$/extern char \1;/p'\'''
lt_cv_sys_max_cmd_len=1572864

## ----------------- ##
## Output variables. ##
## ----------------- ##

ACLOCAL='${SHELL} /home/leonardo/Documents/GitHub/GCC-Cross-Compiler-Creation/gcc-dependencies/src/build-gdb/gdb-14.2/missing aclocal-1.15'
AMDEPBACKSLASH='\'
AMDEP_FALSE='#'
AMDEP_TRUE=''
AMTAR='$${TAR-tar}'
AM_BACKSLASH='\'
AM_DEFAULT_V='$(AM_DEFAULT_VERBOSITY)'
AM_DEFAULT_VERBOSITY='0'
AM_V='$(V)'
AR='ar --plugin /usr/lib/gcc/x86_64-linux-gnu/11/liblto_plugin.so --plugin /usr/lib/gcc/x86_64-linux-gnu/11/liblto_plugin.so'
AUTOCONF='${SHELL} /home/leonardo/Documents/GitHub/GCC-Cross-Compiler-Creation/gcc-dependencies/src/build-gdb/gdb-14.2/missing autoconf'
AUTOHEADER='${SHELL} /home/leonardo/Documents/GitHub/GCC-Cross-Compiler-Creation/gcc-dependencies/src/build-gdb/gdb-14.2/missing autoheader'
AUTOMAKE='${SHELL} /home/leonardo/Documents/GitHub/GCC-Cross-Compiler-Creation/gcc-dependencies/src/build-gdb/gdb-14.2/missing automake-1.15'
AWK='mawk'
CATALOGS=' da.gmo es.gmo fi.gmo fr.gmo hr.gmo id.gmo ja.gmo ka.gmo pt.gmo ro.gmo ru.gmo rw.gmo sr.gmo sv.gmo tr.gmo uk.gmo vi.gmo zh_CN.gmo da.gmo es.gmo fi.gmo fr.gmo hr.gmo id.gmo ja.gmo ka.gmo pt.gmo ro.gmo ru.gmo rw.gmo sr.gmo sv.gmo tr.gmo uk.gmo vi.gmo zh_CN.gmo'
CATOBJEXT='.gmo'
CC='gcc'
CCDEPMODE='depmode=gcc3'
CC_FOR_BUILD='gcc'
CFLAGS='-g -O2  '
COREFILE=''
COREFLAG=''
CPP='gcc -E'
CPPFLAGS=''
CYGPATH_W='echo'
DATADIRNAME='share'
DEBUGDIR='${exec_prefix}/lib/debug'
DEFS='-DHAVE_CONFIG_H'
DEPDIR='.deps'
DSYMUTIL='dsymutil'
DUMPBIN=''
ECHO_C=''
ECHO_N='-n'
ECHO_T=''
EGREP='/usr/bin/grep -E'
ENABLE_BFD_64_BIT_FALSE='#'
ENABLE_BFD_64_BIT_TRUE=''
EXEEXT=''
EXEEXT_FOR_BUILD='$(EXEEXT)'
FGREP='/usr/bin/grep -F'
GENCAT='gencat'
GENINSRC_NEVER_FALSE=''
GENINSRC_NEVER_TRUE='#'
GMSGFMT=':'
GREP='/usr/bin/grep'
HDEFINES=''
INCINTL=''
INSTALL_DATA='${INSTALL} -m 644'
INSTALL_LIBBFD_FALSE=''
INSTALL_LIBBFD_TRUE='#'
INSTALL_PROGRAM='${INSTALL}'
INSTALL_SCRIPT='${INSTALL}'
INSTALL_STRIP_PROGRAM='$(install_sh) -c -s'
INSTOBJEXT='.mo'
LARGEFILE_CPPFLAGS=''
LD='ld -m elf_x86_64'
LDFLAGS=' '
LIBINTL=''
LIBINTL_DEP=''
LIBM='-lm'
LIBOBJS=''
LIBS=''
LIBTOOL='$(SHELL) $(top_builddir)/libtool'
LIPO=''
LN_S='ln -s'
LTLIBOBJS=''
MAINT='#'
MAINTAINER_MODE_FALSE=''
MAINTAINER_MODE_TRUE='#'
MAKEINFO='makeinfo'
MKDIR_P='/usr/bin/mkdir -p'
MKINSTALLDIRS='$(top_builddir)/../gdb-14.2/bfd/../mkinstalldirs'
MSGFMT=':'
MSGMERGE=':'
NM='/usr/bin/nm -B'
NMEDIT=''
NO_WERROR=''
OBJDUMP='objdump'
OBJEXT='o'
OTOOL64=''
OTOOL='otool'
PACKAGE='bfd'
PACKAGE_BUGREPORT=''
PACKAGE_NAME='bfd'
PACKAGE_STRING='bfd 2.41.50'
PACKAGE_TARNAME='bfd'
PACKAGE_URL=''
PACKAGE_VERSION='2.41.50'
PATH_SEPARATOR=':'
PKGVERSION='(GNU Binutils) '
PKG_CONFIG=''
PKG_CONFIG_LIBDIR=''
PKG_CONFIG_PATH=''
PLUGINS_FALSE='#'
PLUGINS_TRUE=''
POSUB='po'
RANLIB='ranlib --plugin /usr/lib/gcc/x86_64-linux-gnu/11/liblto_plugin.so --plugin /usr/lib/gcc/x86_64-linux-gnu/11/liblto_plugin.so'
REPORT_BUGS_TEXI='@uref{https://sourceware.org/bugzilla/}'
REPORT_BUGS_TO='<https://sourceware.org/bugzilla/>'
SED='/usr/bin/sed'
SET_MAKE=''
SHARED_LDFLAGS=''
SHARED_LIBADD=' '
SHELL='/bin/bash'
STRIP='strip'
TDEFINES=' '
USE_NLS='yes'
VERSION='2.41.50'
WARN_CFLAGS='-W -Wall -Wstrict-prototypes -Wmissing-prototypes -Wshadow -Wstack-usage=262144'
WARN_CFLAGS_FOR_BUILD='-W -Wall -Wstrict-prototypes -Wmissing-prototypes -Wshadow -Wstack-usage=262144'
WARN_WRITE_STRINGS='-Wwrite-strings'
XGETTEXT=':'
ZSTD_CFLAGS=''
ZSTD_LIBS=''
ac_ct_CC=''
ac_ct_DUMPBIN=''
all_backends='$(BFD64_BACKENDS) $(BFD32_BACKENDS)'
am__EXEEXT_FALSE=''
am__EXEEXT_TRUE='#'
am__fastdepCC_FALSE='#'
am__fastdepCC_TRUE=''
am__include='include'
am__isrc=' -I$(srcdir)'
am__leading_dot='.'
am__nodep='_no'
am__quote=''
am__tar='$${TAR-tar} chof - "$$tardir"'
am__untar='$${TAR-tar} xf -'
bfd64_libs='$(BFD64_LIBS)'
bfd_backends=' elf32-i386.lo elfxx-x86.lo elf-ifunc.lo elf-vxworks.lo elf32.lo elf.lo elflink.lo elf-attrs.lo elf-strtab.lo elf-eh-frame.lo elf-sframe.lo dwarf1.lo dwarf2.lo coff-i386.lo cofflink.lo coffgen.lo elf32-gen.lo plugin.lo'
bfd_default_target_size='32'
bfd_file_ptr='int64_t'
bfd_machines=' cpu-i386.lo cpu-iamcu.lo'
bfd_ufile_ptr='uint64_t'
bfdincludedir='$(exec_prefix)/$(host_noncanonical)/$(target_noncanonical)/include'
bfdlibdir='$(exec_prefix)/$(host_noncanonical)/$(target_noncanonical)/lib'
bindir='${exec_prefix}/bin'
build='x86_64-pc-linux-gnu'
build_alias='x86_64-pc-linux-gnu'
build_cpu='x86_64'
build_os='linux-gnu'
build_vendor='pc'
datadir='${datarootdir}'
datarootdir='${prefix}/share'
docdir='${datarootdir}/doc/${PACKAGE_TARNAME}'
dvidir='${docdir}'
exec_prefix='${prefix}'
havevecs='-DHAVE_i386_elf32_vec -DHAVE_iamcu_elf32_vec -DHAVE_i386_coff_vec -DHAVE_elf32_le_vec -DHAVE_elf32_be_vec'
host='x86_64-pc-linux-gnu'
host_alias='x86_64-pc-linux-gnu'
host_cpu='x86_64'
host_noncanonical='x86_64-pc-linux-gnu'
host_os='linux-gnu'
host_vendor='pc'
htmldir='${docdir}'
includedir='${prefix}/include'
infodir='${datarootdir}/info'
install_sh='${SHELL} /home/leonardo/Documents/GitHub/GCC-Cross-Compiler-Creation/gcc-dependencies/src/build-gdb/gdb-14.2/install-sh'
libdir='${exec_prefix}/lib'
libexecdir='${exec_prefix}/libexec'
localedir='${datarootdir}/locale'
localstatedir='${prefix}/var'
lt_cv_dlopen_libs=''
mandir='${datarootdir}/man'
mkdir_p='$(MKDIR_P)'
oldincludedir='/usr/include'
pdfdir='${docdir}'
prefix='/home/leonardo/Documents/GitHub/GCC-Cross-Compiler-Creation/cross'
program_transform_name='s&^&i686-elf-&'
psdir='${docdir}'
sbindir='${exec_prefix}/sbin'
sharedstatedir='${prefix}/com'
supports_plugins='1'
sysconfdir='${prefix}/etc'
target='i686-pc-elf'
target_alias='i686-elf'
target_cpu='i686'
target_noncanonical='i686-elf'
target_os='elf'
target_vendor='pc'
tdefaults=' -DDEFAULT_VECTOR=i386_elf32_vec -DSELECT_VECS='\''&i386_elf32_vec,&iamcu_elf32_vec,&i386_coff_vec,&elf32_le_vec,&elf32_be_vec'\'' -DSELECT_ARCHITECTURES='\''&bfd_i386_arch,&bfd_iamcu_arch'\'''
wordsize='64'
zlibdir='-L$(top_builddir)/../zlib'
zlibinc='-I$(top_srcdir)/../zlib'

## ----------- ##
## confdefs.h. ##
## ----------- ##

/* confdefs.h */
#define PACKAGE_NAME "bfd"
#define PACKAGE_TARNAME "bfd"
#define PACKAGE_VERSION "2.41.50"
#define PACKAGE_STRING "bfd 2.41.50"
#define PACKAGE_BUGREPORT ""
#define PACKAGE_URL ""
#define PACKAGE "bfd"
#define VERSION "2.41.50"
#define STDC_HEADERS 1
#define HAVE_SYS_TYPES_H 1
#define HAVE_SYS_STAT_H 1
#define HAVE_STDLIB_H 1
#define HAVE_STRING_H 1
#define HAVE_MEMORY_H 1
#define HAVE_STRINGS_H 1
#define HAVE_INTTYPES_H 1
#define HAVE_STDINT_H 1
#define HAVE_UNISTD_H 1
#define __EXTENSIONS__ 1
#define _ALL_SOURCE 1
#define _GNU_SOURCE 1
#define _POSIX_PTHREAD_SEMANTICS 1
#define _TANDEM_SOURCE 1
#define HAVE_DLFCN_H 1
#define LT_OBJDIR ".libs/"
#define HAVE_DLFCN_H 1
#define SIZEOF_VOID_P 8
#define USE_SECUREPLT 1
#define DEFAULT_LD_Z_SEPARATE_CODE 0
#define ENABLE_NLS 1
#define SIZEOF_LONG_LONG 8
#define SIZEOF_VOID_P 8
#define SIZEOF_LONG 8
#define SIZEOF_INT 4
#define HAVE_FCNTL_H 1
#define HAVE_SYS_FILE_H 1
#define HAVE_SYS_RESOURCE_H 1
#define HAVE_SYS_STAT_H 1
#define HAVE_SYS_TYPES_H 1
#define HAVE_UNISTD_H 1
#define HAVE_FCNTL 1
#define HAVE_FDOPEN 1
#define HAVE_FILENO 1
#define HAVE_GETGID 1
#define HAVE_GETPAGESIZE 1
#define HAVE_GETRLIMIT 1
#define HAVE_GETUID 1
#define HAVE_SYSCONF 1
#define HAVE_DECL_BASENAME 1
#define HAVE_DECL_FFS 1
#define HAVE_DECL_STPCPY 1
#define HAVE_DECL_ASPRINTF 1
#define HAVE_DECL_VASPRINTF 1
#define HAVE_DECL_STRNLEN 1
#define HAVE_DECL____LC_CODEPAGE_FUNC 0
#define HAVE_HIDDEN 1
#define HAVE_FTELLO 1
#define HAVE_FTELLO64 1
#define HAVE_FSEEKO 1
#define HAVE_FSEEKO64 1
#define HAVE_FOPEN64 1
#define HAVE_DECL_FTELLO 1
#define HAVE_DECL_FTELLO64 1
#define HAVE_DECL_FSEEKO 1
#define HAVE_DECL_FSEEKO64 1
#define HAVE_DECL_FOPEN64 1
#define SIZEOF_OFF_T 8
#define HAVE_STDLIB_H 1
#define HAVE_UNISTD_H 1
#define HAVE_SYS_PARAM_H 1
#define HAVE_GETPAGESIZE 1
#define HAVE_MMAP 1
#define HAVE_MADVISE 1
#define HAVE_MPROTECT 1

configure: exit 0

## ---------------------- ##
## Running config.status. ##
## ---------------------- ##

This file was extended by bfd config.status 2.41.50, which was
generated by GNU Autoconf 2.69.  Invocation command line was

  CONFIG_FILES    = po/Makefile.in:po/Make-in
  CONFIG_HEADERS  = 
  CONFIG_LINKS    = 
  CONFIG_COMMANDS = 
  $ ./config.status 

on leonardo-virtual-machine

config.status:1207: creating po/Makefile.in
config.status:1421: executing depfiles commands
config.status:1421: executing libtool commands
config.status:1421: executing default-1 commands
config.status:1421: executing default commands
