This file contains any messages produced by compilers while
running configure, to aid debugging if configure makes a mistake.

It was created by configure, which was
generated by GNU Autoconf 2.69.  Invocation command line was

  $ gdb-14.2/configure --target=i686-elf --prefix=/home/leonardo/Documents/GitHub/GCC-Cross-Compiler-Creation/cross --disable-werror

## --------- ##
## Platform. ##
## --------- ##

hostname = leonardo-virtual-machine
uname -m = x86_64
uname -r = 6.5.0-35-generic
uname -s = Linux
uname -v = #35~22.04.1-Ubuntu SMP PREEMPT_DYNAMIC Tue May  7 09:00:52 UTC 2

/usr/bin/uname -p = x86_64
/bin/uname -X     = unknown

/bin/arch              = x86_64
/usr/bin/arch -k       = unknown
/usr/convex/getsysinfo = unknown
/usr/bin/hostinfo      = unknown
/bin/machine           = unknown
/usr/bin/oslevel       = unknown
/bin/universe          = unknown

PATH: /home/leonardo/Documents/GitHub/GCC-Cross-Compiler-Creation/cross/bin
PATH: /home/leonardo/.nvm/versions/node/v16.20.2/bin
PATH: /usr/local/sbin
PATH: /usr/local/bin
PATH: /usr/sbin
PATH: /usr/bin
PATH: /sbin
PATH: /bin
PATH: /usr/games
PATH: /usr/local/games
PATH: /snap/bin
PATH: /snap/bin


## ----------- ##
## Core tests. ##
## ----------- ##

configure:2400: checking build system type
configure:2414: result: x86_64-pc-linux-gnu
configure:2461: checking host system type
configure:2474: result: x86_64-pc-linux-gnu
configure:2494: checking target system type
configure:2507: result: i686-pc-elf
configure:2561: checking for a BSD-compatible install
configure:2629: result: /usr/bin/install -c
configure:2640: checking whether ln works
configure:2662: result: yes
configure:2666: checking whether ln -s works
configure:2670: result: yes
configure:2677: checking for a sed that does not truncate output
configure:2741: result: /usr/bin/sed
configure:2750: checking for gawk
configure:2780: result: no
configure:2750: checking for mawk
configure:2766: found /usr/bin/mawk
configure:2777: result: mawk
configure:3618: checking for gdbserver support
configure:3624: result: no
configure:4221: checking for gcc
configure:4237: found /usr/bin/gcc
configure:4248: result: gcc
configure:4477: checking for C compiler version
configure:4486: gcc --version >&5
gcc (Ubuntu 11.4.0-1ubuntu1~22.04) 11.4.0
Copyright (C) 2021 Free Software Foundation, Inc.
This is free software; see the source for copying conditions.  There is NO
warranty; not even for MERCHANTABILITY or FITNESS FOR A PARTICULAR PURPOSE.

configure:4497: $? = 0
configure:4486: gcc -v >&5
Using built-in specs.
COLLECT_GCC=gcc
COLLECT_LTO_WRAPPER=/usr/lib/gcc/x86_64-linux-gnu/11/lto-wrapper
OFFLOAD_TARGET_NAMES=nvptx-none:amdgcn-amdhsa
OFFLOAD_TARGET_DEFAULT=1
Target: x86_64-linux-gnu
Configured with: ../src/configure -v --with-pkgversion='Ubuntu 11.4.0-1ubuntu1~22.04' --with-bugurl=file:///usr/share/doc/gcc-11/README.Bugs --enable-languages=c,ada,c++,go,brig,d,fortran,objc,obj-c++,m2 --prefix=/usr --with-gcc-major-version-only --program-suffix=-11 --program-prefix=x86_64-linux-gnu- --enable-shared --enable-linker-build-id --libexecdir=/usr/lib --without-included-gettext --enable-threads=posix --libdir=/usr/lib --enable-nls --enable-bootstrap --enable-clocale=gnu --enable-libstdcxx-debug --enable-libstdcxx-time=yes --with-default-libstdcxx-abi=new --enable-gnu-unique-object --disable-vtable-verify --enable-plugin --enable-default-pie --with-system-zlib --enable-libphobos-checking=release --with-target-system-zlib=auto --enable-objc-gc=auto --enable-multiarch --disable-werror --enable-cet --with-arch-32=i686 --with-abi=m64 --with-multilib-list=m32,m64,mx32 --enable-multilib --with-tune=generic --enable-offload-targets=nvptx-none=/build/gcc-11-XeT9lY/gcc-11-11.4.0/debian/tmp-nvptx/usr,amdgcn-amdhsa=/build/gcc-11-XeT9lY/gcc-11-11.4.0/debian/tmp-gcn/usr --without-cuda-driver --enable-checking=release --build=x86_64-linux-gnu --host=x86_64-linux-gnu --target=x86_64-linux-gnu --with-build-config=bootstrap-lto-lean --enable-link-serialization=2
Thread model: posix
Supported LTO compression algorithms: zlib zstd
gcc version 11.4.0 (Ubuntu 11.4.0-1ubuntu1~22.04) 
... rest of stderr output deleted ...
configure:4497: $? = 0
configure:4486: gcc -V >&5
gcc: error: unrecognized command-line option '-V'
gcc: fatal error: no input files
compilation terminated.
configure:4497: $? = 1
configure:4486: gcc -qversion >&5
gcc: error: unrecognized command-line option '-qversion'; did you mean '--version'?
gcc: fatal error: no input files
compilation terminated.
configure:4497: $? = 1
configure:4517: checking whether the C compiler works
configure:4539: gcc    conftest.c  >&5
configure:4543: $? = 0
configure:4591: result: yes
configure:4594: checking for C compiler default output file name
configure:4596: result: a.out
configure:4602: checking for suffix of executables
configure:4609: gcc -o conftest    conftest.c  >&5
configure:4613: $? = 0
configure:4635: result: 
configure:4657: checking whether we are cross compiling
configure:4665: gcc -o conftest    conftest.c  >&5
configure:4669: $? = 0
configure:4676: ./conftest
configure:4680: $? = 0
configure:4695: result: no
configure:4700: checking for suffix of object files
configure:4722: gcc -c   conftest.c >&5
configure:4726: $? = 0
configure:4747: result: o
configure:4751: checking whether we are using the GNU C compiler
configure:4770: gcc -c   conftest.c >&5
configure:4770: $? = 0
configure:4779: result: yes
configure:4788: checking whether gcc accepts -g
configure:4808: gcc -c -g  conftest.c >&5
configure:4808: $? = 0
configure:4849: result: yes
configure:4866: checking for gcc option to accept ISO C89
configure:4929: gcc  -c -g -O2  conftest.c >&5
configure:4929: $? = 0
configure:4942: result: none needed
configure:4962: checking for gcc option to accept ISO C99
configure:5111: gcc  -c -g -O2  conftest.c >&5
configure:5111: $? = 0
configure:5124: result: none needed
configure:5197: checking for g++
configure:5213: found /usr/bin/g++
configure:5224: result: g++
configure:5251: checking for C++ compiler version
configure:5260: g++ --version >&5
g++ (Ubuntu 11.4.0-1ubuntu1~22.04) 11.4.0
Copyright (C) 2021 Free Software Foundation, Inc.
This is free software; see the source for copying conditions.  There is NO
warranty; not even for MERCHANTABILITY or FITNESS FOR A PARTICULAR PURPOSE.

configure:5271: $? = 0
configure:5260: g++ -v >&5
Using built-in specs.
COLLECT_GCC=g++
COLLECT_LTO_WRAPPER=/usr/lib/gcc/x86_64-linux-gnu/11/lto-wrapper
OFFLOAD_TARGET_NAMES=nvptx-none:amdgcn-amdhsa
OFFLOAD_TARGET_DEFAULT=1
Target: x86_64-linux-gnu
Configured with: ../src/configure -v --with-pkgversion='Ubuntu 11.4.0-1ubuntu1~22.04' --with-bugurl=file:///usr/share/doc/gcc-11/README.Bugs --enable-languages=c,ada,c++,go,brig,d,fortran,objc,obj-c++,m2 --prefix=/usr --with-gcc-major-version-only --program-suffix=-11 --program-prefix=x86_64-linux-gnu- --enable-shared --enable-linker-build-id --libexecdir=/usr/lib --without-included-gettext --enable-threads=posix --libdir=/usr/lib --enable-nls --enable-bootstrap --enable-clocale=gnu --enable-libstdcxx-debug --enable-libstdcxx-time=yes --with-default-libstdcxx-abi=new --enable-gnu-unique-object --disable-vtable-verify --enable-plugin --enable-default-pie --with-system-zlib --enable-libphobos-checking=release --with-target-system-zlib=auto --enable-objc-gc=auto --enable-multiarch --disable-werror --enable-cet --with-arch-32=i686 --with-abi=m64 --with-multilib-list=m32,m64,mx32 --enable-multilib --with-tune=generic --enable-offload-targets=nvptx-none=/build/gcc-11-XeT9lY/gcc-11-11.4.0/debian/tmp-nvptx/usr,amdgcn-amdhsa=/build/gcc-11-XeT9lY/gcc-11-11.4.0/debian/tmp-gcn/usr --without-cuda-driver --enable-checking=release --build=x86_64-linux-gnu --host=x86_64-linux-gnu --target=x86_64-linux-gnu --with-build-config=bootstrap-lto-lean --enable-link-serialization=2
Thread model: posix
Supported LTO compression algorithms: zlib zstd
gcc version 11.4.0 (Ubuntu 11.4.0-1ubuntu1~22.04) 
... rest of stderr output deleted ...
configure:5271: $? = 0
configure:5260: g++ -V >&5
g++: error: unrecognized command-line option '-V'
g++: fatal error: no input files
compilation terminated.
configure:5271: $? = 1
configure:5260: g++ -qversion >&5
g++: error: unrecognized command-line option '-qversion'; did you mean '--version'?
g++: fatal error: no input files
compilation terminated.
configure:5271: $? = 1
configure:5275: checking whether we are using the GNU C++ compiler
configure:5294: g++ -c   conftest.cpp >&5
configure:5294: $? = 0
configure:5303: result: yes
configure:5312: checking whether g++ accepts -g
configure:5332: g++ -c -g  conftest.cpp >&5
configure:5332: $? = 0
configure:5373: result: yes
configure:5422: checking whether g++ accepts -static-libstdc++ -static-libgcc
configure:5439: g++ -o conftest -g -O2   -static-libstdc++ -static-libgcc conftest.cpp  >&5
configure:5439: $? = 0
configure:5440: result: yes
configure:5504: checking for gnatbind
configure:5534: result: no
configure:5596: checking for gnatmake
configure:5626: result: no
configure:5645: checking whether compiler driver understands Ada and is recent enough
configure:5672: result: no
configure:5726: checking for gdc
configure:5756: result: no
configure:5775: checking whether the D compiler works
configure:5792: result: no
configure:5800: checking how to compare bootstrapped objects
configure:5825: result: cmp --ignore-initial=16 $$f1 $$f2
configure:7969: checking for objdir
configure:7984: result: .libs
configure:8154: checking for the correct version of gmp.h
configure:8173: gcc -c -g -O2   conftest.c >&5
configure:8173: $? = 0
configure:8191: gcc -c -g -O2   conftest.c >&5
configure:8191: $? = 0
configure:8192: result: yes
configure:8208: checking for the correct version of mpfr.h
configure:8226: gcc -c -g -O2   conftest.c >&5
configure:8226: $? = 0
configure:8243: gcc -c -g -O2   conftest.c >&5
configure:8243: $? = 0
configure:8244: result: yes
configure:8313: checking for the correct version of the gmp/mpfr libraries
configure:8337: gcc -o conftest -g -O2    conftest.c  -lmpfr -lgmp >&5
configure:8337: $? = 0
configure:8338: result: yes
configure:8586: checking for isl 0.15 or later
configure:8599: gcc -o conftest -g -O2      -lisl -lmpfr -lgmp conftest.c  -lisl -lgmp >&5
configure:8599: $? = 0
configure:8606: result: yes
configure:9827: checking for default BUILD_CONFIG
configure:9859: result: 
configure:9864: checking for --enable-vtable-verify
configure:9877: result: no
configure:10532: checking for bison
configure:10548: found /usr/bin/bison
configure:10559: result: bison -y
configure:10579: checking for bison
configure:10595: found /usr/bin/bison
configure:10606: result: bison
configure:10626: checking for gm4
configure:10656: result: no
configure:10626: checking for gnum4
configure:10656: result: no
configure:10626: checking for m4
configure:10642: found /usr/bin/m4
configure:10653: result: m4
configure:10673: checking for flex
configure:10689: found /usr/bin/flex
configure:10700: result: flex
configure:10721: checking for flex
configure:10737: found /usr/bin/flex
configure:10748: result: flex
configure:10768: checking for makeinfo
configure:10784: found /usr/bin/makeinfo
configure:10795: result: makeinfo
configure:10829: checking for expect
configure:10859: result: no
configure:10878: checking for runtest
configure:10908: result: no
configure:11023: checking for ar
configure:11039: found /usr/bin/ar
configure:11050: result: ar
configure:11164: checking for as
configure:11180: found /usr/bin/as
configure:11191: result: as
configure:11305: checking for dlltool
configure:11335: result: no
configure:11446: checking for dsymutil
configure:11476: result: no
configure:11587: checking for ld
configure:11603: found /usr/bin/ld
configure:11614: result: ld
configure:11728: checking for lipo
configure:11758: result: no
configure:11869: checking for nm
configure:11885: found /usr/bin/nm
configure:11896: result: nm
configure:12010: checking for ranlib
configure:12026: found /usr/bin/ranlib
configure:12037: result: ranlib
configure:12146: checking for strip
configure:12162: found /usr/bin/strip
configure:12173: result: strip
configure:12282: checking for windres
configure:12312: result: no
configure:12423: checking for windmc
configure:12453: result: no
configure:12564: checking for objcopy
configure:12580: found /usr/bin/objcopy
configure:12591: result: objcopy
configure:12705: checking for objdump
configure:12721: found /usr/bin/objdump
configure:12732: result: objdump
configure:12846: checking for otool
configure:12876: result: no
configure:12987: checking for readelf
configure:13003: found /usr/bin/readelf
configure:13014: result: readelf
configure:13044: checking for -plugin option
configure:13164: result: --plugin /usr/lib/gcc/x86_64-linux-gnu/11/liblto_plugin.so
configure:13272: checking for i686-elf-cc
configure:13302: result: no
configure:13272: checking for i686-elf-gcc
configure:13302: result: no
configure:13433: checking for i686-elf-c++
configure:13463: result: no
configure:13433: checking for i686-elf-g++
configure:13463: result: no
configure:13433: checking for i686-elf-cxx
configure:13463: result: no
configure:13433: checking for i686-elf-gxx
configure:13463: result: no
configure:13594: checking for i686-elf-gcc
configure:13624: result: no
configure:13750: checking for i686-elf-gfortran
configure:13780: result: no
configure:13911: checking for i686-elf-gccgo
configure:13941: result: no
configure:14072: checking for i686-elf-gdc
configure:14102: result: no
configure:14233: checking for i686-elf-gm2
configure:14263: result: no
configure:14474: checking for i686-elf-ar
configure:14490: found /home/leonardo/Documents/GitHub/GCC-Cross-Compiler-Creation/cross/bin/i686-elf-ar
configure:14501: result: i686-elf-ar
configure:14704: checking for i686-elf-as
configure:14720: found /home/leonardo/Documents/GitHub/GCC-Cross-Compiler-Creation/cross/bin/i686-elf-as
configure:14731: result: i686-elf-as
configure:14934: checking for i686-elf-dlltool
configure:14964: result: no
configure:15164: checking for i686-elf-dsymutil
configure:15194: result: no
configure:15394: checking for i686-elf-ld
configure:15410: found /home/leonardo/Documents/GitHub/GCC-Cross-Compiler-Creation/cross/bin/i686-elf-ld
configure:15421: result: i686-elf-ld
configure:15624: checking for i686-elf-lipo
configure:15654: result: no
configure:15854: checking for i686-elf-nm
configure:15870: found /home/leonardo/Documents/GitHub/GCC-Cross-Compiler-Creation/cross/bin/i686-elf-nm
configure:15881: result: i686-elf-nm
configure:16084: checking for i686-elf-objcopy
configure:16100: found /home/leonardo/Documents/GitHub/GCC-Cross-Compiler-Creation/cross/bin/i686-elf-objcopy
configure:16111: result: i686-elf-objcopy
configure:16314: checking for i686-elf-objdump
configure:16330: found /home/leonardo/Documents/GitHub/GCC-Cross-Compiler-Creation/cross/bin/i686-elf-objdump
configure:16341: result: i686-elf-objdump
configure:16544: checking for i686-elf-otool
configure:16574: result: no
configure:16774: checking for i686-elf-ranlib
configure:16790: found /home/leonardo/Documents/GitHub/GCC-Cross-Compiler-Creation/cross/bin/i686-elf-ranlib
configure:16801: result: i686-elf-ranlib
configure:17004: checking for i686-elf-readelf
configure:17020: found /home/leonardo/Documents/GitHub/GCC-Cross-Compiler-Creation/cross/bin/i686-elf-readelf
configure:17031: result: i686-elf-readelf
configure:17234: checking for i686-elf-strip
configure:17250: found /home/leonardo/Documents/GitHub/GCC-Cross-Compiler-Creation/cross/bin/i686-elf-strip
configure:17261: result: i686-elf-strip
configure:17464: checking for i686-elf-windres
configure:17494: result: no
configure:17694: checking for i686-elf-windmc
configure:17724: result: no
configure:17791: checking where to find the target ar
configure:17828: result: pre-installed
configure:17833: checking where to find the target as
configure:17870: result: pre-installed
configure:17875: checking where to find the target cc
configure:17912: result: pre-installed
configure:17917: checking where to find the target c++
configure:17957: result: pre-installed
configure:17962: checking where to find the target c++ for libstdc++
configure:18002: result: pre-installed
configure:18007: checking where to find the target dlltool
configure:18044: result: pre-installed
configure:18049: checking where to find the target dsymutil
configure:18075: result: pre-installed
configure:18080: checking where to find the target gcc
configure:18117: result: pre-installed
configure:18122: checking where to find the target gfortran
configure:18162: result: pre-installed
configure:18167: checking where to find the target gccgo
configure:18207: result: pre-installed
configure:18212: checking where to find the target gdc
configure:18252: result: pre-installed
configure:18257: checking where to find the target gm2
configure:18297: result: pre-installed
configure:18302: checking where to find the target ld
configure:18339: result: pre-installed
configure:18344: checking where to find the target lipo
configure:18370: result: pre-installed
configure:18375: checking where to find the target nm
configure:18412: result: pre-installed
configure:18417: checking where to find the target objcopy
configure:18454: result: pre-installed
configure:18459: checking where to find the target objdump
configure:18496: result: pre-installed
configure:18501: checking where to find the target otool
configure:18527: result: pre-installed
configure:18532: checking where to find the target ranlib
configure:18569: result: pre-installed
configure:18574: checking where to find the target readelf
configure:18611: result: pre-installed
configure:18616: checking where to find the target strip
configure:18653: result: pre-installed
configure:18658: checking where to find the target windres
configure:18695: result: pre-installed
configure:18700: checking where to find the target windmc
configure:18737: result: pre-installed
configure:18770: checking whether to enable maintainer-specific portions of Makefiles
configure:18779: result: no
configure:19016: creating ./config.status

## ---------------------- ##
## Running config.status. ##
## ---------------------- ##

This file was extended by config.status, which was
generated by GNU Autoconf 2.69.  Invocation command line was

  CONFIG_FILES    = 
  CONFIG_HEADERS  = 
  CONFIG_LINKS    = 
  CONFIG_COMMANDS = 
  $ ./config.status 

on leonardo-virtual-machine

config.status:1021: creating Makefile

## ---------------- ##
## Cache variables. ##
## ---------------- ##

ac_cv_build=x86_64-pc-linux-gnu
ac_cv_c_compiler_gnu=yes
ac_cv_cxx_compiler_gnu=yes
ac_cv_env_AR_FOR_TARGET_set=
ac_cv_env_AR_FOR_TARGET_value=
ac_cv_env_AR_set=
ac_cv_env_AR_value=
ac_cv_env_AS_FOR_TARGET_set=
ac_cv_env_AS_FOR_TARGET_value=
ac_cv_env_AS_set=
ac_cv_env_AS_value=
ac_cv_env_CCC_set=
ac_cv_env_CCC_value=
ac_cv_env_CC_FOR_TARGET_set=
ac_cv_env_CC_FOR_TARGET_value=
ac_cv_env_CC_set=
ac_cv_env_CC_value=
ac_cv_env_CFLAGS_set=
ac_cv_env_CFLAGS_value=
ac_cv_env_CPPFLAGS_set=
ac_cv_env_CPPFLAGS_value=
ac_cv_env_CXXFLAGS_set=
ac_cv_env_CXXFLAGS_value=
ac_cv_env_CXX_FOR_TARGET_set=
ac_cv_env_CXX_FOR_TARGET_value=
ac_cv_env_CXX_set=
ac_cv_env_CXX_value=
ac_cv_env_DLLTOOL_FOR_TARGET_set=
ac_cv_env_DLLTOOL_FOR_TARGET_value=
ac_cv_env_DLLTOOL_set=
ac_cv_env_DLLTOOL_value=
ac_cv_env_DSYMUTIL_FOR_TARGET_set=
ac_cv_env_DSYMUTIL_FOR_TARGET_value=
ac_cv_env_DSYMUTIL_set=
ac_cv_env_DSYMUTIL_value=
ac_cv_env_GCC_FOR_TARGET_set=
ac_cv_env_GCC_FOR_TARGET_value=
ac_cv_env_GDC_FOR_TARGET_set=
ac_cv_env_GDC_FOR_TARGET_value=
ac_cv_env_GFORTRAN_FOR_TARGET_set=
ac_cv_env_GFORTRAN_FOR_TARGET_value=
ac_cv_env_GM2_FOR_TARGET_set=
ac_cv_env_GM2_FOR_TARGET_value=
ac_cv_env_GOC_FOR_TARGET_set=
ac_cv_env_GOC_FOR_TARGET_value=
ac_cv_env_LDFLAGS_set=
ac_cv_env_LDFLAGS_value=
ac_cv_env_LD_FOR_TARGET_set=
ac_cv_env_LD_FOR_TARGET_value=
ac_cv_env_LD_set=
ac_cv_env_LD_value=
ac_cv_env_LIBS_set=
ac_cv_env_LIBS_value=
ac_cv_env_LIPO_FOR_TARGET_set=
ac_cv_env_LIPO_FOR_TARGET_value=
ac_cv_env_LIPO_set=
ac_cv_env_LIPO_value=
ac_cv_env_NM_FOR_TARGET_set=
ac_cv_env_NM_FOR_TARGET_value=
ac_cv_env_NM_set=
ac_cv_env_NM_value=
ac_cv_env_OBJCOPY_FOR_TARGET_set=
ac_cv_env_OBJCOPY_FOR_TARGET_value=
ac_cv_env_OBJCOPY_set=
ac_cv_env_OBJCOPY_value=
ac_cv_env_OBJDUMP_FOR_TARGET_set=
ac_cv_env_OBJDUMP_FOR_TARGET_value=
ac_cv_env_OBJDUMP_set=
ac_cv_env_OBJDUMP_value=
ac_cv_env_OTOOL_FOR_TARGET_set=
ac_cv_env_OTOOL_FOR_TARGET_value=
ac_cv_env_OTOOL_set=
ac_cv_env_OTOOL_value=
ac_cv_env_RANLIB_FOR_TARGET_set=
ac_cv_env_RANLIB_FOR_TARGET_value=
ac_cv_env_RANLIB_set=
ac_cv_env_RANLIB_value=
ac_cv_env_READELF_FOR_TARGET_set=
ac_cv_env_READELF_FOR_TARGET_value=
ac_cv_env_READELF_set=
ac_cv_env_READELF_value=
ac_cv_env_STRIP_FOR_TARGET_set=
ac_cv_env_STRIP_FOR_TARGET_value=
ac_cv_env_STRIP_set=
ac_cv_env_STRIP_value=
ac_cv_env_WINDMC_FOR_TARGET_set=
ac_cv_env_WINDMC_FOR_TARGET_value=
ac_cv_env_WINDMC_set=
ac_cv_env_WINDMC_value=
ac_cv_env_WINDRES_FOR_TARGET_set=
ac_cv_env_WINDRES_FOR_TARGET_value=
ac_cv_env_WINDRES_set=
ac_cv_env_WINDRES_value=
ac_cv_env_build_alias_set=
ac_cv_env_build_alias_value=
ac_cv_env_build_configargs_set=
ac_cv_env_build_configargs_value=
ac_cv_env_host_alias_set=
ac_cv_env_host_alias_value=
ac_cv_env_host_configargs_set=
ac_cv_env_host_configargs_value=
ac_cv_env_target_alias_set=set
ac_cv_env_target_alias_value=i686-elf
ac_cv_env_target_configargs_set=
ac_cv_env_target_configargs_value=
ac_cv_host=x86_64-pc-linux-gnu
ac_cv_objext=o
ac_cv_path_SED=/usr/bin/sed
ac_cv_path_install='/usr/bin/install -c'
ac_cv_prog_AR=ar
ac_cv_prog_AR_FOR_TARGET=i686-elf-ar
ac_cv_prog_AS=as
ac_cv_prog_AS_FOR_TARGET=i686-elf-as
ac_cv_prog_AWK=mawk
ac_cv_prog_BISON=bison
ac_cv_prog_FLEX=flex
ac_cv_prog_LD=ld
ac_cv_prog_LD_FOR_TARGET=i686-elf-ld
ac_cv_prog_LEX=flex
ac_cv_prog_M4=m4
ac_cv_prog_MAKEINFO=makeinfo
ac_cv_prog_NM=nm
ac_cv_prog_NM_FOR_TARGET=i686-elf-nm
ac_cv_prog_OBJCOPY=objcopy
ac_cv_prog_OBJCOPY_FOR_TARGET=i686-elf-objcopy
ac_cv_prog_OBJDUMP=objdump
ac_cv_prog_OBJDUMP_FOR_TARGET=i686-elf-objdump
ac_cv_prog_RANLIB=ranlib
ac_cv_prog_RANLIB_FOR_TARGET=i686-elf-ranlib
ac_cv_prog_READELF=readelf
ac_cv_prog_READELF_FOR_TARGET=i686-elf-readelf
ac_cv_prog_STRIP=strip
ac_cv_prog_STRIP_FOR_TARGET=i686-elf-strip
ac_cv_prog_YACC='bison -y'
ac_cv_prog_ac_ct_CC=gcc
ac_cv_prog_ac_ct_CXX=g++
ac_cv_prog_cc_c89=
ac_cv_prog_cc_c99=
ac_cv_prog_cc_g=yes
ac_cv_prog_cxx_g=yes
ac_cv_target=i686-pc-elf
acx_cv_cc_gcc_supports_ada=no
acx_cv_d_compiler_works=no
acx_cv_prog_LN=ln
gcc_cv_isl=yes
gcc_cv_prog_cmp_skip='cmp --ignore-initial=16 $$f1 $$f2'
gcc_cv_tool_dirs=
gcc_cv_tool_prefix=/home/leonardo/Documents/GitHub/GCC-Cross-Compiler-Creation/cross
lt_cv_objdir=.libs

## ----------------- ##
## Output variables. ##
## ----------------- ##

AR='ar'
AR_FOR_BUILD='$(AR)'
AR_FOR_TARGET='i686-elf-ar'
AR_PLUGIN_OPTION='--plugin /usr/lib/gcc/x86_64-linux-gnu/11/liblto_plugin.so'
AS='as'
AS_FOR_BUILD='$(AS)'
AS_FOR_TARGET='i686-elf-as'
AWK='mawk'
BISON='bison'
BUILD_CONFIG=''
CC='gcc'
CC_FOR_BUILD='$(CC)'
CC_FOR_TARGET='i686-elf-cc'
CFLAGS='-g -O2'
CFLAGS_FOR_BUILD='-g -O2'
CFLAGS_FOR_TARGET='-g -O2'
COMPILER_AS_FOR_TARGET='$(AS_FOR_TARGET)'
COMPILER_LD_FOR_TARGET='$(LD_FOR_TARGET)'
COMPILER_NM_FOR_TARGET='$(NM_FOR_TARGET)'
CONFIGURE_GDB_TK=''
CPPFLAGS=''
CPPFLAGS_FOR_BUILD=''
CPP_FOR_BUILD=''
CXX='g++'
CXXFLAGS='-g -O2'
CXXFLAGS_FOR_BUILD='-g -O2'
CXXFLAGS_FOR_TARGET='-g -O2'
CXX_FOR_BUILD='$(CXX)'
CXX_FOR_TARGET='i686-elf-c++'
DEBUG_PREFIX_CFLAGS_FOR_TARGET=''
DEFS='-DPACKAGE_NAME=\"\" -DPACKAGE_TARNAME=\"\" -DPACKAGE_VERSION=\"\" -DPACKAGE_STRING=\"\" -DPACKAGE_BUGREPORT=\"\" -DPACKAGE_URL=\"\" -DLT_OBJDIR=\".libs/\"'
DLLTOOL='dlltool'
DLLTOOL_FOR_BUILD='$(DLLTOOL)'
DLLTOOL_FOR_TARGET='i686-elf-dlltool'
DSYMUTIL='dsymutil'
DSYMUTIL_FOR_BUILD='$(DSYMUTIL)'
DSYMUTIL_FOR_TARGET='i686-elf-dsymutil'
ECHO_C=''
ECHO_N='-n'
ECHO_T=''
EXEEXT=''
EXPECT='expect'
FLAGS_FOR_TARGET=''
FLEX='flex'
GCC_FOR_TARGET='i686-elf-gcc'
GCC_SHLIB_SUBDIR=''
GDB_TK=''
GDC='no'
GDCFLAGS='-g -O2'
GDC_FOR_BUILD='$(GDC)'
GDC_FOR_TARGET='i686-elf-gdc'
GFORTRAN_FOR_BUILD='$(GFORTRAN)'
GFORTRAN_FOR_TARGET='i686-elf-gfortran'
GM2_FOR_TARGET='i686-elf-gm2'
GNATBIND='no'
GNATMAKE='no'
GOC_FOR_BUILD='$(GOC)'
GOC_FOR_TARGET='i686-elf-gccgo'
HAVE_CXX11=''
HAVE_CXX11_FOR_BUILD=''
INSTALL_DATA='${INSTALL} -m 644'
INSTALL_GDB_TK=''
INSTALL_PROGRAM='${INSTALL}'
INSTALL_SCRIPT='${INSTALL}'
LD='ld'
LDFLAGS=''
LDFLAGS_FOR_BUILD=''
LDFLAGS_FOR_TARGET=''
LD_FOR_BUILD='$(LD)'
LD_FOR_TARGET='i686-elf-ld'
LEX='flex'
LIBOBJS=''
LIBS=''
LIPO='lipo'
LIPO_FOR_TARGET='i686-elf-lipo'
LN='ln'
LN_S='ln -s'
LTLIBOBJS=''
M4='m4'
MAINT='#'
MAINTAINER_MODE_FALSE=''
MAINTAINER_MODE_TRUE='#'
MAKEINFO='makeinfo'
NM='nm'
NM_FOR_BUILD='$(NM)'
NM_FOR_TARGET='i686-elf-nm'
OBJCOPY='objcopy'
OBJCOPY_FOR_TARGET='i686-elf-objcopy'
OBJDUMP='objdump'
OBJDUMP_FOR_TARGET='i686-elf-objdump'
OBJEXT='o'
OTOOL='otool'
OTOOL_FOR_TARGET='i686-elf-otool'
PACKAGE_BUGREPORT=''
PACKAGE_NAME=''
PACKAGE_STRING=''
PACKAGE_TARNAME=''
PACKAGE_URL=''
PACKAGE_VERSION=''
PATH_SEPARATOR=':'
PGO_BUILD_GEN_CFLAGS=''
PGO_BUILD_LTO_CFLAGS=''
PGO_BUILD_USE_CFLAGS=''
PICFLAG=''
PKG_CONFIG_PATH=''
RANLIB='ranlib'
RANLIB_FOR_BUILD='$(RANLIB)'
RANLIB_FOR_TARGET='i686-elf-ranlib'
RANLIB_PLUGIN_OPTION='--plugin /usr/lib/gcc/x86_64-linux-gnu/11/liblto_plugin.so'
RAW_CXX_FOR_TARGET='i686-elf-c++'
READELF='readelf'
READELF_FOR_TARGET='i686-elf-readelf'
RPATH_ENVVAR='LD_LIBRARY_PATH'
RUNTEST='runtest'
SED='/usr/bin/sed'
SHELL='/bin/bash'
STRIP='strip'
STRIP_FOR_TARGET='i686-elf-strip'
SYSROOT_CFLAGS_FOR_TARGET=''
TOPLEVEL_CONFIGURE_ARGUMENTS='gdb-14.2/configure --target=i686-elf --prefix=/home/leonardo/Documents/GitHub/GCC-Cross-Compiler-Creation/cross --disable-werror'
WINDMC='windmc'
WINDMC_FOR_BUILD='$(WINDMC)'
WINDMC_FOR_TARGET='i686-elf-windmc'
WINDRES='windres'
WINDRES_FOR_BUILD='$(WINDRES)'
WINDRES_FOR_TARGET='i686-elf-windres'
YACC='bison -y'
ac_ct_CC='gcc'
ac_ct_CXX='g++'
bindir='${exec_prefix}/bin'
build='x86_64-pc-linux-gnu'
build_alias=''
build_configargs=' --cache-file=./config.cache '\''--prefix=/home/leonardo/Documents/GitHub/GCC-Cross-Compiler-Creation/cross'\'' '\''--disable-werror'\'' --program-transform-name='\''s&^&i686-elf-&'\'' --disable-option-checking --disable-year2038'
build_configdirs=' libiberty'
build_cpu='x86_64'
build_libsubdir='build-x86_64-pc-linux-gnu'
build_noncanonical='x86_64-pc-linux-gnu'
build_os='linux-gnu'
build_subdir='build-x86_64-pc-linux-gnu'
build_tooldir='${exec_prefix}/i686-elf'
build_vendor='pc'
compare_exclusions='gcc/cc*-checksum$(objext) | gcc/ada/*tools/* | gcc/m2/gm2-compiler-boot/M2Version* | gcc/m2/gm2-compiler-boot/SYSTEM* | gcc/m2/gm2version*'
configdirs=' intl libiberty opcodes bfd readline zlib libbacktrace libdecnumber libctf libsframe sim gdb etc gnulib gdbsupport'
datadir='${datarootdir}'
datarootdir='${prefix}/share'
do_compare='cmp --ignore-initial=16 $$f1 $$f2'
docdir='${datarootdir}/doc/${PACKAGE}'
dvidir='${docdir}'
exec_prefix='${prefix}'
extra_host_libiberty_configure_flags=''
extra_host_zlib_configure_flags=''
extra_isl_gmp_configure_flags=''
extra_linker_plugin_configure_flags=''
extra_linker_plugin_flags=''
extra_mpc_gmp_configure_flags=''
extra_mpc_mpfr_configure_flags=''
extra_mpfr_configure_flags=''
gcc_host_pie=''
get_gcc_base_ver='cat'
gmpinc=''
gmplibs='-lmpfr -lgmp'
host='x86_64-pc-linux-gnu'
host_alias=''
host_configargs=' --cache-file=./config.cache  '\''--prefix=/home/leonardo/Documents/GitHub/GCC-Cross-Compiler-Creation/cross'\'' '\''--disable-werror'\'' --program-transform-name='\''s&^&i686-elf-&'\'' --disable-option-checking --disable-year2038'
host_cpu='x86_64'
host_libs_picflag=''
host_noncanonical='x86_64-pc-linux-gnu'
host_os='linux-gnu'
host_pie='no'
host_shared='no'
host_subdir='.'
host_vendor='pc'
htmldir='${docdir}'
includedir='${prefix}/include'
infodir='${datarootdir}/info'
islinc=''
isllibs=' -lisl'
libdir='${exec_prefix}/lib'
libexecdir='${exec_prefix}/libexec'
localedir='${datarootdir}/locale'
localstatedir='${prefix}/var'
mandir='${datarootdir}/man'
oldincludedir='/usr/include'
pdfdir='${docdir}'
poststage1_ldflags='-static-libstdc++ -static-libgcc'
poststage1_libs=''
prefix='/home/leonardo/Documents/GitHub/GCC-Cross-Compiler-Creation/cross'
program_transform_name='s&^&i686-elf-&'
psdir='${docdir}'
sbindir='${exec_prefix}/sbin'
sharedstatedir='${prefix}/com'
stage1_cflags='-g'
stage1_checking='--enable-checking=yes,types'
stage1_languages=',c,'
stage1_ldflags=''
stage1_libs=''
stage2_werror_flag=''
sysconfdir='${prefix}/etc'
target='i686-pc-elf'
target_alias='i686-elf'
target_configargs='--cache-file=./config.cache --enable-multilib --with-cross-host=x86_64-pc-linux-gnu   '\''--prefix=/home/leonardo/Documents/GitHub/GCC-Cross-Compiler-Creation/cross'\'' '\''--disable-werror'\'' --program-transform-name='\''s&^&i686-elf-&'\'' --disable-option-checking --disable-year2038'
target_configdirs=''
target_cpu='i686'
target_noncanonical='i686-elf'
target_os='elf'
target_subdir='i686-elf'
target_vendor='pc'
tooldir='${exec_prefix}/i686-elf'

## ------------------- ##
## File substitutions. ##
## ------------------- ##

alphaieee_frag='/dev/null'
host_makefile_frag='/dev/null'
ospace_frag='/dev/null'
serialization_dependencies='serdep.tmp'
target_makefile_frag='/dev/null'

## ----------- ##
## confdefs.h. ##
## ----------- ##

/* confdefs.h */
#define PACKAGE_NAME ""
#define PACKAGE_TARNAME ""
#define PACKAGE_VERSION ""
#define PACKAGE_STRING ""
#define PACKAGE_BUGREPORT ""
#define PACKAGE_URL ""
#define LT_OBJDIR ".libs/"

configure: exit 0
